124
6
0 3
1 2
2 3
3 4
4 6
5 6
7
0 1
0 5
1 3
1 4
2 3
3 6
5 7
5
0 1
0 5
1 2
1 4
2 3
19
0 1
0 18
0 4
2 11
2 19
3 16
3 10
3 13
5 6
6 9
6 18
7 17
7 19
7 9
8 15
9 15
9 14
12 15
16 19
99
0 99
1 99
2 99
3 99
4 99
5 99
6 99
7 99
8 99
9 99
10 99
11 99
12 99
13 99
14 99
15 99
16 99
17 99
18 99
19 99
20 99
21 99
22 99
23 99
24 99
25 99
26 99
27 99
28 99
29 99
30 99
31 99
32 99
33 99
34 99
35 99
36 99
37 99
38 99
39 99
40 99
41 99
42 99
43 99
44 99
45 99
46 99
47 99
48 99
49 99
50 99
51 99
52 99
53 99
54 99
55 99
56 99
57 99
58 99
59 99
60 99
61 99
62 99
63 99
64 99
65 99
66 99
67 99
68 99
69 99
70 99
71 99
72 99
73 99
74 99
75 99
76 99
77 99
78 99
79 99
80 99
81 99
82 99
83 99
84 99
85 99
86 99
87 99
88 99
89 99
90 99
91 99
92 99
93 99
94 99
95 99
96 99
97 99
98 99
99
0 1
0 2
0 98
3 98
3 4
3 5
6 8
6 98
6 7
9 10
9 11
9 98
12 98
12 13
12 14
15 16
15 17
15 98
18 98
18 19
18 20
21 98
21 22
21 23
24 25
24 26
24 98
27 98
27 28
27 29
30 32
30 98
30 31
33 34
33 35
33 98
36 98
36 37
36 38
39 40
39 41
39 98
42 98
42 43
42 44
45 98
45 46
45 47
48 49
48 50
48 98
50 51
50 99
52 99
53 99
54 99
55 99
56 99
57 99
58 99
59 99
60 99
61 99
62 99
63 99
64 99
65 99
66 99
67 99
68 99
69 99
70 99
71 99
72 99
73 99
74 99
75 99
76 99
77 99
78 99
79 99
80 99
81 99
82 99
83 99
84 99
85 99
86 99
87 99
88 99
89 99
90 99
91 99
92 99
93 99
94 99
95 99
96 99
97 99
99
0 1
0 34
0 99
0 38
0 70
0 72
0 42
0 43
0 46
0 18
0 19
0 55
0 24
0 92
0 63
1 2
1 35
1 68
1 7
1 8
1 9
1 39
1 12
1 78
1 15
1 76
1 81
1 75
1 83
1 25
1 40
1 23
1 89
1 28
1 94
2 58
2 69
2 30
2 95
3 65
3 98
3 4
3 6
3 48
3 12
3 79
3 80
3 51
3 20
3 53
3 86
3 87
3 88
3 52
3 26
3 59
4 90
4 62
5 17
5 11
5 84
5 6
6 10
6 82
8 32
8 36
8 54
8 60
8 93
12 97
12 73
12 29
12 47
12 85
12 61
13 17
14 27
14 45
14 22
14 57
14 91
14 31
16 17
17 66
17 44
17 50
21 27
22 56
22 96
27 64
27 85
31 77
31 37
33 41
41 74
41 67
49 85
67 85
67 71
89
0 2
0 4
0 6
0 9
0 10
0 11
0 12
0 15
0 16
0 18
0 19
0 20
0 21
0 24
0 25
0 27
0 29
0 30
0 33
0 34
0 37
0 40
0 71
1 2
1 36
1 5
1 42
1 43
1 44
1 23
2 32
2 3
2 38
2 39
2 8
2 41
2 13
2 35
2 28
2 31
3 59
3 7
4 17
4 26
4 14
4 22
55 65
55 66
55 70
55 71
55 73
55 75
55 77
55 78
55 79
55 81
55 94
55 86
55 89
55 56
55 57
55 61
55 88
55 63
56 99
56 68
56 72
56 60
56 76
56 85
56 90
56 91
56 92
58 64
60 64
60 67
60 80
60 82
60 84
62 64
64 83
69 76
74 94
76 96
76 98
76 93
76 95
87 94
94 97
90
0 1
0 2
0 9
0 14
0 16
0 18
0 21
0 73
0 25
0 27
0 28
0 31
1 3
1 4
1 7
1 8
1 11
1 12
1 13
1 20
1 85
1 24
1 26
1 29
4 5
4 10
4 15
4 17
4 19
4 22
4 23
6 47
12 50
12 99
30 47
31 32
31 40
31 59
32 41
32 70
33 34
33 42
34 43
34 35
35 64
35 36
35 44
36 37
36 45
37 38
37 46
38 39
38 47
39 40
39 48
39 93
40 77
42 90
42 79
42 54
42 55
43 87
44 98
46 56
46 57
47 49
51 65
51 66
51 67
51 68
51 69
51 74
51 76
51 78
51 52
51 53
51 58
51 60
51 63
53 89
53 62
57 86
57 69
59 82
59 75
59 71
61 69
69 94
70 80
70 72
99
0 1
1 3
1 39
1 7
1 44
1 45
1 15
1 59
1 35
1 52
1 89
1 58
1 47
1 29
2 65
2 99
2 17
2 18
2 3
2 24
2 23
2 56
2 91
2 92
3 4
3 5
3 71
3 42
3 81
3 85
3 54
3 49
3 31
3 95
4 70
4 6
4 9
4 10
4 55
4 12
4 14
4 79
4 16
4 73
4 87
4 88
4 30
5 77
5 62
6 96
6 37
6 8
6 75
6 76
6 48
6 51
6 86
6 27
8 28
8 69
8 22
8 21
11 97
11 36
11 72
11 43
11 50
11 94
12 64
12 33
12 41
12 80
12 83
12 84
12 26
12 90
13 66
13 78
13 46
13 25
13 60
13 93
13 63
19 40
19 53
19 22
19 61
20 36
22 32
22 98
22 34
25 41
25 67
25 38
36 41
36 74
36 68
41 82
41 57
99
0 1
0 3
0 4
2 3
4 8
4 5
4 7
6 7
8 9
8 11
8 12
10 11
12 16
12 13
12 15
14 15
16 17
16 19
16 20
18 19
20 24
20 21
20 23
22 23
24 25
24 27
24 28
26 27
28 32
28 29
28 31
30 31
32 33
32 35
32 36
34 35
36 40
36 37
36 39
38 39
40 43
40 44
40 41
41 42
44 48
44 45
44 47
46 47
48 49
48 51
48 52
50 51
52 56
52 53
52 55
54 55
56 59
56 60
56 57
57 58
60 64
60 61
60 63
62 63
64 65
64 67
64 68
66 67
68 72
68 69
68 71
70 71
72 75
72 76
72 73
73 74
76 80
76 77
76 79
78 79
80 83
80 84
80 81
81 82
84 88
84 85
84 87
86 87
88 91
88 92
88 89
89 90
92 96
92 93
92 95
94 95
96 97
96 99
98 99
99
0 1
0 2
1 3
1 4
2 5
2 6
3 8
3 7
4 10
4 9
5 11
5 12
6 13
6 14
7 16
7 15
8 17
8 18
9 19
9 20
10 21
10 22
11 24
11 23
12 25
12 26
13 27
13 28
14 30
14 29
15 32
15 31
16 33
16 34
17 35
17 36
18 37
18 38
19 40
19 39
20 42
20 41
21 43
21 44
22 45
22 46
23 48
23 47
24 49
24 50
25 51
25 52
26 53
26 54
27 56
27 55
28 57
28 58
29 59
29 60
30 61
30 62
31 64
31 63
32 65
32 66
33 67
33 68
34 69
34 70
35 72
35 71
36 74
36 73
37 75
37 76
38 77
38 78
39 80
39 79
40 81
40 82
41 83
41 84
42 85
42 86
43 88
43 87
45 92
47 95
48 98
89 90
90 91
91 92
92 93
94 95
95 96
97 98
98 99
99
0 96
0 99
0 94
1 32
2 35
3 4
3 37
3 38
4 40
4 5
5 41
5 42
5 6
6 43
6 44
6 7
7 8
7 45
7 46
8 48
8 9
8 47
9 49
9 10
9 50
10 11
10 52
10 51
11 12
11 53
11 54
12 56
12 13
12 55
13 57
13 58
13 14
14 59
14 60
14 15
15 16
15 62
15 61
16 64
16 17
16 63
17 65
17 18
17 66
18 67
18 19
18 68
19 20
19 69
19 70
20 72
20 21
20 71
21 73
21 74
21 22
22 75
22 76
22 23
23 24
23 77
23 78
24 80
24 25
24 79
25 81
25 26
25 82
26 27
26 83
26 84
27 28
27 85
27 86
28 88
28 29
28 87
29 89
29 90
29 30
30 91
30 92
30 93
31 32
31 36
32 33
33 34
34 35
35 37
37 39
93 94
94 97
95 97
97 98
99
0 1
0 4
0 8
0 10
0 11
0 77
0 14
0 17
0 52
0 57
0 60
1 6
1 7
1 20
1 58
1 26
2 32
2 98
2 35
2 37
2 73
2 74
2 34
2 3
2 85
2 9
2 30
3 38
3 43
3 45
3 48
3 86
5 64
5 12
5 62
5 55
7 22
7 15
10 65
10 80
10 51
10 88
10 92
11 81
11 75
11 93
11 27
12 99
12 13
12 69
13 16
13 21
13 54
15 25
15 83
15 36
15 29
17 32
17 78
17 90
17 59
17 61
17 94
18 32
18 72
18 66
18 79
18 89
19 75
22 33
22 91
22 84
23 55
24 32
28 76
29 97
29 47
29 87
30 96
30 41
30 76
30 50
30 31
32 67
32 49
32 40
32 55
39 44
42 51
44 56
44 62
46 76
51 95
51 53
51 63
62 70
68 75
71 76
76 82
98
0 96
0 1
0 2
0 3
1 97
1 4
2 98
2 5
5 8
6 7
7 8
7 10
8 11
9 11
11 14
12 14
13 14
14 17
15 18
16 17
17 20
18 19
18 20
18 21
20 23
22 25
23 26
24 27
25 26
25 28
26 29
27 28
27 30
28 31
29 32
32 35
33 36
34 37
35 38
36 37
36 39
37 38
38 41
40 43
41 44
42 43
43 44
43 46
44 47
45 47
47 50
48 50
49 50
50 53
51 54
52 53
53 56
54 57
54 55
56 59
57 59
57 60
58 61
59 62
61 64
61 62
62 65
63 65
65 68
66 68
67 68
68 71
69 72
70 73
71 74
72 73
72 75
73 76
74 77
76 77
76 79
77 80
78 80
80 83
81 84
82 83
83 86
84 86
84 87
85 86
86 89
88 91
89 92
90 91
90 92
90 93
91 94
92 95
82
0 1
0 2
0 3
0 4
1 55
1 5
1 6
1 7
3 11
3 12
3 13
4 16
4 14
4 15
5 19
5 67
5 17
6 59
6 20
6 21
6 22
8 26
8 27
8 28
8 63
9 29
9 30
9 31
10 32
10 57
10 34
11 35
11 36
11 37
13 41
13 42
13 43
13 79
16 52
16 50
16 51
17 56
17 73
17 53
18 56
20 62
20 78
20 63
23 72
23 73
24 74
24 75
24 76
24 70
25 73
30 69
31 56
32 82
32 70
33 76
37 81
37 54
37 71
38 55
39 63
40 76
41 80
41 68
43 70
44 66
45 77
45 54
46 82
47 65
47 82
47 66
48 56
49 73
49 60
49 61
50 64
50 58
80
0 1
1 2
1 10
2 3
2 11
3 4
3 12
4 5
4 13
5 6
5 14
6 7
6 15
7 8
7 16
9 18
12 21
16 25
17 26
18 27
18 19
19 28
19 20
22 23
23 32
23 24
24 33
24 25
25 34
25 26
26 35
28 37
28 29
30 39
31 40
33 42
36 37
37 46
38 47
39 48
39 40
40 41
41 50
41 42
42 51
42 43
44 53
45 54
46 55
46 47
47 56
47 48
48 57
49 58
51 60
51 52
52 53
53 62
54 63
54 55
55 64
57 66
57 58
58 67
58 59
61 62
62 71
64 73
65 74
68 77
69 78
70 71
71 80
72 73
73 74
74 75
75 76
76 77
77 78
78 79
98
0 43
1 43
1 53
2 64
3 36
4 60
5 44
6 38
6 63
7 37
8 34
9 35
10 39
11 42
12 57
13 44
14 58
15 34
15 51
16 50
17 56
18 40
19 41
20 50
20 60
21 57
22 44
23 53
24 57
25 37
26 41
27 35
28 58
29 61
30 48
31 49
32 38
33 34
34 35
35 36
35 82
36 37
36 87
37 67
37 38
38 98
38 39
38 79
39 40
39 84
39 85
40 41
40 76
41 42
41 77
42 43
43 68
43 44
44 45
46 83
46 78
46 47
47 88
47 48
47 66
47 95
48 49
49 89
49 50
49 90
50 75
50 51
51 72
51 93
52 53
53 70
53 71
54 55
55 56
55 77
56 73
56 57
57 58
58 91
58 59
60 69
60 61
61 97
61 74
61 92
61 62
63 64
63 81
63 94
64 96
64 65
64 80
64 86
63
1 3
2 9
2 3
3 4
3 10
4 11
4 5
5 17
5 6
6 13
7 16
8 9
9 18
11 12
11 20
13 14
15 24
15 16
16 17
17 26
19 28
20 29
21 30
22 31
23 24
23 34
25 26
26 27
26 37
28 29
28 39
29 30
30 31
31 32
31 42
33 34
34 35
34 43
35 44
35 36
36 45
37 38
39 40
40 41
41 50
45 53
46 47
47 55
48 49
49 56
49 50
50 51
50 57
52 53
53 58
54 55
55 60
58 59
59 60
59 62
60 63
61 62
62 64
31
0 8
0 1
0 2
0 6
0 16
1 3
1 20
1 7
2 4
2 26
2 11
2 28
3 24
3 5
4 27
4 15
8 9
8 10
12 13
13 15
14 15
16 17
16 18
17 19
20 21
20 22
21 23
24 25
28 29
28 30
29 31
99
0 2
0 70
0 7
0 40
0 50
0 20
1 9
1 2
1 4
2 5
3 9
6 9
8 9
10 40
10 17
10 90
10 12
11 19
11 12
11 14
12 15
13 19
16 19
18 19
20 27
20 22
21 24
21 29
21 22
22 25
23 29
26 29
28 29
30 32
30 90
30 37
31 32
31 34
31 39
32 35
33 39
36 39
38 39
40 44
40 45
41 49
41 42
41 44
43 49
44 47
46 49
48 49
50 54
50 55
51 59
51 52
51 54
53 59
54 57
56 59
58 59
60 64
60 65
60 90
61 64
61 69
61 62
63 69
64 67
66 69
68 69
70 72
70 77
71 72
71 74
71 79
72 75
73 79
76 79
78 79
80 82
80 90
80 87
81 89
81 82
81 84
82 85
83 89
86 89
88 89
90 97
90 92
91 99
91 92
91 94
92 95
93 99
96 99
98 99
96
1 2
1 3
1 13
1 15
1 24
1 25
1 26
1 27
1 28
1 29
1 34
1 35
1 36
1 37
1 38
1 40
1 41
1 44
1 45
1 46
1 51
1 52
1 56
1 57
1 62
1 72
1 74
1 75
1 80
1 81
1 82
1 83
1 84
1 88
1 89
2 4
2 5
2 39
2 73
2 76
2 14
2 16
5 49
5 94
5 23
6 49
7 49
8 49
9 49
9 90
9 97
10 49
11 96
11 58
11 90
12 90
17 58
18 58
19 58
20 58
21 90
22 49
30 33
30 50
30 93
30 49
31 33
32 33
42 90
43 93
47 55
48 96
49 55
53 55
54 55
58 71
58 79
59 71
60 96
61 96
63 71
64 71
65 87
66 87
67 87
68 87
69 87
70 87
77 87
78 87
85 87
86 87
87 93
91 93
92 93
95 96
99
0 61
0 85
1 41
2 80
2 65
2 14
2 8
3 40
4 37
5 35
6 98
7 25
9 31
10 66
10 91
10 45
10 39
11 96
11 49
11 60
12 40
12 91
12 94
12 55
13 94
14 57
14 42
14 31
15 56
15 27
15 68
15 38
16 33
16 59
17 49
17 50
18 46
19 82
20 99
20 83
20 22
21 42
22 65
22 70
23 56
23 35
23 28
24 52
25 76
25 53
25 31
26 81
26 52
26 89
26 33
28 58
29 67
29 51
29 92
29 87
30 98
30 83
30 79
32 63
33 38
34 67
34 35
34 84
36 57
37 41
37 77
37 63
39 62
39 46
40 85
41 95
43 97
43 95
44 64
44 98
45 73
46 53
47 54
48 83
49 54
51 95
52 90
53 71
54 69
56 82
62 78
65 72
67 74
71 86
75 79
85 96
87 93
88 91
90 98
90
0 90
0 86
0 39
1 71
2 24
2 33
2 59
2 5
3 16
3 41
3 4
6 69
7 65
7 91
7 14
7 31
8 20
8 34
8 51
8 68
9 96
9 17
9 19
9 69
10 73
10 17
11 25
12 15
12 36
12 93
12 87
13 80
13 60
14 66
14 69
15 82
15 69
16 81
16 37
17 57
18 48
18 35
18 55
20 77
21 75
22 87
23 94
24 28
25 60
25 61
25 94
26 35
27 89
30 65
32 68
34 69
35 78
36 70
37 54
38 69
39 97
39 62
41 79
43 56
43 75
43 71
47 77
48 85
49 69
53 69
55 83
58 97
59 69
59 63
60 69
64 93
67 69
69 97
69 98
69 99
69 74
69 76
69 81
69 78
69 88
69 92
72 92
73 84
74 75
89 91
73
0 2
0 4
0 5
0 6
0 8
0 9
0 10
0 11
0 12
0 13
0 14
0 17
0 18
0 19
0 23
0 29
0 31
0 32
0 35
0 36
0 38
0 39
0 40
0 41
0 43
0 44
0 49
0 51
0 52
0 56
0 57
0 58
0 59
0 62
0 63
0 64
0 65
0 68
0 69
0 71
1 3
1 54
1 7
1 73
1 15
1 27
1 50
1 67
1 20
1 53
1 22
1 55
1 47
1 60
4 70
4 48
4 21
4 24
4 25
4 61
15 16
15 25
15 66
15 28
21 33
21 34
21 72
21 42
21 26
25 45
25 30
37 45
45 46
10
1 2
1 3
1 4
2 5
4 8
4 6
4 7
8 11
9 11
10 11
5
1 2
1 3
1 5
3 4
3 6
21
1 2
1 3
1 10
4 6
5 6
6 7
7 8
8 9
8 14
10 11
11 12
11 13
12 18
13 20
14 15
15 16
15 18
16 17
16 22
18 19
20 21
39
0 1
0 2
0 3
0 4
0 5
0 6
0 7
0 8
0 9
0 10
0 11
0 12
0 13
0 14
0 15
0 16
0 17
0 18
0 19
0 20
0 21
0 22
0 23
0 24
0 25
0 26
0 27
0 28
0 29
0 30
0 31
0 32
0 33
0 34
0 35
0 36
0 37
0 38
0 39
99
0 1
0 2
0 3
0 5
0 65
0 9
0 15
0 19
0 28
1 4
1 6
1 44
1 46
1 22
2 7
2 41
2 75
2 12
2 13
2 39
3 40
3 20
3 21
3 79
5 8
5 60
6 17
6 23
6 26
6 30
6 36
6 37
6 42
6 45
6 47
6 48
6 49
6 51
6 53
6 54
6 55
6 56
6 57
6 58
6 61
6 62
6 64
6 66
6 67
6 68
6 69
6 70
6 73
6 74
6 77
6 78
6 80
6 81
6 82
6 83
6 84
6 85
6 86
6 87
6 88
6 89
6 90
6 91
6 92
6 93
6 94
6 95
6 97
6 99
8 25
8 10
8 52
8 29
9 11
9 71
10 24
10 59
10 14
12 32
12 16
12 18
12 31
13 27
14 96
14 76
18 33
18 34
18 98
25 43
27 63
35 93
38 90
50 97
72 94
99
0 1
0 2
0 3
0 4
0 9
0 46
0 29
1 57
1 85
1 54
1 47
2 87
2 6
2 55
2 23
2 90
3 5
3 70
3 7
3 8
3 41
3 13
3 81
3 83
3 24
3 58
4 64
4 98
4 69
4 10
4 11
4 19
5 99
5 43
7 17
7 14
9 25
9 20
9 31
10 12
10 42
10 44
10 52
10 56
11 77
11 16
11 18
11 21
11 22
11 88
11 27
11 30
12 32
12 26
12 28
13 79
13 15
14 33
14 37
14 38
14 39
14 40
14 45
14 49
14 50
14 51
14 53
14 59
14 60
14 61
14 63
14 65
14 67
14 68
14 71
14 72
14 73
14 75
14 76
14 78
14 80
14 82
14 84
14 92
14 94
14 97
23 96
23 34
23 74
23 86
27 35
27 36
27 93
30 48
30 91
30 62
42 66
43 89
43 95
99
0 1
0 2
0 35
0 5
0 6
1 49
1 83
1 22
1 3
2 4
2 8
2 41
2 13
2 23
3 16
3 9
3 10
3 48
3 25
3 62
4 32
4 7
4 12
4 14
4 18
4 26
5 81
5 78
5 65
6 33
6 71
6 43
6 84
6 57
6 93
7 36
7 69
7 11
7 15
7 51
7 87
7 58
8 20
8 28
8 55
10 17
10 99
10 54
10 90
10 29
12 24
12 27
13 19
14 21
14 30
14 34
14 37
14 38
14 45
14 46
14 47
14 50
14 52
14 53
14 56
14 59
14 61
14 64
14 66
14 67
14 68
14 70
14 72
14 74
14 75
14 77
14 89
14 96
14 97
14 98
15 44
19 40
19 95
29 42
31 89
33 39
35 91
35 86
39 85
39 94
44 92
44 76
60 63
63 80
63 82
63 77
69 88
69 79
73 77
99
0 64
0 96
0 2
0 50
0 5
0 72
0 15
0 55
0 76
0 77
0 14
0 47
0 16
0 17
0 82
0 87
0 98
0 59
0 90
0 94
0 95
1 8
1 11
1 20
1 21
1 22
1 24
1 25
1 26
1 28
1 31
1 32
1 34
1 38
1 39
1 42
1 45
1 46
1 49
1 58
1 69
1 74
1 75
1 81
1 86
1 88
1 93
2 97
2 66
2 3
2 4
2 6
2 70
2 7
2 73
2 13
2 78
2 80
2 35
2 53
2 23
2 89
2 91
2 60
2 36
3 79
3 83
3 84
3 85
3 92
3 61
4 67
4 10
4 44
4 30
4 62
7 65
7 71
7 11
7 12
7 18
7 51
7 27
7 29
9 48
9 43
9 37
11 68
14 41
14 19
14 54
14 63
19 56
19 33
19 43
40 54
43 52
54 57
54 99
84
0 17
0 2
0 53
0 62
1 75
1 84
1 77
1 23
2 41
2 13
2 47
3 56
3 73
3 10
3 74
3 41
4 6
4 78
4 21
5 25
5 35
5 29
5 54
5 15
7 32
7 25
7 26
7 79
8 49
8 35
8 12
8 45
9 72
9 82
9 34
9 61
10 18
10 70
10 38
10 31
11 25
11 83
11 23
12 67
12 60
13 64
13 35
14 33
14 28
14 25
16 65
19 72
20 67
21 27
21 52
21 47
22 65
22 30
22 81
23 48
24 66
24 43
36 40
37 72
38 50
38 68
38 55
39 80
39 59
39 44
40 67
40 46
41 69
42 52
44 57
44 46
46 58
47 76
47 66
51 70
63 84
65 66
71 84
72 80
84
0 17
0 2
0 53
0 62
1 75
1 84
1 37
1 77
1 23
2 41
2 13
2 47
3 56
3 73
3 74
3 10
3 41
4 68
4 6
4 78
4 21
5 25
5 35
5 29
5 54
5 15
7 32
7 25
7 26
7 79
8 49
8 35
8 12
8 45
9 72
9 34
9 58
9 82
9 61
10 18
10 38
10 70
10 31
11 25
12 67
12 60
13 64
13 35
14 25
14 28
14 37
14 33
16 65
19 72
20 27
21 27
21 52
21 47
22 81
22 30
22 65
24 66
24 43
27 48
36 40
37 72
37 59
38 50
38 55
39 44
40 67
40 46
41 69
42 52
44 57
44 83
44 46
47 76
47 66
51 70
63 84
65 66
71 84
72 80
99
0 5
0 6
0 8
0 9
0 10
0 17
0 18
0 19
0 23
0 24
0 27
0 30
0 33
0 34
0 35
0 36
0 37
0 38
0 39
0 45
0 51
0 53
0 55
0 61
0 63
0 72
0 74
0 75
0 76
0 82
0 85
0 86
0 96
1 4
1 7
1 11
1 20
1 21
1 26
1 29
1 40
1 41
1 44
1 46
1 50
1 56
1 58
1 60
1 64
1 65
1 68
1 69
1 84
1 89
1 90
1 91
2 98
2 3
2 47
2 49
2 99
2 54
2 87
2 25
2 94
3 32
3 43
3 66
3 14
3 13
3 80
3 81
3 52
3 78
3 22
3 57
3 95
3 62
3 31
4 48
4 28
4 79
5 84
5 77
5 70
6 83
6 15
12 33
13 97
13 42
13 20
16 73
16 67
16 20
16 93
33 59
40 88
40 71
84 92
99
0 32
0 1
0 59
0 70
0 65
0 74
0 76
0 45
0 48
0 17
0 50
0 83
0 84
0 53
0 52
0 58
0 27
0 28
0 42
0 62
0 19
1 96
1 2
1 3
1 36
1 49
1 33
1 64
1 31
1 44
1 34
1 78
1 15
1 81
1 22
1 55
1 88
1 25
1 26
1 91
1 63
2 68
2 37
2 10
2 11
2 87
2 95
3 66
3 97
3 5
3 38
3 39
3 72
3 43
3 14
3 16
3 29
4 67
4 69
4 7
4 41
4 75
4 77
4 51
4 23
4 92
4 94
5 98
5 7
5 71
5 24
5 90
5 93
6 40
6 9
6 80
6 8
6 18
6 73
6 93
7 61
7 30
7 21
12 89
12 35
12 13
13 57
13 99
17 46
17 54
17 85
20 57
20 82
20 60
20 86
21 57
21 47
56 93
79 93
99
0 32
0 51
0 52
0 53
0 54
0 55
0 56
0 57
0 58
0 63
0 64
0 65
0 66
0 67
0 69
0 70
0 71
0 73
0 74
0 75
0 77
0 78
0 79
0 81
0 82
0 86
0 87
0 88
0 89
0 90
0 92
0 93
0 94
0 98
1 96
1 97
1 99
1 68
1 41
1 76
1 80
1 55
1 95
2 72
2 52
2 43
2 60
3 34
3 21
3 85
3 53
4 38
4 71
4 50
4 84
4 91
4 61
4 62
5 26
6 8
7 53
8 10
8 53
9 59
11 16
12 59
13 53
14 53
15 33
16 83
16 52
17 71
18 53
19 71
20 53
22 52
23 53
24 40
25 26
26 53
27 71
28 53
29 55
30 53
31 53
33 59
33 35
36 71
37 56
39 56
40 59
40 52
42 56
44 53
45 59
46 59
47 56
48 55
49 53
63
0 17
0 18
0 19
0 20
0 21
0 22
0 23
0 24
0 25
0 26
0 27
0 28
0 29
0 30
0 31
0 32
0 33
0 34
0 35
0 36
0 37
0 38
0 39
0 40
0 41
0 42
0 43
0 44
0 45
0 46
0 47
0 48
0 49
0 50
0 51
0 52
0 53
0 54
0 55
0 56
0 57
0 58
0 59
0 60
0 61
0 62
0 63
1 2
1 3
1 4
1 5
1 6
1 7
1 8
1 9
1 10
1 11
1 12
1 13
1 14
1 15
1 16
1 17
39
0 1
0 2
0 36
0 38
0 39
0 12
0 20
0 22
0 27
0 28
0 29
0 30
0 31
1 4
1 5
1 6
1 7
1 10
1 13
1 14
1 16
1 18
1 19
1 21
1 23
1 24
1 37
3 17
3 26
3 6
3 33
6 32
6 8
6 9
6 11
6 25
11 34
11 35
11 15
99
0 1
0 2
1 3
1 4
2 58
2 5
2 6
4 10
4 9
5 11
5 12
5 62
6 13
6 14
7 16
7 15
8 81
8 18
8 17
10 97
10 99
10 21
10 22
11 24
11 54
11 23
13 59
13 27
13 28
14 30
14 29
15 32
15 82
15 31
16 33
16 34
17 35
17 36
18 37
18 38
19 40
19 39
20 41
20 42
21 44
21 43
21 68
22 96
22 45
22 46
24 49
24 74
24 50
25 52
25 51
25 84
26 67
26 53
26 54
27 56
27 55
30 61
30 93
32 65
32 66
33 63
34 69
34 70
34 95
35 72
35 71
36 74
36 73
37 75
37 76
38 77
38 78
39 80
39 79
40 81
40 82
41 84
41 83
41 92
42 85
42 86
43 64
43 88
43 87
44 89
44 90
45 57
45 91
45 92
46 60
46 94
47 96
48 97
48 98
99
0 55
1 3
1 11
1 45
1 17
1 58
1 61
1 62
2 4
2 70
2 74
2 77
2 54
2 26
3 25
3 21
3 6
3 93
4 8
4 12
4 28
4 7
5 72
5 11
5 10
5 19
5 70
6 37
6 14
6 15
7 18
7 20
7 22
9 75
9 29
9 86
9 23
11 98
11 85
13 48
13 49
13 44
13 22
13 16
14 66
14 43
18 96
18 71
18 41
18 80
18 57
19 81
19 59
19 51
19 55
22 68
24 64
24 79
24 53
24 85
27 32
27 82
27 70
29 97
29 65
29 60
29 92
29 63
30 34
31 33
31 99
31 36
31 97
31 89
32 34
32 78
32 94
33 91
33 47
34 35
38 52
39 79
40 67
42 73
46 99
47 52
47 73
50 83
50 76
50 85
52 90
52 87
52 84
55 97
56 99
67 88
67 79
67 95
69 73
99
0 1
0 2
0 3
1 4
1 37
1 5
2 8
2 7
5 92
5 14
6 16
6 17
6 18
6 11
7 19
7 20
7 21
8 22
8 23
9 24
9 23
10 25
10 26
10 27
10 28
11 37
11 40
11 42
11 48
11 28
12 28
12 29
12 30
13 32
13 33
13 38
13 31
14 34
14 35
14 36
15 37
15 38
15 39
16 41
16 43
16 45
16 47
17 44
17 46
19 49
19 50
19 51
19 54
20 52
20 53
20 55
20 56
20 57
23 59
23 60
23 62
24 64
24 65
24 66
24 58
24 61
24 63
25 68
26 67
26 70
26 71
26 72
26 75
26 74
28 69
28 73
28 78
30 80
30 81
30 77
30 79
32 82
32 84
32 85
32 86
32 87
33 88
33 89
33 90
35 96
35 97
35 99
35 91
35 93
35 94
35 95
37 76
38 98
38 83
88
0 44
0 45
0 46
0 47
0 48
0 49
0 50
0 51
0 52
0 53
0 54
0 55
0 56
0 57
0 58
0 59
0 60
0 61
0 62
0 63
0 64
0 65
0 66
0 67
0 68
0 69
0 70
0 71
0 72
0 73
0 74
0 75
0 76
0 77
0 78
0 79
0 80
0 81
0 82
0 83
0 84
0 85
0 86
0 87
0 88
1 44
2 44
3 44
4 44
5 44
6 44
7 44
8 44
9 44
10 44
11 44
12 44
13 44
14 44
15 44
16 44
17 44
18 44
19 44
20 44
21 44
22 44
23 44
24 44
25 44
26 44
27 44
28 44
29 44
30 44
31 44
32 44
33 44
34 44
35 44
36 44
37 44
38 44
39 44
40 44
41 44
42 44
43 44
99
0 1
0 2
0 3
0 4
0 5
0 6
0 7
0 8
0 9
0 10
0 11
0 12
0 13
0 14
0 15
0 16
0 17
0 18
0 19
0 20
0 21
0 22
0 23
0 24
0 25
0 26
0 27
0 28
0 29
0 30
0 31
0 32
0 33
0 34
0 35
0 36
0 37
0 74
1 38
2 39
3 40
4 41
5 42
6 43
7 44
8 45
9 46
10 47
11 48
12 49
13 50
14 51
15 52
16 53
17 54
18 55
19 56
20 57
21 58
22 59
23 60
24 61
25 62
26 63
27 64
28 65
29 66
30 67
31 68
32 69
33 70
34 71
35 72
36 73
74 75
74 76
74 77
74 78
74 79
74 80
74 81
74 82
74 83
74 84
74 85
74 86
74 87
74 88
74 89
74 90
74 91
74 92
74 93
74 94
74 95
74 96
74 97
74 98
74 99
98
0 1
0 2
0 3
0 4
0 5
0 6
0 7
0 8
0 9
0 10
0 11
0 12
0 13
0 14
0 15
0 16
0 17
0 18
0 19
0 20
0 21
0 22
0 23
0 24
0 25
0 26
0 27
0 28
0 29
0 30
0 31
0 32
1 35
33 34
33 35
33 36
33 37
33 38
33 39
33 40
33 41
33 42
33 43
33 44
33 45
33 46
33 47
33 48
33 49
33 50
33 51
33 52
33 53
33 54
33 55
33 56
33 57
33 58
33 59
33 60
33 61
33 62
33 63
33 64
33 65
35 72
66 67
66 68
66 69
66 70
66 71
66 72
66 73
66 74
66 75
66 76
66 77
66 78
66 79
66 80
66 81
66 82
66 83
66 84
66 85
66 86
66 87
66 88
66 89
66 90
66 91
66 92
66 93
66 94
66 95
66 96
66 97
66 98
99
0 1
1 2
1 3
3 4
4 5
4 6
6 7
7 8
7 9
9 10
10 11
10 12
12 13
13 14
13 15
15 16
16 17
16 18
18 19
19 20
19 21
21 22
22 24
22 23
24 25
25 26
25 27
27 28
28 29
28 30
30 31
31 32
31 33
33 34
34 35
34 36
36 37
37 38
37 39
39 40
40 41
40 42
42 43
43 44
43 45
45 46
46 48
46 47
48 49
49 50
49 51
51 52
52 53
52 54
54 55
55 56
55 57
57 58
58 59
58 60
60 61
61 62
61 63
63 64
64 65
64 66
66 67
67 68
67 69
69 70
70 72
70 71
72 73
73 74
73 75
75 76
76 77
76 78
78 79
79 80
79 81
81 82
82 83
82 84
84 85
85 86
85 87
87 88
88 89
88 90
90 91
91 92
91 93
93 94
94 96
94 95
96 97
97 98
97 99
83
0 1
0 42
1 2
1 3
1 4
1 5
1 6
1 7
1 8
1 9
1 10
1 11
1 12
1 13
1 14
1 15
1 16
1 17
1 18
1 19
1 20
1 21
1 22
1 23
1 24
1 25
1 26
1 27
1 28
1 29
1 30
1 31
1 32
1 33
1 34
1 35
1 36
1 37
1 38
1 39
1 40
1 41
42 43
43 44
43 45
43 46
43 47
43 48
43 49
43 50
43 51
43 52
43 53
43 54
43 55
43 56
43 57
43 58
43 59
43 60
43 61
43 62
43 63
43 64
43 65
43 66
43 67
43 68
43 69
43 70
43 71
43 72
43 73
43 74
43 75
43 76
43 77
43 78
43 79
43 80
43 81
43 82
43 83
99
0 1
1 2
1 3
3 4
4 5
4 6
6 7
7 8
7 9
9 10
10 11
10 12
12 13
13 14
13 15
15 16
16 17
16 18
18 19
19 20
19 21
21 22
22 24
22 23
24 25
25 26
25 27
27 28
28 29
28 30
30 31
31 32
31 33
33 34
34 35
34 36
36 37
37 38
37 39
39 40
40 41
40 42
42 43
43 44
43 45
45 46
46 48
46 47
48 49
49 50
49 51
51 52
52 53
52 54
54 55
55 56
55 57
57 58
58 59
58 60
60 61
61 62
61 63
63 64
64 65
64 66
66 67
67 68
67 69
69 70
70 72
70 71
72 73
73 74
73 75
75 76
76 77
76 78
78 79
79 80
79 81
81 82
82 83
82 84
84 85
85 86
85 87
87 88
88 89
88 90
90 91
91 92
91 93
93 94
94 96
94 95
96 97
97 98
97 99
99
0 64
0 65
0 34
0 69
0 17
0 87
0 30
1 33
1 8
1 15
1 53
1 29
1 21
2 71
2 74
2 14
2 93
2 58
2 91
2 90
3 96
3 12
3 17
3 84
3 56
3 59
4 68
4 71
4 42
4 46
4 47
4 18
4 25
5 99
5 81
5 72
5 79
5 49
5 54
5 24
5 62
6 96
7 32
7 68
7 41
7 13
7 50
7 83
7 52
8 16
8 82
8 51
8 23
8 61
9 97
9 92
9 15
9 85
9 58
9 60
10 40
10 88
10 67
10 19
11 34
11 38
11 63
13 75
13 20
15 76
16 26
16 95
16 55
17 80
17 89
17 58
18 98
18 94
20 39
20 35
20 31
22 96
25 36
25 99
27 57
27 76
27 37
28 83
34 40
43 71
44 58
45 68
48 68
66 89
70 76
73 96
77 99
78 81
81 86
99
0 98
0 35
0 74
0 80
0 29
0 62
1 35
2 96
2 32
2 69
2 65
2 9
2 11
2 76
2 50
2 53
2 58
2 59
3 97
3 67
3 11
3 44
3 78
3 15
3 35
3 92
3 94
4 33
4 66
4 99
4 68
4 82
4 35
4 28
4 63
5 64
6 71
6 36
6 38
6 79
7 71
7 72
7 41
7 77
7 16
7 8
7 85
7 87
7 27
8 64
8 75
8 37
10 21
11 42
11 52
11 90
12 99
12 71
12 51
12 47
13 17
13 34
13 84
14 99
17 64
17 55
17 31
18 40
18 56
18 83
18 60
18 70
19 72
20 21
21 72
21 91
21 26
22 71
23 24
23 89
23 43
23 64
25 95
26 48
26 88
26 93
30 72
30 49
30 83
30 46
35 95
39 71
43 57
43 73
45 99
49 81
49 61
54 95
57 86
99
0 3
0 8
0 9
0 42
0 11
0 14
0 19
0 22
0 24
0 26
0 29
0 94
1 97
1 35
1 71
1 75
1 47
1 21
1 87
1 55
1 28
2 34
2 4
2 70
2 76
2 98
2 54
2 27
2 92
2 94
3 65
3 38
3 43
3 15
3 80
3 57
3 89
3 60
5 67
5 7
5 10
5 18
5 52
5 20
5 93
6 12
6 45
6 18
6 88
6 91
6 31
7 64
7 33
7 44
7 13
8 49
8 51
10 48
10 25
10 95
10 97
12 72
12 79
13 68
13 74
13 78
13 85
13 23
16 73
16 50
16 53
16 97
17 91
17 66
17 99
17 61
17 63
18 83
18 46
30 56
30 90
30 59
30 37
30 94
31 96
31 41
32 64
32 40
32 82
36 64
39 54
54 81
58 72
59 72
59 69
62 64
77 91
84 94
86 94
62
0 1
0 2
0 3
0 4
0 5
0 6
0 7
0 8
0 9
0 10
0 11
0 12
0 13
0 14
0 15
0 16
0 17
0 18
0 19
0 20
0 21
0 22
0 23
0 24
0 25
0 26
0 27
0 28
0 29
0 30
0 31
0 32
0 33
0 34
0 35
0 36
0 37
0 38
0 39
0 40
0 41
0 42
0 43
0 44
0 45
0 46
0 47
0 48
0 49
0 50
0 51
0 52
0 53
0 54
0 55
0 56
0 57
0 58
0 59
0 60
0 61
0 62
99
0 1
0 10
0 11
1 2
1 12
2 3
2 13
3 4
3 14
4 5
5 16
5 6
6 17
6 7
7 8
7 18
8 9
8 19
10 20
10 21
13 24
13 23
15 26
16 26
16 27
19 29
20 30
20 31
22 33
25 26
26 37
28 29
29 39
30 40
30 41
32 42
33 34
33 44
35 46
36 46
38 39
39 49
40 50
40 51
42 43
42 52
42 53
43 44
44 55
45 56
46 56
46 57
46 47
48 59
49 59
50 60
50 61
52 62
52 63
54 55
55 56
55 66
56 67
58 59
59 69
60 70
60 71
61 72
62 72
62 73
63 64
63 74
65 76
66 76
66 77
68 78
70 80
70 81
72 83
75 76
76 86
76 87
77 88
77 78
78 89
79 89
80 90
80 91
82 92
84 95
85 96
86 97
89 99
91 92
92 93
94 95
95 96
96 97
97 98
99
0 1
0 34
0 5
0 74
0 98
0 14
0 16
0 49
1 35
1 68
1 38
1 7
1 72
1 75
1 12
1 45
1 18
1 20
1 56
2 97
2 42
2 76
2 77
2 19
2 57
2 25
2 60
2 62
3 33
3 37
3 51
3 40
3 46
3 50
3 83
3 94
3 92
3 30
4 6
4 10
4 81
4 52
4 88
4 29
5 64
5 66
5 70
5 79
5 54
5 55
5 89
5 27
5 31
6 65
6 43
6 39
6 11
6 14
6 78
8 32
8 96
8 59
8 13
8 99
9 11
10 84
10 82
10 21
10 63
11 23
11 44
11 53
11 86
11 41
11 24
11 59
11 93
14 73
14 69
14 95
15 19
17 67
19 91
19 85
22 51
26 59
28 67
36 80
36 42
36 61
37 90
37 58
42 86
47 67
48 86
51 91
59 71
67 80
87 91
99
0 4
0 5
0 6
0 13
0 14
0 15
0 25
0 27
0 30
0 31
0 33
0 40
0 48
0 52
0 54
0 63
0 65
0 75
0 76
0 78
0 79
0 84
0 85
0 86
0 87
0 88
1 64
1 80
1 2
1 35
1 8
1 9
1 43
1 16
1 82
1 67
1 20
1 62
1 22
1 91
1 94
2 97
2 37
2 39
2 41
2 10
2 77
2 46
2 17
2 50
2 19
2 74
2 21
2 23
2 24
2 57
2 59
2 29
2 95
3 96
3 6
3 71
3 73
3 45
3 49
3 55
3 26
3 92
3 93
5 89
5 90
6 72
6 17
6 18
6 83
6 56
6 28
6 61
7 32
7 81
7 12
7 44
10 38
10 12
10 47
10 51
10 60
11 16
12 98
12 99
12 58
16 53
17 68
17 42
34 58
36 99
58 70
66 99
69 99
99
0 34
0 9
0 45
0 14
0 13
0 85
0 86
0 53
1 80
1 98
1 3
1 38
1 79
1 48
1 21
1 15
2 65
2 4
2 5
2 6
2 71
2 7
2 81
2 18
2 51
2 20
2 49
2 92
2 31
3 32
3 42
3 78
3 58
3 91
3 10
4 97
4 67
4 37
4 75
4 16
4 57
5 96
5 33
5 35
5 70
5 41
5 77
5 46
5 47
5 50
5 55
6 25
6 44
6 23
8 64
8 36
8 72
8 9
8 94
8 68
8 30
8 63
9 73
9 40
9 62
11 69
11 74
11 82
11 83
11 52
11 22
11 56
11 26
11 95
12 89
12 66
12 60
12 61
13 66
13 59
13 29
17 19
19 88
19 25
19 93
19 22
22 99
22 66
22 43
24 66
25 32
25 54
27 49
28 32
32 90
39 76
49 76
76 87
76 84
99
0 1
0 2
0 3
0 4
0 5
0 6
0 7
0 8
0 9
0 10
0 11
0 12
0 13
0 14
0 15
0 16
0 17
0 18
0 19
0 20
0 21
0 22
0 23
0 24
0 25
0 26
0 27
0 28
0 29
0 30
0 31
0 32
0 33
0 34
0 35
35 99
35 36
37 99
38 39
39 40
39 99
41 99
42 99
43 99
44 45
45 99
45 46
47 99
48 49
49 50
49 99
51 99
52 99
53 54
54 99
54 55
56 99
57 58
58 99
58 59
60 99
61 62
62 99
62 63
64 65
64 66
64 67
64 68
64 69
64 70
64 71
64 72
64 73
64 74
64 75
64 76
64 77
64 78
64 79
64 80
64 81
64 82
64 83
64 84
64 85
64 86
64 87
64 88
64 89
64 90
64 91
64 92
64 93
64 94
64 99
65 96
65 98
65 95
65 97
93
0 61
1 91
2 91
3 91
4 91
5 91
6 91
7 91
8 91
9 91
10 91
11 91
12 91
13 91
14 91
15 91
16 92
17 92
18 92
19 92
20 92
21 92
22 92
23 92
24 92
25 92
26 92
27 92
28 92
29 92
30 92
31 92
32 92
33 92
34 92
35 92
36 92
37 92
38 92
39 92
40 92
41 92
42 92
43 92
44 92
45 92
46 93
47 93
48 93
49 93
50 93
51 93
52 93
53 93
54 93
55 93
56 93
57 93
58 93
59 93
60 93
61 91
61 62
63 64
64 65
64 91
66 91
67 68
68 91
68 69
70 71
71 72
71 91
73 91
74 91
75 76
76 77
76 93
78 93
79 93
80 81
81 82
81 93
83 93
84 93
85 86
86 87
86 93
88 93
89 93
90 93
91 92
92 93
99
0 33
0 67
0 4
0 38
0 75
0 44
0 45
0 49
0 53
0 60
0 63
1 2
2 64
2 74
2 12
2 46
2 25
3 32
3 97
3 6
3 39
3 41
3 42
3 11
3 95
4 66
4 71
4 76
4 80
4 19
4 93
5 11
7 36
7 9
7 81
7 84
7 88
7 27
8 64
8 65
8 50
8 82
8 24
8 29
9 57
9 87
9 39
9 79
10 34
10 86
10 43
10 51
10 22
10 90
10 62
10 31
11 89
11 68
12 69
12 73
12 77
12 47
12 59
13 73
13 18
13 85
13 15
14 55
14 83
14 86
14 23
14 26
14 61
15 16
15 98
17 56
17 64
17 20
17 94
21 52
21 37
21 70
21 31
22 35
22 91
22 58
28 39
30 86
31 64
31 40
31 48
31 72
33 78
33 54
33 39
39 96
39 99
68 73
68 92
99
0 7
1 98
1 8
1 43
1 15
1 82
1 90
2 80
2 3
2 12
2 70
4 16
4 25
4 18
5 11
5 67
5 78
5 14
5 38
6 9
6 27
6 21
6 46
6 53
7 33
7 68
7 72
7 41
7 45
7 79
7 49
7 87
7 92
9 66
9 99
9 17
9 77
9 81
9 84
10 66
10 76
10 29
10 14
11 65
11 98
11 36
11 70
11 88
11 28
11 62
12 59
12 35
12 54
13 97
13 51
13 20
14 31
15 19
15 23
16 32
16 57
17 39
17 52
17 86
17 47
18 64
18 50
18 44
18 63
21 60
21 94
22 98
24 91
25 41
25 66
25 74
25 93
26 45
27 40
27 96
27 89
30 36
31 73
31 69
34 70
37 93
39 75
39 97
41 55
42 98
45 48
46 61
46 95
56 91
58 99
71 93
72 83
72 85
91 97
99
0 33
0 4
0 69
0 14
0 17
0 88
1 59
1 43
1 14
1 7
2 96
2 34
2 36
2 10
2 82
2 86
3 32
3 65
3 52
3 21
3 54
3 23
4 39
4 42
4 77
4 79
4 16
4 31
4 95
5 64
5 98
5 73
5 10
5 44
5 51
5 87
5 61
6 97
6 38
6 41
6 12
6 50
6 20
6 58
6 30
7 68
7 40
7 74
7 81
7 89
7 25
8 66
8 10
8 45
8 46
8 47
8 48
8 53
9 10
9 13
9 80
9 83
9 28
9 62
10 71
10 12
10 92
10 60
11 99
11 12
11 75
11 76
11 57
11 90
11 26
12 27
12 70
12 19
12 91
12 37
13 24
13 56
13 94
14 67
14 72
14 35
14 22
14 93
15 37
18 41
29 41
32 81
32 78
37 84
39 85
39 55
41 81
49 90
63 90
99
0 73
0 74
0 75
1 2
1 75
1 76
2 3
3 4
4 77
4 5
5 6
6 7
7 8
7 78
8 9
9 10
10 11
10 79
11 12
12 13
13 80
13 14
14 15
15 16
16 17
16 81
17 18
18 19
19 20
19 82
20 21
21 22
22 83
22 23
23 24
24 25
25 26
25 84
26 27
27 28
28 29
28 85
29 30
30 31
31 32
31 86
32 33
33 34
34 35
34 87
35 36
36 37
37 88
37 38
38 39
39 40
40 41
40 89
41 42
42 43
43 44
43 90
44 45
45 46
46 91
46 47
47 48
48 49
49 50
49 92
50 51
51 52
52 53
52 93
53 54
54 55
55 56
55 94
56 57
57 58
58 59
58 95
59 60
60 61
61 96
61 62
62 63
63 64
64 97
64 65
65 66
66 67
67 68
67 98
68 69
69 70
70 99
70 71
71 72
99
0 1
0 4
0 7
0 10
0 12
0 14
0 17
0 20
0 22
0 24
0 27
0 30
0 32
0 33
0 34
0 36
0 39
0 42
0 45
0 47
0 49
0 52
0 55
0 58
0 61
0 64
0 67
0 70
0 73
0 76
0 78
0 80
0 83
0 86
0 89
0 91
0 93
0 96
0 98
1 2
1 99
3 4
4 5
6 7
7 8
9 10
10 11
13 14
14 15
16 17
17 18
19 20
20 21
23 24
24 25
26 27
27 28
29 30
30 31
35 36
36 37
38 39
39 40
41 42
42 43
44 45
45 46
48 49
49 50
51 52
52 53
54 55
55 56
57 58
58 59
60 61
61 62
63 64
64 65
66 67
67 68
69 70
70 71
72 73
73 74
75 76
76 77
79 80
80 81
82 83
83 84
85 86
86 87
88 89
89 90
92 93
93 94
95 96
96 97
99
0 24
0 1
0 75
0 68
0 31
1 3
1 4
1 7
1 15
1 19
1 20
1 26
1 35
1 37
1 39
1 44
1 49
1 60
1 62
1 67
1 72
1 76
1 80
1 84
1 90
1 91
2 96
2 32
2 34
2 6
2 43
2 23
3 27
3 52
3 94
3 55
4 5
4 9
4 11
4 16
4 21
4 28
4 29
4 40
4 41
4 45
4 47
4 53
4 54
4 57
4 59
4 61
4 64
4 70
4 77
4 78
4 79
4 95
4 97
5 33
5 66
5 22
5 65
5 74
5 48
5 81
5 82
5 86
6 38
6 10
6 13
6 46
6 85
6 88
6 25
6 30
8 17
8 18
8 71
8 14
8 73
9 42
9 69
10 58
10 98
10 14
12 56
14 93
30 36
30 50
30 51
30 61
30 63
50 83
50 92
56 99
56 61
61 89
61 87
9
0 9
0 6
0 7
1 2
2 5
2 7
3 4
3 6
7 8
21
0 16
0 11
0 13
1 10
2 9
2 4
2 15
3 6
4 18
4 21
5 17
5 12
5 7
6 19
8 14
9 19
10 19
10 12
12 13
13 14
19 20
99
0 1
0 2
0 3
0 4
0 5
0 6
0 7
0 8
0 9
0 10
0 11
0 12
0 13
0 14
0 15
0 16
0 17
0 18
0 19
19 20
20 32
20 33
20 34
20 35
20 36
20 37
20 38
20 39
20 21
20 22
20 23
20 24
20 25
20 26
20 27
20 28
20 29
20 30
20 31
21 40
40 41
41 42
41 43
41 44
41 45
41 46
41 47
41 48
41 49
41 50
41 51
41 52
41 53
41 54
41 55
41 56
41 57
41 58
41 59
41 60
42 61
61 62
62 64
62 65
62 66
62 67
62 68
62 69
62 70
62 71
62 72
62 73
62 74
62 75
62 76
62 77
62 78
62 79
62 80
62 81
62 63
63 82
82 83
83 84
84 96
84 97
84 98
84 99
84 85
84 86
84 87
84 88
84 89
84 90
84 91
84 92
84 93
84 94
84 95
90
1 2
2 4
2 5
3 6
4 8
4 7
6 9
6 10
7 11
7 12
9 14
9 13
11 16
11 17
14 19
14 20
15 20
16 22
16 23
18 25
20 27
21 27
22 29
22 30
23 31
24 32
24 31
25 32
25 33
26 34
27 34
27 35
28 35
29 37
29 38
31 40
32 41
33 42
34 43
34 42
35 44
36 45
37 46
37 47
39 49
42 52
44 53
44 54
45 54
45 55
46 56
46 57
47 58
48 58
49 59
49 60
50 61
51 62
54 64
54 65
55 66
56 67
56 68
58 69
58 70
59 70
59 71
60 72
61 72
61 73
62 73
62 74
63 75
64 76
66 77
66 78
67 80
67 79
68 81
70 83
70 82
72 84
72 85
73 86
75 88
75 87
76 89
76 88
78 91
78 90
97
1 2
1 3
2 4
4 6
5 7
6 8
6 9
7 9
7 10
8 11
11 14
12 15
13 16
14 17
14 18
15 18
15 19
16 19
16 20
18 22
21 25
22 26
23 27
24 28
25 30
25 29
26 30
26 31
27 32
27 31
28 33
28 32
29 34
31 36
34 39
35 40
37 42
38 43
39 44
39 45
40 45
40 46
41 47
42 48
42 47
43 48
43 49
45 51
47 53
48 54
50 56
51 57
52 58
54 60
55 61
56 62
56 63
57 64
57 63
58 64
58 65
59 65
59 66
60 66
60 67
61 67
61 68
64 71
65 72
66 73
67 74
69 76
70 77
72 79
74 81
75 82
76 83
76 84
77 84
77 85
78 85
78 86
79 86
79 87
80 88
81 88
81 89
82 89
82 90
83 91
84 92
85 93
86 94
87 95
88 96
89 97
90 98
23
1 2
2 3
2 6
3 8
3 4
3 7
4 16
4 13
5 9
6 9
6 10
9 14
10 11
10 15
12 16
13 24
13 17
16 20
16 21
17 18
17 22
18 19
23 24
98
1 2
1 4
1 8
1 9
1 12
1 17
1 18
1 22
1 32
1 33
1 34
1 38
1 47
1 62
1 67
1 68
1 69
1 71
1 78
1 83
1 85
1 87
1 91
1 95
2 3
2 36
2 40
2 75
2 45
2 79
2 48
2 81
2 82
2 53
2 56
2 89
2 58
2 93
2 30
3 96
3 66
3 43
3 42
3 11
3 44
3 13
3 46
3 27
3 88
3 57
3 59
3 63
4 74
4 49
4 5
4 97
5 16
5 65
6 7
6 72
6 28
6 80
6 21
6 54
6 24
6 25
6 26
6 92
6 90
7 14
7 52
7 20
7 60
7 29
7 31
10 98
10 35
10 20
10 61
10 23
13 64
13 77
13 94
14 99
14 19
14 70
15 50
15 20
15 86
20 55
26 34
26 39
34 84
34 37
34 73
41 42
42 76
42 51
80
1 64
1 19
1 37
1 71
1 41
1 10
1 11
1 81
1 51
1 21
1 73
1 55
1 28
1 61
1 31
2 32
2 65
2 38
2 72
2 74
2 12
2 47
2 10
2 42
2 20
2 22
2 56
2 52
2 29
2 62
3 33
3 66
3 43
3 39
3 75
3 13
3 48
3 19
3 53
3 23
3 57
3 30
3 63
4 34
4 67
4 40
4 44
4 76
4 14
4 49
4 54
4 24
4 58
4 28
5 45
5 35
5 68
5 37
5 77
5 15
5 50
5 25
5 59
6 36
6 69
6 46
6 16
6 78
6 26
6 60
7 17
7 79
7 27
7 70
7 55
8 64
8 80
8 18
9 36
28 36
99
0 1
0 2
0 3
0 4
0 5
0 6
0 7
0 8
0 9
0 10
0 11
0 12
0 13
0 14
0 15
0 16
0 17
0 18
0 19
0 20
0 21
0 22
0 23
0 24
0 25
0 26
0 27
0 28
0 29
0 30
0 31
0 32
0 33
0 34
0 35
0 36
0 37
0 38
0 39
0 40
0 41
0 42
0 43
0 44
0 45
0 46
0 47
0 48
0 49
0 50
1 98
1 99
11 52
11 53
11 54
11 55
11 56
11 57
11 58
11 59
11 60
11 61
11 62
11 63
11 64
11 65
11 66
11 67
11 68
11 69
11 70
11 72
11 73
11 74
11 75
11 76
11 77
11 78
11 79
11 80
50 96
50 97
50 83
50 71
50 81
50 82
50 51
50 84
50 85
50 86
50 87
50 88
50 89
50 90
50 91
50 92
50 93
50 94
50 95
99
0 2
0 4
0 10
0 12
0 13
0 15
0 22
0 23
0 24
0 29
0 30
0 42
0 46
0 48
0 50
0 52
0 56
0 59
0 60
0 64
0 73
0 75
0 76
0 78
0 79
0 83
0 84
0 93
0 96
0 97
1 2
1 3
1 5
1 71
1 11
1 16
1 18
1 88
1 28
2 9
2 65
2 25
4 33
4 34
4 67
4 37
4 38
4 62
4 99
4 53
4 54
4 89
4 94
6 35
6 36
6 69
6 43
6 44
6 77
6 16
6 81
6 82
6 51
6 21
6 87
6 26
6 31
6 58
6 85
6 95
7 98
7 91
7 49
7 40
7 9
7 17
7 19
7 86
7 27
7 92
8 47
8 20
8 55
8 57
8 61
8 63
9 72
9 41
9 45
9 14
16 80
16 74
19 32
19 66
19 90
26 68
26 70
26 47
39 47
80
0 1
0 2
0 3
0 5
0 6
0 7
0 8
0 11
0 17
0 23
0 26
0 29
0 30
0 31
0 34
0 38
0 39
0 45
0 46
0 48
0 53
0 57
0 59
0 63
0 68
0 70
0 71
0 75
0 76
0 78
1 36
1 12
1 79
1 22
1 56
1 4
3 66
3 69
3 9
3 77
3 15
3 80
3 18
3 19
3 55
3 58
4 67
4 61
4 54
5 64
5 72
5 41
5 43
5 16
5 25
9 33
9 28
9 40
9 73
9 74
9 44
9 13
9 14
9 51
9 20
9 60
10 40
12 42
12 47
12 21
12 27
12 62
24 49
24 35
24 37
32 40
35 40
35 50
49 65
49 52
64
0 1
1 2
2 3
3 5
3 6
4 7
6 10
6 7
7 11
7 12
8 13
9 15
10 16
10 17
13 20
13 21
14 23
15 24
15 25
16 27
16 26
16 21
18 28
18 29
18 30
19 31
20 32
20 33
20 25
21 34
21 35
21 28
22 36
23 37
23 38
23 31
24 40
24 39
25 41
28 47
28 46
28 45
29 43
29 44
29 42
29 37
30 48
30 49
30 36
31 50
31 51
32 52
32 53
34 56
34 55
36 58
36 59
37 60
37 54
37 61
39 64
39 63
39 62
39 57
99
0 1
0 11
0 60
0 30
1 2
1 99
2 3
2 4
2 5
2 6
2 7
2 8
9 11
10 70
10 40
10 11
10 80
10 50
10 20
10 90
11 12
12 13
12 14
12 15
12 16
12 17
12 18
12 19
21 22
22 23
22 24
22 25
22 26
22 27
22 28
22 29
29 31
31 32
32 33
32 34
32 35
32 36
32 37
32 38
32 39
39 41
40 41
41 42
42 43
42 44
42 45
42 46
42 47
42 48
42 49
51 52
52 53
52 54
52 55
52 56
52 57
52 58
52 59
59 61
60 61
61 69
62 64
62 65
62 66
62 67
62 68
62 69
62 63
69 71
72 73
72 74
72 75
72 76
72 77
72 78
72 79
79 81
80 81
81 82
82 83
82 84
82 85
82 86
82 87
82 88
82 89
91 99
92 96
92 97
92 98
92 99
92 93
92 94
92 95
39
1 2
1 3
1 4
1 5
1 6
1 7
1 8
1 9
1 10
1 11
1 12
1 13
1 14
1 15
1 16
1 17
1 18
1 19
1 20
1 21
1 22
1 23
1 24
1 25
1 26
1 27
1 28
1 29
1 30
1 31
1 32
1 33
1 34
1 35
1 36
1 37
1 38
1 39
2 40
99
0 1
0 2
0 3
0 4
0 5
0 6
0 7
0 8
0 9
0 10
0 11
0 12
0 13
0 14
0 15
0 16
0 17
0 18
0 19
0 20
0 21
0 22
0 76
0 77
0 78
0 79
0 80
0 81
0 82
0 83
0 84
0 85
0 86
0 87
0 88
0 89
0 90
0 91
0 92
0 93
0 94
0 95
0 96
0 97
0 98
0 99
22 23
22 24
22 25
22 26
22 27
22 28
22 29
22 30
22 31
22 32
22 33
22 34
22 35
22 36
22 37
22 38
22 39
22 40
22 41
22 42
22 43
22 44
22 45
22 46
22 47
22 48
22 49
22 50
22 51
22 52
22 53
22 54
22 55
22 56
22 57
22 58
22 59
22 60
22 61
22 62
22 63
22 64
22 65
22 66
22 67
22 68
22 69
22 70
22 71
22 72
22 73
22 74
22 75
99
0 1
0 4
0 7
0 14
0 18
0 23
0 37
0 38
0 44
0 45
0 47
0 51
0 54
0 55
0 56
0 61
0 69
0 71
0 72
0 76
0 79
0 82
0 84
0 87
0 90
0 94
0 97
1 17
1 83
1 96
1 89
2 3
2 98
2 99
2 4
2 9
2 74
2 75
2 77
2 81
2 35
2 52
2 67
2 25
2 92
2 36
3 10
3 46
3 80
3 49
3 85
3 86
4 64
4 68
4 40
4 43
4 66
4 93
4 16
4 20
4 22
4 88
4 57
4 60
4 29
4 63
5 27
5 41
5 42
5 13
5 48
5 24
5 91
6 65
6 39
6 8
6 11
6 13
6 14
6 58
6 31
6 95
7 59
7 30
7 70
12 26
12 15
12 13
12 21
13 73
13 78
13 62
14 32
14 33
19 26
26 34
26 50
26 53
26 28
99
0 76
0 44
0 82
0 78
0 18
0 21
0 28
1 67
1 42
1 75
1 15
1 27
1 62
2 97
2 59
2 9
2 30
2 57
3 99
3 36
3 5
3 47
4 66
4 5
4 7
4 72
4 11
4 91
5 96
5 65
5 43
5 18
5 95
6 89
6 43
6 12
7 14
7 81
7 19
7 52
7 25
8 72
8 73
8 50
8 17
9 39
9 35
9 61
9 71
10 26
10 83
10 60
10 58
10 37
11 16
11 88
11 94
12 85
13 98
13 26
13 45
13 31
16 75
16 29
16 54
18 41
18 79
20 80
20 34
20 90
20 22
20 77
21 56
21 30
22 64
22 29
23 24
23 84
23 92
23 70
25 51
25 63
26 38
29 49
30 74
32 84
33 84
40 45
45 48
45 75
46 84
53 70
55 87
67 87
68 87
69 70
70 75
72 86
75 93
99
0 67
0 37
0 80
0 50
0 53
0 60
1 41
1 11
1 76
1 6
2 19
2 5
2 83
2 20
2 22
2 25
2 63
3 56
3 17
3 99
3 36
3 95
4 69
4 12
4 47
4 25
4 79
4 62
5 24
5 65
5 82
5 90
6 58
6 94
7 33
7 38
7 14
8 88
8 36
8 42
8 35
8 28
9 57
9 98
9 36
9 21
10 49
10 13
11 66
11 44
11 21
11 54
12 51
12 36
12 61
12 31
13 48
13 75
13 55
14 25
14 27
14 78
14 43
15 51
15 91
15 46
16 44
18 49
18 67
18 70
20 72
20 87
20 77
20 93
21 26
23 24
23 89
23 34
23 71
24 40
24 73
24 84
27 81
29 49
29 59
29 86
29 39
30 96
30 68
30 90
30 52
32 51
44 92
44 45
44 85
49 64
67 90
74 90
87 97
99
0 36
0 78
0 31
1 33
1 2
1 71
1 63
2 32
2 3
2 6
2 39
3 68
3 13
3 14
4 74
4 75
4 76
4 15
4 81
4 53
4 27
5 97
5 84
5 46
6 40
6 97
6 82
7 64
7 8
7 61
8 74
8 43
8 70
9 51
10 73
10 99
10 79
11 87
12 37
16 88
16 60
16 26
16 20
16 77
17 21
18 35
18 85
18 38
18 71
19 36
20 73
20 35
21 72
21 44
21 86
21 56
21 92
22 67
22 92
22 95
23 96
23 89
23 42
23 50
24 57
24 59
24 38
24 62
25 42
28 49
29 34
30 69
34 57
34 98
35 51
35 93
36 74
36 92
36 45
37 49
37 47
38 48
38 74
41 42
42 71
49 70
49 55
51 58
52 87
54 87
57 90
60 94
62 65
66 71
69 97
69 83
69 87
70 91
80 84
96
1 2
2 3
2 4
2 5
2 95
5 8
5 6
5 7
8 9
8 10
8 11
11 12
11 13
11 14
14 16
14 17
14 15
17 18
17 19
17 20
20 21
20 22
20 23
23 24
23 25
23 26
26 27
26 28
26 29
29 32
29 30
29 31
32 33
32 34
32 35
35 36
35 37
35 38
38 40
38 41
38 39
41 42
41 43
41 44
44 45
44 46
44 47
47 48
47 49
47 50
50 51
50 52
50 53
53 56
53 54
53 55
56 57
56 58
56 59
59 60
59 61
59 62
62 64
62 65
62 63
65 66
65 67
65 68
68 69
68 70
68 71
71 72
71 73
71 74
74 75
74 76
74 77
77 80
77 78
77 79
80 81
80 82
80 83
83 84
83 85
83 86
86 88
86 89
86 87
89 90
89 91
89 92
92 93
92 94
95 96
95 97
99
0 1
1 5
1 6
1 8
1 16
1 17
1 18
1 20
1 21
1 24
1 26
1 28
1 34
1 36
1 37
1 38
1 39
1 40
1 44
1 45
1 47
1 48
1 49
1 50
1 53
1 57
1 58
1 64
1 68
1 69
1 70
1 79
1 98
2 3
2 4
2 8
2 43
2 12
2 14
2 15
2 56
2 52
2 85
2 88
2 91
2 92
2 93
3 90
3 87
4 35
4 67
4 72
4 51
4 86
6 96
6 59
6 33
6 41
6 11
6 46
6 81
6 19
6 22
6 73
6 89
6 27
6 60
6 55
7 80
7 10
7 78
8 32
8 71
8 66
8 29
8 94
8 23
8 61
8 30
8 63
9 99
9 42
9 84
9 54
9 62
9 31
10 97
10 35
10 65
10 84
10 95
13 35
18 83
18 77
25 84
35 76
35 74
75 84
82 84
62
0 1
0 2
0 3
0 4
0 5
0 6
0 7
0 8
0 9
0 10
0 11
0 12
0 13
0 14
0 15
0 16
0 17
0 18
0 19
0 20
0 21
0 22
0 23
0 24
0 25
0 26
0 27
0 28
0 29
0 30
0 31
0 32
0 33
0 34
0 35
0 36
0 37
0 38
0 39
0 40
0 41
0 42
0 43
0 44
0 45
0 46
0 47
0 48
0 49
0 50
0 51
0 52
0 53
0 54
0 55
0 56
0 57
0 58
0 59
0 60
0 61
0 62
93
1 16
1 18
1 99
2 42
2 51
2 29
3 81
3 43
3 44
4 64
4 69
4 47
5 82
5 27
5 45
6 9
6 13
6 46
7 40
7 17
7 93
8 19
8 60
8 87
9 65
9 91
10 76
10 46
10 79
11 67
11 26
11 59
12 40
12 61
12 54
13 88
13 20
14 56
14 92
14 62
15 80
15 98
15 95
16 75
17 36
18 21
19 80
20 34
21 49
21 71
22 76
22 93
22 47
23 24
23 38
23 55
24 30
25 48
25 69
25 63
26 66
26 83
27 74
30 33
30 45
31 51
31 53
31 70
32 73
32 85
32 55
34 37
34 77
35 81
35 74
35 39
38 57
41 72
41 73
41 59
42 89
46 98
47 52
50 92
50 61
50 94
57 97
57 68
60 99
60 78
70 93
76 97
78 84
99
0 35
0 36
0 40
0 73
0 30
0 63
1 34
1 15
1 20
1 89
1 57
1 27
2 39
2 14
2 17
2 19
2 52
2 61
3 51
3 71
3 8
3 44
3 83
3 62
4 8
4 25
4 59
4 45
5 8
6 26
6 14
6 78
6 31
7 44
8 21
8 55
9 17
10 90
10 18
10 70
10 93
11 33
11 97
11 12
11 81
11 58
11 91
12 98
12 67
12 72
12 80
12 24
13 70
14 99
14 92
14 50
15 56
15 28
15 45
16 36
16 46
16 22
16 29
17 96
17 82
17 54
18 43
18 85
18 23
22 38
22 77
22 49
22 86
22 94
26 74
26 60
26 95
27 75
27 65
30 32
30 66
30 41
30 79
30 87
37 97
37 74
42 80
42 48
42 53
42 88
44 48
47 97
48 68
48 76
54 77
64 85
69 85
70 75
84 97
92
1 47
2 51
3 51
4 69
5 69
6 11
6 67
6 68
7 68
8 60
8 58
8 68
9 64
9 59
9 61
10 68
12 78
13 78
14 78
15 78
16 69
17 47
18 47
19 47
20 51
21 51
22 51
23 80
23 84
23 85
23 86
23 87
23 88
23 89
23 90
24 64
24 35
24 68
24 69
24 78
24 47
24 81
24 51
24 91
24 28
25 29
26 91
27 42
28 42
28 29
28 45
30 78
31 78
32 78
33 35
34 35
35 74
35 75
35 76
35 77
35 83
36 91
37 91
38 91
39 45
40 42
41 91
43 45
44 78
46 47
47 48
47 52
47 53
49 51
50 51
51 54
55 69
56 69
57 64
62 64
63 64
64 65
64 66
69 70
69 71
69 72
73 77
77 82
79 91
80 81
91 92
91 93
99
0 1
0 42
0 51
0 17
0 47
1 97
1 6
1 71
1 8
1 41
1 64
1 53
1 86
1 29
2 65
2 34
2 35
2 69
2 70
2 39
2 7
2 76
2 50
2 21
2 23
2 88
2 89
2 59
3 96
3 19
3 73
3 10
3 77
3 46
3 83
3 52
3 55
3 90
4 33
4 7
4 72
4 16
4 17
4 22
4 24
4 57
4 26
4 92
5 7
6 61
6 95
6 37
6 13
7 25
7 93
9 36
9 40
9 74
9 45
9 20
9 84
9 58
9 28
9 30
10 26
10 67
10 44
11 16
12 32
12 80
12 85
14 15
14 43
14 66
14 79
14 87
15 32
15 98
15 91
15 60
16 18
16 54
16 62
16 31
17 81
17 78
17 94
18 48
18 63
26 99
26 36
27 43
32 56
36 75
36 38
36 43
43 49
46 82
46 68
98
0 3
0 14
1 8
2 8
3 6
3 7
4 5
5 8
5 6
9 10
9 12
9 13
9 23
10 17
11 17
12 16
12 15
14 17
18 32
18 19
18 21
18 22
19 26
20 26
21 24
21 25
23 26
27 41
27 28
27 29
27 30
27 31
30 33
30 34
31 32
32 35
36 40
36 50
36 37
36 38
36 39
39 42
39 43
40 41
41 44
45 48
45 49
45 59
45 46
46 53
47 53
48 51
48 52
50 53
54 56
54 57
54 58
54 68
54 55
57 60
57 61
58 59
59 62
63 64
63 66
63 67
63 77
64 71
65 71
66 69
66 70
68 71
72 73
72 74
72 75
72 76
72 86
75 78
75 79
76 77
77 80
81 82
81 83
81 84
81 85
81 95
84 88
84 87
85 86
86 89
90 91
90 92
90 93
90 94
93 96
93 97
94 95
95 98
99
0 1
0 2
0 3
0 5
0 7
0 11
0 12
0 18
0 20
0 21
0 23
0 29
0 31
0 32
0 33
0 34
0 40
0 43
0 44
0 45
0 46
0 49
0 50
0 54
0 55
0 56
0 57
0 61
0 68
0 69
0 70
0 71
0 78
0 80
0 84
0 88
0 90
0 93
0 96
0 97
1 8
1 9
1 16
1 17
1 19
1 22
1 24
1 28
1 36
1 37
1 39
1 41
1 42
1 47
1 59
1 65
1 66
1 67
1 73
1 76
1 79
1 83
1 86
1 87
2 99
2 4
2 6
2 38
2 72
2 81
2 82
2 52
2 85
2 25
2 89
2 58
2 92
2 30
2 63
3 64
3 35
3 15
3 27
3 51
3 91
4 10
4 75
4 13
4 60
4 62
5 48
5 74
5 53
5 14
26 87
77 87
87 94
94 98
94 95
39
0 7
1 2
1 3
1 6
1 17
1 19
1 29
2 4
2 33
3 18
3 30
3 23
5 38
5 8
5 11
5 16
5 22
5 27
7 32
7 37
7 9
7 10
7 12
7 13
7 25
9 34
9 36
12 35
12 17
12 21
12 28
12 31
14 17
15 20
17 39
20 35
20 27
24 27
26 35
99
0 98
0 2
1 3
2 3
3 4
4 5
4 6
5 7
7 9
8 9
9 11
10 12
11 13
12 13
12 14
13 15
15 17
16 17
17 19
18 19
19 21
20 22
21 23
22 24
22 23
23 25
25 27
26 27
27 29
28 30
29 31
30 32
30 31
31 33
33 35
34 36
35 37
36 37
36 38
37 39
39 41
40 42
41 43
42 43
42 44
43 45
45 47
46 47
47 49
48 49
49 51
50 52
51 53
52 53
52 54
53 55
55 57
56 57
57 59
58 60
59 61
60 61
60 62
61 63
63 65
64 66
65 67
66 67
66 68
67 69
69 71
70 71
71 73
72 74
73 75
74 75
74 76
75 77
77 79
78 80
79 81
80 81
80 82
81 83
83 85
84 85
85 87
86 87
87 89
88 89
89 91
90 92
91 93
92 93
92 94
93 95
95 97
96 97
97 99
99
0 1
0 99
0 94
0 35
1 2
1 5
1 11
1 15
1 21
1 27
1 33
1 36
1 37
1 38
1 39
1 43
1 48
1 50
1 51
1 55
1 56
1 58
1 59
1 60
1 61
1 62
1 63
1 65
1 79
1 80
1 85
1 89
1 98
2 8
2 26
2 18
2 7
3 97
3 34
3 68
3 5
3 40
3 73
3 30
3 75
3 12
3 14
3 47
3 16
3 49
3 19
3 52
3 46
3 24
3 4
3 91
3 20
3 69
5 67
5 22
5 6
5 9
5 74
5 77
5 82
5 54
5 88
5 57
5 90
5 31
5 29
5 95
6 66
6 70
6 42
6 81
6 84
6 23
6 25
6 28
10 14
11 64
11 92
11 41
13 96
13 71
13 72
13 78
13 53
13 93
14 86
16 32
16 17
16 83
16 44
17 76
17 71
45 71
71 87
99
0 1
0 34
0 35
1 2
1 36
1 37
2 3
2 38
2 39
3 40
3 41
3 4
4 42
4 43
4 5
5 44
5 45
5 6
6 47
6 46
6 7
7 48
7 8
7 49
8 9
8 50
8 51
9 10
9 52
9 53
10 11
10 54
10 55
11 56
11 57
11 12
12 58
12 59
12 13
13 60
13 61
13 14
14 15
14 62
14 63
15 16
15 65
15 64
16 17
16 66
16 67
17 18
17 68
17 69
18 19
18 70
18 71
19 72
19 73
19 20
20 74
20 75
20 21
21 76
21 77
21 22
22 79
22 78
22 23
23 24
23 81
23 80
24 25
24 82
24 83
25 26
25 84
25 85
26 27
26 86
26 87
27 88
27 89
27 28
28 90
28 91
28 29
29 92
29 93
29 30
30 95
30 94
30 31
31 32
31 97
31 96
32 33
32 98
32 99
99
0 1
1 2
1 3
1 15
1 35
1 52
1 25
1 59
2 4
2 9
2 12
2 13
2 14
2 16
2 18
2 21
2 26
2 28
2 30
2 37
2 39
2 40
2 41
2 46
2 51
2 53
2 60
2 69
2 72
2 76
2 78
2 88
2 96
3 90
3 97
5 64
5 32
5 98
5 6
5 75
5 66
5 81
5 19
5 20
5 85
5 84
5 58
5 91
5 28
5 61
5 95
6 33
6 11
6 68
6 55
7 34
7 67
7 38
7 71
7 8
7 73
7 44
7 50
7 28
7 82
7 94
7 54
7 23
7 56
7 92
7 62
8 10
8 43
8 22
8 31
13 48
13 74
13 47
14 77
14 80
14 17
14 27
14 93
20 89
20 86
24 65
24 36
24 49
24 50
24 83
24 29
28 42
28 45
28 63
29 57
29 99
29 70
29 87
50 79
80
0 64
0 1
0 2
0 4
0 22
0 70
0 73
0 74
0 46
0 79
0 48
0 24
0 52
0 54
0 56
0 25
0 60
0 42
1 65
1 35
1 32
1 33
1 44
1 71
1 12
1 45
1 15
1 16
1 76
1 53
1 9
1 26
1 59
1 30
1 63
3 41
3 51
3 52
3 37
3 31
4 43
4 77
4 14
5 30
6 41
7 52
8 52
10 51
11 52
13 30
17 30
18 30
19 30
20 30
21 30
23 41
27 30
28 52
29 30
30 67
30 36
30 38
30 40
30 78
30 49
30 50
30 72
30 57
30 58
30 61
34 51
39 52
41 80
47 52
51 69
51 66
51 55
51 62
52 68
52 75
98
0 4
1 27
2 27
3 4
4 7
4 8
4 10
4 14
4 16
4 17
4 19
4 21
4 22
4 24
4 30
4 31
4 34
4 35
4 36
4 38
4 39
4 41
4 42
4 43
4 46
4 49
4 51
4 54
4 55
4 57
4 60
4 61
4 63
4 64
4 66
4 67
4 68
4 69
4 70
4 71
4 72
4 76
4 82
4 84
4 87
4 90
4 93
4 94
4 97
4 98
4 99
5 27
6 27
9 27
11 27
12 27
13 27
15 27
18 27
20 27
23 27
25 27
26 27
27 28
27 29
27 32
27 33
27 37
27 44
27 45
27 47
27 48
27 50
27 52
27 53
27 56
27 58
27 59
27 62
27 65
27 67
27 73
27 74
27 75
27 77
27 78
27 79
27 80
27 81
27 83
27 85
27 86
27 88
27 89
27 91
27 92
27 95
27 96
98
0 44
2 92
3 92
4 44
5 44
6 44
7 92
8 44
9 92
10 92
11 92
12 44
13 44
14 92
15 44
15 92
16 44
17 44
18 92
19 44
20 44
21 92
22 44
23 92
24 92
25 92
26 44
27 92
28 44
29 44
30 92
31 44
32 92
33 44
34 44
35 92
36 44
37 44
38 44
39 92
40 92
41 92
42 44
43 92
44 45
44 49
44 52
44 55
44 56
44 58
44 59
44 61
44 62
44 64
44 66
44 72
44 76
44 77
44 78
44 81
44 84
44 86
44 87
44 89
44 90
44 93
44 94
44 95
44 96
44 98
46 92
47 92
48 92
50 92
51 92
53 92
54 92
57 92
60 92
63 92
65 92
67 92
68 92
69 92
70 92
71 92
73 92
74 92
75 92
79 92
80 92
82 92
83 92
85 92
88 92
91 92
92 97
92 99
38
1 3
1 4
1 39
1 11
1 13
1 17
1 19
1 20
1 22
2 32
2 10
2 36
5 32
6 7
7 9
8 9
8 21
8 38
8 31
9 11
9 12
11 35
11 28
12 14
12 23
13 32
13 27
15 16
16 17
16 18
23 24
23 29
24 25
25 26
29 33
29 30
33 34
33 37
67
1 51
1 2
1 43
1 68
1 12
2 9
2 3
4 43
5 6
6 8
6 11
6 7
10 11
11 13
11 15
14 43
15 16
15 43
16 17
18 19
19 20
19 60
19 22
21 26
23 24
23 26
23 60
25 26
25 27
25 55
28 31
29 43
30 36
30 60
30 31
31 32
33 55
34 59
35 39
37 38
38 41
38 39
39 59
40 41
41 42
41 45
43 44
46 47
47 48
47 50
47 60
48 49
51 52
51 53
51 54
54 56
54 59
54 55
57 59
58 59
60 62
61 62
62 63
63 64
63 65
65 66
65 67
99
0 1
1 2
1 11
2 3
2 12
3 4
3 13
4 5
4 14
5 6
5 15
6 16
6 7
7 8
7 17
8 9
8 18
10 20
14 24
18 28
19 29
20 21
20 30
21 22
21 31
22 32
22 23
23 24
23 33
24 34
25 35
26 36
27 28
27 37
28 29
28 38
29 39
35 36
35 45
36 37
36 46
37 47
40 50
41 51
42 52
43 53
44 54
45 55
48 58
49 59
50 51
50 60
51 52
51 61
52 53
52 62
53 54
54 64
54 55
55 56
55 65
57 58
58 59
58 68
59 69
61 71
63 73
65 75
66 76
67 77
69 79
70 80
72 73
73 83
74 75
75 76
75 85
76 77
76 86
77 78
77 87
78 88
78 79
79 89
80 81
80 90
82 92
83 93
84 94
85 95
89 99
90 91
91 92
92 93
93 94
94 95
95 96
96 97
97 98
99
0 1
0 2
0 3
0 4
0 5
0 6
0 7
0 8
0 9
1 10
1 11
1 12
1 13
1 14
1 15
1 16
1 17
1 18
1 19
2 20
2 21
2 22
2 23
2 24
2 25
2 26
2 27
2 28
2 29
3 33
3 34
3 35
3 36
3 37
3 38
3 39
3 32
3 30
3 31
4 40
4 41
4 42
4 43
4 44
4 45
4 46
4 47
4 48
4 49
5 50
5 51
5 52
5 53
5 54
5 55
5 56
5 57
5 58
5 59
6 65
6 66
6 67
6 68
6 69
6 64
6 60
6 61
6 62
6 63
7 70
7 71
7 72
7 73
7 74
7 75
7 76
7 77
7 78
7 79
8 80
8 81
8 82
8 83
8 84
8 85
8 86
8 87
8 88
8 89
9 96
9 98
9 99
9 97
9 90
9 91
9 92
9 93
9 94
9 95
99
0 1
0 2
0 3
0 4
0 5
0 6
0 7
0 8
0 9
1 10
1 11
1 12
1 13
1 14
1 15
1 16
1 17
1 18
1 19
2 20
2 21
2 22
2 23
2 24
2 25
2 26
2 27
2 28
2 29
3 33
3 34
3 35
3 36
3 37
3 38
3 39
3 32
3 30
3 31
4 40
4 41
4 42
4 43
4 44
4 45
4 46
4 47
4 48
4 49
5 50
5 51
5 52
5 53
5 54
5 55
5 56
5 57
5 58
5 59
6 65
6 66
6 67
6 68
6 69
6 64
6 60
6 61
6 62
6 63
7 70
7 71
7 72
7 73
7 74
7 75
7 76
7 77
7 78
7 79
8 80
8 81
8 82
8 83
8 84
8 85
8 86
8 87
8 88
8 89
9 97
9 98
9 99
9 96
9 90
9 91
9 92
9 93
9 94
9 95
99
0 1
1 2
2 3
3 4
4 5
5 6
6 7
7 8
8 9
9 10
10 11
11 12
12 13
13 14
14 15
15 16
16 17
17 18
18 19
19 20
20 21
21 22
22 23
23 24
24 25
25 26
26 27
27 28
28 29
29 30
30 31
31 32
32 33
33 34
34 35
35 36
36 37
37 38
38 39
39 40
40 41
41 42
42 43
43 44
44 45
45 46
46 47
47 48
48 49
49 50
50 51
51 52
52 53
53 54
54 55
55 56
56 57
57 58
58 59
59 60
60 61
61 62
62 63
63 64
64 65
65 66
66 67
67 68
68 69
69 70
70 71
71 72
72 73
73 74
74 75
75 76
76 77
77 78
78 79
79 80
80 81
81 82
82 83
83 84
84 85
85 86
86 87
87 88
88 89
89 90
90 91
91 92
92 93
93 94
94 95
95 96
96 97
97 98
98 99
91
0 1
0 50
1 2
1 52
2 3
3 4
3 54
4 56
4 5
6 7
7 8
7 57
8 9
8 58
10 11
11 59
11 12
12 13
13 60
13 14
14 15
15 16
15 62
17 18
18 19
19 20
20 64
20 21
21 66
21 22
22 67
22 23
23 24
23 69
24 25
24 70
25 26
26 27
27 72
27 28
28 74
28 29
29 30
30 76
30 31
31 32
31 78
32 33
34 35
35 80
35 36
36 81
36 37
37 38
38 83
38 39
39 40
40 41
40 84
41 42
42 43
42 85
43 44
43 87
44 88
44 45
45 90
45 46
46 91
46 47
48 49
49 65
49 68
49 69
49 71
49 73
49 75
49 77
49 79
49 82
49 51
49 53
49 86
49 55
49 89
49 58
49 61
49 63
56 58
58 83
58 59
98
1 36
1 3
1 4
2 9
2 5
2 6
4 8
4 9
7 8
8 62
10 52
10 44
10 14
10 54
11 17
11 15
12 17
12 13
13 56
15 19
16 20
16 21
16 22
18 88
18 22
19 21
23 30
24 31
25 32
25 34
25 30
26 33
27 33
28 35
29 35
30 44
30 37
31 38
33 41
34 41
35 42
37 38
38 45
39 46
40 47
41 48
41 49
42 49
42 43
43 51
46 53
47 53
47 54
49 56
50 51
51 57
54 55
58 68
58 69
58 78
59 69
60 61
60 70
60 71
61 82
61 62
62 73
63 65
63 74
63 94
64 74
65 66
65 76
65 85
66 67
66 77
69 79
71 72
71 81
74 84
75 85
76 86
79 89
80 81
80 89
81 91
82 93
83 93
86 96
86 95
87 96
88 97
88 89
90 91
90 99
91 92
93 94
97 98
98
0 49
0 52
0 56
0 58
0 59
0 60
0 61
0 62
0 65
0 66
0 67
0 68
0 70
0 71
0 72
0 75
0 77
0 78
0 79
0 81
0 83
0 85
0 86
0 87
0 88
0 90
0 94
0 97
1 64
1 98
1 69
1 73
1 74
1 76
1 80
1 49
1 50
1 51
1 84
1 54
1 55
1 89
1 92
1 93
1 63
2 51
3 49
4 49
4 57
4 91
4 53
4 95
5 49
6 50
7 96
7 82
7 69
8 49
9 49
10 49
11 50
12 49
13 49
14 50
15 50
16 49
17 50
18 49
19 50
20 49
21 49
22 49
23 49
24 49
25 49
26 50
27 49
28 49
29 49
30 51
31 49
32 49
33 49
34 49
35 51
36 49
37 49
38 51
39 49
40 49
41 49
42 49
43 51
44 49
45 49
46 49
47 49
48 49
95
0 66
0 67
0 68
0 39
0 73
0 34
0 82
0 83
0 26
0 59
0 30
1 33
1 35
1 37
1 38
1 72
1 74
1 80
1 81
1 52
1 53
1 54
1 85
1 24
1 84
1 91
1 28
1 62
1 63
2 43
2 70
2 40
2 92
2 42
2 75
2 78
2 49
2 86
2 87
2 24
2 25
2 26
2 60
2 61
2 95
3 36
3 45
3 50
3 25
3 58
3 27
4 32
4 46
4 79
4 51
4 25
4 47
4 29
4 31
5 24
6 26
7 24
8 24
9 64
9 69
9 76
9 44
9 77
9 29
9 56
9 55
9 88
9 89
9 93
9 94
10 24
11 24
12 65
12 71
12 41
12 25
13 24
14 24
15 29
16 24
17 24
18 24
19 56
20 24
21 24
22 76
23 25
25 57
48 76
56 90
94
0 24
0 29
0 30
0 31
0 32
0 33
0 34
0 38
0 45
0 46
0 48
0 50
0 51
0 52
0 56
0 57
0 58
0 59
0 61
0 62
0 65
0 66
0 69
0 71
0 72
0 75
0 76
0 78
0 79
0 83
0 85
0 87
0 89
0 92
0 94
1 19
1 35
1 36
1 39
1 40
1 41
1 42
1 43
1 77
1 81
1 82
1 67
1 52
1 21
1 22
1 73
1 23
1 25
1 90
1 20
1 63
2 19
3 19
4 64
4 37
4 28
4 74
4 47
4 80
4 49
4 84
4 55
4 27
4 60
4 93
5 20
5 91
5 44
6 19
6 68
6 53
7 52
8 19
9 19
10 20
11 20
12 19
13 20
14 88
14 26
14 27
14 52
14 86
15 19
16 19
17 19
18 27
20 54
27 70
99
0 1
1 96
1 34
1 99
1 38
1 7
1 8
1 73
1 10
1 55
1 56
1 95
1 21
1 22
1 87
1 88
1 89
1 63
1 74
1 31
2 65
2 98
2 3
2 51
2 78
2 48
2 82
2 83
2 53
2 86
2 57
2 92
2 35
4 16
4 67
4 75
4 14
4 80
4 18
4 23
5 97
5 37
5 6
5 40
5 42
5 43
5 79
5 18
5 53
5 54
5 61
6 41
6 90
6 68
7 32
7 19
7 20
7 26
7 60
8 49
8 11
8 13
8 85
9 50
9 28
9 42
9 29
10 36
10 70
10 71
10 15
10 47
10 93
12 96
12 24
12 69
12 33
13 64
13 30
13 39
17 72
18 46
22 59
22 52
22 25
27 72
33 72
33 66
33 45
35 96
35 81
35 84
42 44
43 91
43 62
53 58
53 76
53 77
72 94
99
0 1
1 65
1 4
1 37
1 6
1 72
1 13
1 77
1 82
1 86
1 55
1 58
1 59
1 30
2 64
2 3
2 5
2 38
2 74
2 87
2 24
2 57
2 29
2 62
2 95
3 43
3 10
3 15
4 60
4 61
4 14
4 85
5 98
5 67
5 68
5 7
5 44
5 78
5 49
5 51
5 84
5 21
5 56
5 89
5 26
5 63
6 7
6 9
6 79
6 22
6 23
6 88
6 93
6 31
7 97
7 66
7 71
7 42
7 75
7 17
8 32
8 36
8 41
8 14
8 50
8 52
8 90
8 92
11 33
11 99
11 69
11 76
11 35
11 28
12 73
12 18
12 20
14 47
14 80
14 81
14 18
16 40
16 17
16 53
16 25
17 83
18 96
18 19
19 33
19 39
20 27
20 46
20 54
33 48
33 70
34 45
45 64
45 91
64 94
99
0 1
1 68
1 2
1 4
1 38
1 73
1 42
1 75
1 34
1 47
1 17
1 18
1 19
1 45
1 57
1 91
1 92
1 61
2 37
2 6
2 8
2 9
2 43
2 15
2 80
2 81
2 88
3 32
3 16
3 67
3 69
3 39
3 44
3 12
3 79
3 48
3 85
3 86
3 24
3 26
4 66
4 35
4 70
4 71
4 10
4 7
4 77
4 52
4 22
4 23
4 28
4 95
5 8
5 98
5 27
5 78
7 50
7 87
8 56
8 51
11 97
11 60
11 13
11 20
11 90
11 28
11 31
13 65
13 83
13 94
13 89
14 40
14 41
14 49
14 54
14 58
14 60
14 30
20 76
20 21
20 86
20 59
20 63
23 74
23 84
23 46
24 25
24 55
26 96
26 99
26 36
26 29
28 33
53 62
60 93
62 64
62 89
72 86
82 89
35
10 20
10 11
10 12
13 21
20 21
20 30
20 23
21 22
30 40
30 33
30 32
30 31
40 41
40 50
40 43
40 42
50 60
50 51
50 52
53 61
60 61
60 70
60 63
61 62
70 80
70 72
70 71
73 81
80 81
80 90
81 82
83 91
90 91
90 93
91 92
5
0 1
1 2
1 3
1 4
3 5
99
0 33
0 66
0 67
0 34
0 1
1 2
2 3
3 4
4 5
5 6
6 7
7 8
8 9
9 10
10 11
11 12
12 13
13 14
14 15
15 16
16 17
17 18
18 19
19 20
20 21
21 22
22 23
23 24
24 25
25 26
26 27
27 28
28 29
29 30
30 31
31 32
34 35
35 36
36 37
37 38
38 39
39 40
40 41
41 42
42 43
43 44
44 45
45 46
46 47
47 48
48 49
49 50
50 51
51 52
52 53
53 54
54 55
55 56
56 57
57 58
58 59
59 60
60 61
61 62
62 63
63 64
64 65
67 68
68 69
69 70
70 71
71 72
72 73
73 74
74 75
75 76
76 77
77 78
78 79
79 80
80 81
81 82
82 83
83 84
84 85
85 86
86 87
87 88
88 89
89 90
90 91
91 92
92 93
93 94
94 95
95 96
96 97
97 98
98 99
99
0 19
0 1
0 99
1 2
1 3
1 4
1 5
1 6
1 7
1 8
1 9
1 10
1 11
1 12
1 13
1 14
1 15
1 16
1 17
1 18
19 39
19 59
19 20
19 79
20 21
21 32
21 33
21 34
21 35
21 36
21 37
21 38
21 22
21 23
21 24
21 25
21 26
21 27
21 28
21 29
21 30
21 31
40 41
41 42
41 43
41 44
41 45
41 46
41 47
41 49
41 50
41 51
41 52
41 53
41 54
41 55
41 56
41 57
41 58
41 59
48 59
59 60
61 64
61 65
61 66
61 67
61 68
61 69
61 70
61 71
61 72
61 73
61 74
61 75
61 76
61 77
61 78
61 79
61 63
62 79
79 80
80 81
81 96
81 97
81 98
81 82
81 83
81 84
81 85
81 86
81 87
81 88
81 89
81 90
81 91
81 92
81 93
81 94
81 95
43
1 2
1 3
1 4
1 5
1 6
1 7
1 8
1 9
1 10
1 11
1 12
1 13
1 14
1 15
1 16
1 17
1 18
1 19
1 20
1 21
1 22
1 23
1 24
1 25
1 26
1 27
1 28
1 29
1 30
1 31
1 32
1 33
1 34
1 35
1 36
1 37
1 38
1 39
1 40
1 41
1 42
1 43
1 44
98
1 3
2 3
3 4
3 5
5 7
6 8
7 8
7 9
8 10
9 11
11 13
12 13
13 15
14 15
15 17
16 18
17 19
18 19
18 20
19 21
20 22
22 24
22 23
24 26
25 26
26 28
27 29
28 29
28 30
29 31
31 33
32 34
33 34
33 35
34 36
36 38
37 39
38 40
39 40
39 41
40 42
42 44
43 44
44 46
45 46
46 48
47 49
48 49
48 50
49 51
51 53
52 54
53 55
54 56
54 55
55 57
57 59
58 60
59 60
59 61
60 62
61 63
63 64
63 65
65 67
66 68
67 69
68 69
68 70
69 71
71 73
72 73
73 74
73 75
75 76
75 77
77 79
78 80
79 81
80 81
80 82
81 83
83 85
84 86
85 87
86 88
86 87
87 89
89 91
90 92
91 93
92 93
92 94
93 95
95 96
96 97
97 98
97 99
99
0 1
0 4
0 5
0 15
0 80
0 20
1 2
1 6
1 16
1 81
1 21
2 3
2 7
2 17
2 82
2 22
3 8
3 83
3 18
3 23
4 9
4 19
4 84
4 24
5 25
5 10
5 85
6 26
6 11
6 86
7 27
7 12
7 87
8 88
8 28
8 13
9 89
9 29
9 14
10 90
10 30
11 91
11 31
12 32
12 92
13 33
13 93
14 34
14 94
15 35
15 95
16 96
16 36
17 97
17 37
18 98
18 38
19 99
19 39
34 54
40 41
40 60
40 45
41 61
42 57
42 43
42 62
43 48
43 58
43 63
44 64
44 49
44 59
45 65
45 50
45 46
45 49
46 66
46 47
47 67
48 68
48 53
49 69
50 51
50 70
51 52
51 71
52 72
53 73
53 54
54 74
55 56
55 75
55 59
56 76
57 77
58 59
58 78
59 79
62
0 1
0 2
0 3
0 4
0 5
0 6
0 7
0 8
0 9
0 10
0 11
0 12
0 13
0 14
0 15
0 16
0 17
0 18
0 19
0 20
0 21
0 22
0 23
0 24
0 25
0 26
0 27
0 28
0 29
0 30
0 31
0 32
0 33
0 34
0 35
0 36
0 37
0 38
0 39
0 40
0 41
0 42
0 43
0 44
0 45
0 46
0 47
0 48
0 49
0 50
0 51
0 52
0 53
0 54
0 55
0 56
0 57
0 58
0 59
0 60
0 61
0 62
99
0 1
0 2
0 3
3 6
4 7
5 8
6 8
6 7
7 10
8 11
9 11
10 13
11 14
12 14
14 17
15 18
16 19
17 20
18 19
18 21
19 22
20 23
21 24
21 23
22 25
23 26
25 28
27 28
28 31
29 32
30 32
30 33
30 31
31 34
32 35
34 37
35 38
36 37
37 40
39 42
40 43
41 44
42 43
42 44
42 45
43 46
44 47
46 49
47 50
48 50
50 53
51 54
52 55
53 56
54 56
54 57
54 55
55 58
56 59
58 61
60 61
61 64
62 65
63 64
64 67
65 68
66 69
67 70
68 71
69 70
69 71
70 73
71 74
72 74
74 77
75 78
76 79
77 80
78 80
78 79
79 82
80 83
81 82
82 85
83 86
84 85
85 88
87 90
88 91
89 92
90 92
90 93
91 94
92 95
93 96
93 94
94 97
96 98
96 99
