3
99
0 74
1 49
2 25
3 49
4 49
5 49
6 78
7 25
8 25
9 25
10 49
11 78
12 78
13 74
14 74
15 78
16 49
17 78
18 78
19 74
20 74
21 74
22 74
23 25
24 25
25 27
25 34
25 40
25 47
25 55
25 58
25 62
25 66
25 70
25 72
25 76
25 81
25 83
25 87
25 88
25 90
25 92
25 93
25 97
26 49
28 74
29 74
30 78
31 78
32 78
33 74
35 49
36 49
37 78
38 78
39 78
41 78
42 74
43 78
44 74
45 78
46 49
48 78
49 50
49 51
49 56
49 59
49 65
49 66
49 73
49 75
49 79
49 80
49 82
49 94
49 95
49 96
52 74
53 74
54 78
57 74
60 74
61 74
63 74
64 74
66 74
66 78
67 78
68 78
69 78
71 74
74 77
74 84
74 89
74 98
78 85
78 86
78 91
78 99
99
0 48
1 82
2 15
3 15
4 48
4 82
4 15
4 71
5 48
6 71
7 71
8 82
9 48
10 48
11 48
12 48
13 82
14 15
15 19
15 21
15 23
15 27
15 29
15 33
15 37
15 38
15 40
15 44
15 51
15 54
15 57
15 60
15 70
15 75
15 78
15 79
15 80
15 95
15 96
16 48
17 48
18 48
20 48
22 71
24 71
25 82
26 82
28 71
30 82
31 71
32 48
34 82
35 82
36 48
39 71
41 48
42 71
43 71
45 82
46 48
47 82
48 65
48 67
48 68
48 76
48 85
48 87
48 89
48 92
48 97
49 82
50 82
52 71
53 82
55 82
56 82
58 82
59 71
61 71
62 71
63 71
64 71
66 71
69 82
71 73
71 77
71 83
71 84
71 86
71 88
71 93
71 94
72 82
74 82
81 82
82 90
82 91
82 98
82 99
95
0 4
0 7
0 40
0 43
0 13
0 15
0 16
0 19
0 52
0 22
0 87
0 31
1 64
1 2
1 3
1 38
1 81
1 54
2 96
2 36
2 65
2 39
2 41
2 47
2 49
2 25
2 59
3 18
3 35
3 93
4 72
4 10
4 51
4 21
4 55
4 58
4 63
5 80
5 98
5 45
5 79
5 48
5 20
5 86
5 24
5 27
5 28
6 34
6 68
6 37
6 7
6 8
6 12
6 17
6 92
7 66
7 67
7 85
7 94
8 32
8 62
8 78
9 73
9 90
9 84
9 89
9 60
11 96
14 75
15 44
15 76
15 20
15 57
15 30
20 74
23 73
26 42
29 42
29 88
29 83
29 56
29 91
29 61
33 97
33 53
33 69
42 96
42 50
46 82
46 99
46 70
71 73
73 96
73 95
77 96
