124
6
0 1
0 2
0 3
0 4
0 5
4 6
7
0 1
0 2
0 5
1 3
1 4
3 6
4 7
5
0 1
0 5
1 2
1 4
2 3
19
0 1
0 18
0 4
2 19
2 11
3 16
3 10
3 13
4 7
5 16
5 6
6 9
6 18
7 17
7 19
8 15
9 14
9 15
12 15
99
0 1
0 99
2 3
2 99
4 99
4 5
6 99
6 7
8 9
8 99
10 99
10 11
12 99
12 13
14 99
14 15
16 17
16 99
18 99
18 19
20 99
20 21
22 99
22 23
24 25
24 99
26 99
26 27
28 99
28 29
30 99
30 31
32 33
32 99
34 99
34 35
36 99
36 37
38 99
38 39
40 41
40 99
42 99
42 43
44 99
44 45
46 99
46 47
48 49
48 99
50 51
50 99
52 99
52 53
54 99
54 55
56 57
56 99
58 99
58 59
60 99
60 61
62 99
62 63
64 65
64 99
66 67
66 99
68 99
68 69
70 99
70 71
72 73
72 99
74 75
74 99
76 99
76 77
78 99
78 79
80 81
80 99
82 83
82 99
84 99
84 85
86 99
86 87
88 89
88 99
90 91
90 99
92 99
92 93
94 99
94 95
96 97
96 99
98 99
99
0 1
0 2
0 98
3 98
3 4
3 5
6 8
6 98
6 7
9 98
9 11
9 10
12 98
12 13
12 14
15 16
15 17
15 98
18 98
18 19
18 20
21 98
21 22
21 23
24 25
24 26
24 98
27 98
27 28
27 29
30 32
30 98
30 31
33 98
33 35
33 34
36 98
36 37
36 38
39 40
39 41
39 98
42 98
42 43
42 44
45 98
45 46
45 47
48 49
48 98
48 50
50 51
50 99
51 52
53 99
53 54
54 55
56 57
56 99
57 58
59 99
59 60
60 61
62 99
62 63
63 64
65 66
65 99
66 67
68 99
68 69
69 70
71 72
71 99
72 73
74 99
74 75
75 76
77 99
77 78
78 79
80 81
80 99
81 82
83 99
83 84
84 85
86 99
86 87
87 88
89 90
89 99
90 91
92 99
92 93
93 94
95 96
95 99
96 97
99
0 1
0 8
0 9
0 10
0 12
0 13
0 16
0 17
0 18
0 19
0 21
0 24
0 26
0 29
0 32
0 34
0 35
0 38
0 42
0 43
0 44
0 46
0 47
0 51
0 55
0 56
0 61
0 63
0 64
0 66
0 70
0 71
0 72
0 77
0 78
0 80
0 82
0 83
0 86
0 89
0 92
0 93
0 94
0 99
1 2
1 75
1 68
1 37
1 7
1 40
1 73
1 39
1 76
1 14
1 15
1 81
1 91
1 85
1 23
1 25
1 59
1 28
1 31
2 3
2 69
2 6
2 41
2 49
2 20
2 62
2 87
2 88
2 52
2 58
2 27
2 30
2 95
3 65
3 4
3 74
3 98
3 79
3 48
3 50
3 53
4 67
4 5
4 45
4 84
4 54
4 90
4 60
5 96
5 11
5 22
6 97
7 57
7 33
8 36
89
0 2
0 4
0 6
0 9
0 10
0 11
0 12
0 15
0 16
0 18
0 19
0 20
0 21
0 24
0 25
0 27
0 29
0 30
0 33
0 34
0 37
0 40
0 71
1 2
1 3
1 36
1 5
1 7
1 42
1 39
1 44
1 43
1 35
1 22
1 23
1 26
2 38
2 32
2 8
2 41
2 13
2 28
2 31
3 59
4 17
4 14
12 67
19 93
22 62
28 88
28 98
32 84
43 58
43 95
55 56
55 57
55 59
55 61
55 63
55 65
55 66
55 70
55 73
55 74
55 75
55 76
55 77
55 78
55 79
55 80
55 81
55 83
55 86
55 89
55 94
55 96
56 99
56 68
56 72
56 92
56 85
56 90
56 91
56 60
57 97
57 82
57 69
58 64
58 87
90
0 1
0 2
0 3
0 4
0 5
0 6
0 7
0 8
0 9
0 10
0 11
0 12
0 13
0 14
0 15
0 16
0 17
0 18
0 19
0 20
0 21
0 22
0 23
0 24
0 25
0 26
0 27
0 28
0 29
0 31
0 73
1 85
2 50
3 71
6 47
7 48
9 43
12 99
13 76
14 49
16 45
18 38
21 87
24 32
25 56
25 61
25 94
25 55
26 75
27 42
28 62
28 46
30 47
31 40
31 59
31 44
32 33
32 70
32 41
33 34
34 35
35 64
35 36
36 37
38 39
39 93
40 77
42 90
42 54
42 79
44 98
46 57
47 52
48 72
50 65
50 67
50 68
50 69
50 66
50 78
50 51
50 53
50 58
50 60
50 63
51 74
53 89
57 86
59 82
70 80
99
0 1
0 2
0 3
0 4
0 5
0 6
0 7
0 8
0 9
0 10
0 11
0 12
0 13
0 14
0 15
0 16
0 17
0 18
0 19
0 20
0 21
0 22
0 23
0 24
0 25
0 26
0 27
0 28
0 29
0 30
0 31
0 32
0 33
0 34
0 35
0 36
0 37
0 38
0 39
0 40
0 41
0 42
0 43
0 44
0 45
0 46
0 47
0 48
0 49
0 50
0 51
0 52
0 53
0 54
0 55
0 56
0 57
0 58
0 59
0 60
0 61
0 62
0 63
0 64
0 65
0 66
0 67
0 68
0 69
0 70
0 71
0 72
0 73
0 74
0 75
0 76
0 77
0 78
0 79
0 80
0 81
0 82
0 83
0 84
0 85
0 86
0 87
0 88
0 89
0 90
0 91
0 92
0 93
0 94
0 95
0 96
0 97
0 98
0 99
99
0 1
0 3
0 4
1 2
4 8
4 5
4 7
5 6
8 9
8 11
8 12
9 10
12 16
12 13
12 15
13 14
16 17
16 19
16 20
17 18
20 24
20 21
20 23
21 22
24 25
24 27
24 28
25 26
28 32
28 29
28 31
29 30
32 33
32 35
32 36
33 34
36 40
36 37
36 39
37 38
40 44
40 43
40 41
41 42
44 48
44 45
44 47
45 46
48 49
48 51
48 52
49 50
52 56
52 53
52 55
53 54
56 60
56 59
56 57
57 58
60 64
60 61
60 63
61 62
64 68
64 65
64 67
65 66
68 72
68 69
68 71
69 70
72 76
72 75
72 73
73 74
76 80
76 77
76 79
77 78
80 84
80 83
80 81
81 82
84 88
84 85
84 87
85 86
88 92
88 91
88 89
89 90
92 96
92 93
92 95
93 94
96 97
96 99
97 98
99
0 1
0 2
1 3
1 4
2 5
2 6
3 8
3 7
4 10
4 9
5 11
5 12
6 13
6 14
7 16
7 15
8 17
8 18
9 20
9 19
10 21
10 22
11 24
11 23
12 25
12 26
13 27
13 28
14 30
14 29
15 32
15 31
16 33
16 34
17 35
17 36
18 37
18 38
19 40
19 39
20 42
20 41
21 43
21 44
22 45
22 46
23 48
23 47
24 49
24 50
25 52
25 51
26 53
26 54
27 56
27 55
28 57
28 58
29 59
29 60
30 62
30 61
31 64
31 63
32 65
32 66
33 67
33 68
34 69
34 70
35 72
35 71
36 74
36 73
37 75
37 76
38 77
38 78
39 80
39 79
40 81
40 82
41 84
41 83
42 85
42 86
43 88
43 87
44 89
44 90
45 91
45 92
46 94
46 93
47 96
47 95
48 97
48 98
49 99
99
0 96
0 99
0 94
1 32
1 33
1 34
1 2
1 31
2 3
2 36
2 35
3 4
3 37
3 38
4 40
4 5
4 39
5 41
5 42
5 6
6 43
6 44
6 7
7 8
7 46
7 45
8 48
8 9
8 47
9 49
9 10
9 50
10 11
10 52
10 51
11 12
11 53
11 54
12 56
12 13
12 55
13 57
13 58
13 14
14 59
14 60
14 15
15 16
15 62
15 61
16 64
16 17
16 63
17 65
17 18
17 66
18 19
18 67
18 68
19 20
19 69
19 70
20 72
20 21
20 71
21 73
21 74
21 22
22 75
22 76
22 23
23 24
23 78
23 77
24 80
24 25
24 79
25 81
25 26
25 82
26 83
26 27
26 84
27 28
27 85
27 86
28 88
28 29
28 87
29 89
29 90
29 30
30 91
30 92
30 93
91 96
91 95
94 97
94 98
99
0 1
0 4
0 8
0 10
0 11
0 12
0 13
0 14
0 15
0 16
0 17
0 18
0 21
0 46
0 52
0 57
0 59
0 60
0 61
0 75
0 77
0 99
1 68
1 2
1 36
1 90
1 6
1 7
1 96
1 78
1 93
1 19
1 20
1 22
1 23
1 24
1 25
1 26
1 27
1 58
2 32
2 98
2 3
2 37
2 33
2 9
2 74
2 55
2 34
2 35
2 85
2 73
2 87
2 56
2 28
2 29
2 30
2 31
3 69
3 38
3 39
3 40
3 41
3 42
3 43
3 44
3 45
3 47
3 48
3 51
3 86
4 97
4 5
4 81
4 49
4 50
4 83
4 53
4 54
4 92
4 94
4 63
5 64
5 62
6 66
6 67
6 70
6 71
6 72
6 65
7 80
7 82
7 76
7 79
8 88
8 95
8 84
8 89
9 91
98
0 96
0 1
0 2
0 3
1 97
1 4
2 98
2 5
3 6
4 7
5 8
6 9
7 10
8 11
9 12
10 13
11 14
12 15
13 16
14 17
15 18
16 19
17 20
18 21
19 22
20 23
21 24
22 25
23 26
24 27
25 28
26 29
27 30
28 31
29 32
30 33
31 34
32 35
33 36
34 37
35 38
36 39
37 40
38 41
39 42
40 43
41 44
42 45
43 46
44 47
45 48
46 49
47 50
48 51
49 52
50 53
51 54
52 55
53 56
54 57
55 58
56 59
57 60
58 61
59 62
60 63
61 64
62 65
63 66
64 67
65 68
66 69
67 70
68 71
69 72
70 73
71 74
72 75
73 76
74 77
75 78
76 79
77 80
78 81
79 82
80 83
81 84
82 85
83 86
84 87
85 88
86 89
87 90
88 91
89 92
90 93
91 94
92 95
82
0 1
0 2
0 3
0 4
1 7
1 5
1 6
1 55
2 68
2 8
2 9
2 10
2 76
3 11
3 12
3 13
3 54
4 65
4 14
4 15
4 16
4 61
5 64
5 67
5 17
5 18
5 19
6 59
6 20
6 21
6 22
7 69
7 72
7 23
7 24
7 25
8 27
8 28
8 26
8 63
9 29
9 30
9 31
10 32
10 33
10 34
10 57
11 35
11 36
11 37
12 38
12 39
12 40
12 79
12 62
13 41
13 42
13 43
14 44
14 45
14 46
14 77
14 80
15 48
15 49
15 47
16 52
16 50
16 51
17 56
17 73
17 75
17 53
18 58
19 81
19 60
19 71
20 78
21 66
22 70
24 74
26 82
80
0 1
0 9
1 10
1 2
2 3
2 11
3 4
3 12
4 13
4 5
5 14
5 6
6 7
6 15
7 16
7 8
8 17
9 18
10 19
11 20
12 21
13 22
14 23
15 24
16 25
17 26
18 27
19 28
20 29
21 30
22 31
23 32
24 33
25 34
26 35
27 36
28 37
29 38
30 39
31 40
32 41
33 42
34 43
35 44
36 45
37 46
38 47
39 48
40 49
41 50
42 51
43 52
44 53
45 54
46 55
47 56
48 57
49 58
50 59
51 60
52 61
53 62
54 63
55 64
56 65
57 66
58 67
59 68
60 69
61 70
62 71
63 72
64 73
65 74
66 75
67 76
68 77
69 78
70 79
71 80
98
0 42
0 43
1 43
1 53
2 64
2 62
3 52
3 36
4 34
4 60
5 36
5 44
6 38
6 63
7 36
7 37
8 34
8 42
9 35
9 45
10 52
10 39
11 42
11 54
12 57
12 35
13 59
13 44
14 58
14 55
15 34
15 51
16 50
16 54
17 56
17 58
18 40
18 59
19 40
19 41
20 50
21 57
21 62
22 56
22 44
23 53
24 57
24 54
25 59
26 41
26 42
27 35
28 58
29 48
29 61
30 48
30 42
31 48
31 49
32 52
32 38
33 34
35 82
36 71
36 87
36 92
37 66
37 67
37 69
38 98
38 79
39 84
39 85
40 76
41 77
42 94
43 68
45 46
46 70
46 78
46 47
46 83
46 86
47 88
47 73
47 95
48 75
49 89
49 90
51 72
51 93
52 97
52 80
52 81
52 91
59 96
61 74
64 65
63
1 3
2 9
2 3
3 4
3 10
4 11
4 5
5 17
5 6
6 13
7 8
7 16
8 9
9 18
11 12
11 20
12 21
13 14
15 24
15 16
17 26
19 28
19 20
20 29
21 30
22 31
23 24
23 34
25 26
26 27
26 37
27 38
28 39
30 31
31 32
31 42
33 34
34 35
34 43
35 36
35 44
36 45
39 40
40 41
41 50
44 52
45 53
46 54
46 47
47 55
48 49
49 56
49 50
50 51
50 57
53 58
55 60
58 59
59 60
59 62
60 63
61 62
62 64
31
0 1
0 2
0 6
0 8
0 16
0 30
1 3
1 7
1 9
1 18
1 20
2 28
2 26
2 11
2 4
3 24
3 10
3 5
3 22
4 27
4 29
4 15
5 25
5 14
5 23
6 17
6 12
6 31
7 19
7 13
7 21
99
0 2
0 4
0 5
0 70
0 7
0 40
0 50
0 20
1 9
1 2
2 3
4 6
5 8
10 40
10 12
10 14
10 15
10 17
10 90
11 19
11 12
12 13
14 16
15 18
20 22
20 24
20 25
20 27
20 30
21 24
21 29
22 23
24 26
25 28
30 32
30 34
30 35
30 37
31 32
31 39
32 33
34 36
35 38
40 44
40 45
40 47
40 60
40 42
41 49
41 42
42 43
44 46
45 48
50 80
50 52
50 54
50 55
50 57
51 59
51 52
52 53
54 56
55 58
60 64
60 67
60 62
60 65
61 64
61 69
62 63
64 66
65 68
70 72
70 74
70 75
70 77
71 72
71 79
72 73
74 76
75 78
80 87
80 84
80 82
80 85
81 89
81 82
82 83
84 86
85 88
90 97
90 92
90 94
90 95
91 99
91 92
92 93
94 96
95 98
96
1 2
1 3
1 4
1 5
1 13
1 15
1 16
1 24
1 25
1 26
1 27
1 28
1 29
1 34
1 35
1 36
1 37
1 38
1 40
1 41
1 44
1 45
1 46
1 51
1 52
1 53
1 56
1 57
1 58
1 62
1 63
1 72
1 74
1 75
1 76
1 80
1 81
1 82
1 83
1 84
1 88
1 89
1 90
1 94
1 97
2 73
2 49
2 14
2 39
5 23
6 13
7 13
8 12
8 14
9 12
10 12
11 96
11 12
17 24
18 24
18 48
19 24
20 23
21 23
22 23
26 50
28 33
30 33
30 93
31 33
32 33
40 43
42 43
43 79
44 55
47 96
50 71
54 81
59 61
59 71
60 96
64 96
64 87
65 96
66 96
67 96
68 96
69 96
70 96
77 79
78 96
85 96
86 96
91 96
92 96
95 96
99
0 61
0 85
1 72
1 41
2 80
2 65
2 14
2 8
3 40
3 74
4 37
4 70
5 24
5 35
6 98
6 83
6 90
6 30
6 13
7 25
7 84
8 97
8 20
8 22
9 60
9 31
10 66
10 91
10 45
10 39
11 96
11 49
11 60
11 69
12 40
12 91
12 94
12 55
13 94
14 57
14 42
14 31
15 56
15 27
15 68
15 38
16 33
16 59
17 49
17 50
18 80
18 46
19 82
19 51
20 83
20 99
21 42
21 47
22 70
23 56
23 35
23 28
24 52
25 31
25 76
25 53
26 81
26 52
26 33
26 89
27 99
28 58
29 51
29 67
29 92
29 87
30 79
32 48
32 63
34 67
34 84
36 57
37 41
37 77
37 63
38 93
39 62
40 85
41 95
43 97
44 64
44 98
45 73
47 54
53 71
62 78
71 86
75 90
88 89
90
0 90
0 86
0 39
1 38
1 71
2 24
2 33
2 59
2 5
3 16
3 41
3 4
4 67
5 27
6 11
6 69
7 65
7 91
7 14
7 31
8 68
8 34
8 51
8 20
9 96
9 17
9 19
9 69
10 96
10 73
11 25
12 87
12 36
12 93
12 15
13 80
13 60
14 66
14 69
15 82
15 69
16 81
16 37
17 57
18 48
18 35
18 55
19 23
20 77
21 75
21 76
22 53
22 87
23 94
24 28
25 60
25 61
26 57
26 35
27 89
28 86
30 65
30 62
31 58
32 90
32 68
33 85
34 69
34 47
35 78
36 70
37 54
38 69
39 97
41 79
43 56
43 75
43 71
49 69
51 72
54 74
55 83
56 63
61 64
66 79
69 99
69 98
69 88
69 92
73 84
73
0 2
0 4
0 5
0 6
0 8
0 9
0 10
0 11
0 12
0 13
0 14
0 17
0 18
0 19
0 23
0 28
0 29
0 30
0 31
0 32
0 35
0 36
0 37
0 38
0 39
0 40
0 41
0 43
0 44
0 45
0 46
0 49
0 51
0 52
0 56
0 57
0 58
0 59
0 62
0 63
0 64
0 65
0 68
0 69
0 71
0 72
0 73
1 33
1 66
1 3
1 4
1 54
1 7
1 47
1 15
1 50
1 67
1 20
1 21
1 22
1 55
1 25
1 26
1 27
1 60
1 53
2 34
2 70
2 42
2 48
2 24
2 61
3 16
10
1 2
1 3
1 4
2 5
3 6
3 7
4 8
6 9
6 10
8 11
5
1 2
1 3
1 4
1 5
1 6
21
1 2
1 3
1 10
2 4
3 5
3 9
4 6
5 7
7 8
8 14
9 12
10 11
11 13
12 18
13 20
14 17
14 15
15 16
16 22
18 19
19 21
39
0 1
0 2
0 3
0 4
0 5
0 6
0 7
0 8
0 9
0 10
0 11
0 12
0 13
0 14
0 15
0 16
0 17
0 18
0 19
0 20
0 21
0 22
0 23
0 24
0 25
0 26
0 27
0 28
0 29
0 30
0 31
0 32
0 33
0 34
0 35
0 36
0 37
0 38
0 39
99
0 1
0 2
0 3
0 5
0 65
0 9
0 15
0 19
0 28
1 4
1 6
1 44
1 46
1 22
2 7
2 41
2 75
2 12
2 13
2 39
3 40
3 20
3 21
3 79
4 84
5 8
5 60
6 17
6 23
6 26
6 30
6 36
6 37
6 42
6 45
6 47
6 48
6 49
6 51
6 53
6 54
6 55
6 56
6 57
6 58
6 61
6 62
6 64
6 66
6 67
6 68
6 69
6 70
6 73
6 74
6 77
6 78
6 80
6 81
6 82
6 83
6 85
6 86
6 87
6 88
6 89
6 90
6 91
6 92
6 93
6 94
6 95
6 96
6 97
6 98
6 99
8 25
8 10
8 52
8 29
9 11
9 71
10 24
10 59
10 14
12 32
12 16
12 18
12 31
13 27
14 76
15 35
16 50
18 33
18 34
24 72
25 43
27 63
28 38
99
0 1
0 2
0 3
0 4
0 9
0 46
0 29
1 57
1 85
1 54
1 47
2 6
2 87
2 55
2 23
2 90
3 5
3 70
3 7
3 8
3 41
3 13
3 81
3 83
3 24
3 58
4 64
4 98
4 69
4 10
4 11
4 19
5 99
5 43
6 37
7 17
7 14
8 39
9 25
9 20
9 31
10 12
10 42
10 44
10 52
10 56
11 77
11 16
11 18
11 21
11 22
11 88
11 27
11 30
12 32
12 28
12 26
13 15
13 79
14 33
14 38
14 40
14 45
14 49
14 50
14 51
14 53
14 59
14 60
14 61
14 63
14 65
14 67
14 68
14 71
14 72
14 73
14 75
14 76
14 78
14 80
14 82
14 84
14 86
14 89
14 91
14 92
14 93
14 94
14 95
14 96
14 97
23 74
23 34
27 35
27 36
30 48
30 62
42 66
99
0 1
0 2
0 35
0 5
0 6
1 49
1 83
1 22
1 3
2 4
2 8
2 41
2 13
2 23
3 48
3 9
3 10
3 16
3 25
3 62
4 32
4 7
4 12
4 14
4 18
4 26
5 65
5 78
5 81
6 33
6 71
6 43
6 84
6 57
6 93
7 36
7 69
7 11
7 15
7 51
7 87
7 58
8 20
8 28
8 55
9 73
10 99
10 17
10 54
10 90
10 29
11 37
12 24
12 27
13 19
14 21
14 30
14 34
14 38
14 45
14 46
14 47
14 50
14 52
14 53
14 56
14 59
14 61
14 64
14 66
14 67
14 68
14 70
14 72
14 74
14 75
14 76
14 77
14 79
14 80
14 82
14 85
14 86
14 88
14 89
14 91
14 92
14 94
14 95
14 96
14 97
14 98
15 44
19 40
25 31
29 42
33 39
55 60
60 63
99
0 2
0 5
0 6
0 9
0 11
0 14
0 15
0 16
0 17
0 18
0 23
0 27
0 30
0 38
0 41
0 43
0 44
0 47
0 48
0 50
0 55
0 58
0 59
0 60
0 64
0 67
0 72
0 74
0 75
0 76
0 77
0 78
0 82
0 85
0 87
0 90
0 94
0 95
0 96
0 98
0 99
1 8
1 11
1 20
1 21
1 22
1 24
1 25
1 26
1 28
1 31
1 32
1 34
1 39
1 42
1 45
1 46
1 49
1 52
1 69
1 81
1 86
1 88
1 93
2 33
2 66
2 3
2 4
2 70
2 7
2 40
2 73
2 97
2 13
2 80
2 35
2 53
2 89
2 56
2 36
2 91
2 29
2 63
3 12
3 79
3 83
3 84
3 54
3 57
3 92
3 61
4 68
4 10
4 62
5 37
5 71
7 65
7 51
10 19
84
0 17
0 2
0 53
0 62
1 75
1 84
1 37
1 77
1 23
2 41
2 13
2 47
3 56
3 73
3 10
3 74
3 41
4 68
4 6
4 78
4 21
5 25
5 35
5 29
5 54
5 15
6 74
6 59
6 79
7 32
7 25
7 26
7 79
8 49
8 35
8 12
8 45
9 72
9 58
9 34
9 82
9 61
10 18
10 38
10 70
10 31
11 25
11 83
11 63
11 23
12 67
12 60
13 64
14 33
14 60
14 28
16 65
16 18
16 69
17 71
18 81
19 72
19 76
19 53
20 49
20 27
21 52
22 65
22 30
23 48
24 56
24 66
24 43
28 51
28 39
30 40
30 50
31 57
32 42
36 40
36 55
39 80
39 44
40 46
84
0 17
0 2
0 53
0 62
1 23
1 75
1 84
1 37
1 77
2 41
2 13
2 47
3 56
3 73
3 74
3 10
3 41
4 68
4 78
4 6
4 21
5 25
5 35
5 29
5 54
5 15
6 74
6 59
6 79
7 32
7 25
7 26
7 79
8 49
8 35
8 12
8 45
9 72
9 34
9 82
9 58
9 61
10 18
10 70
10 38
10 31
11 23
11 25
11 83
11 63
12 67
12 60
13 64
14 25
14 28
14 33
16 65
16 18
16 69
17 71
18 81
19 72
19 76
19 53
20 49
20 27
21 52
22 81
22 30
23 48
24 56
24 66
24 43
28 51
28 39
30 40
30 50
31 57
32 42
36 40
36 55
39 80
39 44
40 46
99
0 5
0 6
0 8
0 9
0 10
0 17
0 18
0 19
0 23
0 24
0 27
0 30
0 33
0 34
0 35
0 36
0 37
0 38
0 39
0 45
0 50
0 51
0 53
0 55
0 61
0 63
0 72
0 74
0 75
0 76
0 82
0 85
0 86
0 96
1 4
1 6
1 7
1 11
1 20
1 21
1 26
1 29
1 40
1 41
1 44
1 46
1 56
1 58
1 60
1 64
1 65
1 68
1 69
1 84
1 89
1 90
1 91
2 48
2 98
2 3
2 5
2 81
2 73
2 42
2 43
2 12
2 47
2 16
2 49
2 83
2 54
2 87
2 88
2 25
2 99
2 94
2 95
3 32
3 66
3 13
3 14
3 80
3 52
3 78
3 22
3 57
3 62
3 31
4 67
4 97
4 79
4 59
4 28
5 70
5 71
5 77
5 15
5 92
5 93
99
0 1
0 3
0 4
0 7
0 9
0 16
0 17
0 19
0 26
0 27
0 28
0 29
0 31
0 32
0 34
0 37
0 40
0 42
0 43
0 45
0 48
0 50
0 52
0 53
0 56
0 58
0 59
0 62
0 65
0 70
0 71
0 72
0 73
0 74
0 75
0 76
0 79
0 82
0 83
0 84
0 85
0 90
0 98
1 2
1 6
1 8
1 12
1 15
1 22
1 23
1 25
1 33
1 36
1 44
1 47
1 49
1 54
1 55
1 60
1 63
1 64
1 69
1 77
1 78
1 81
1 86
1 88
1 91
1 96
2 68
2 5
2 39
2 10
2 11
2 20
2 21
2 89
2 87
2 24
2 57
2 95
3 97
3 66
3 38
3 13
3 14
4 67
4 41
4 80
4 51
4 92
4 94
5 93
6 18
7 61
7 30
8 35
11 46
13 99
99
0 32
0 51
0 52
0 53
0 54
0 55
0 56
0 57
0 58
0 61
0 63
0 64
0 65
0 66
0 67
0 69
0 70
0 71
0 73
0 74
0 75
0 77
0 78
0 79
0 81
0 82
0 84
0 86
0 87
0 88
0 89
0 90
0 91
0 92
0 93
0 94
0 98
1 96
1 97
1 83
1 99
1 68
1 41
1 76
1 80
1 51
1 62
1 95
2 72
2 43
2 51
2 85
2 59
2 60
3 34
3 51
3 21
4 50
4 51
4 38
5 51
5 26
5 35
6 8
6 50
7 51
8 10
9 17
9 51
9 44
10 49
11 16
11 50
11 30
12 48
12 42
12 50
13 51
14 50
14 28
15 33
15 51
17 45
18 51
19 51
20 51
22 50
23 50
24 40
24 52
25 26
25 39
27 50
29 49
31 51
31 36
37 50
37 46
47 51
63
0 17
0 18
0 19
0 20
0 21
0 22
0 23
0 24
0 25
0 26
0 27
0 28
0 29
0 30
0 31
0 32
0 33
0 34
0 35
0 36
0 37
0 38
0 39
0 40
0 41
0 42
0 43
0 44
0 45
0 46
0 47
0 48
0 49
0 50
0 51
0 52
0 53
0 54
0 55
0 56
0 57
0 58
0 59
0 60
0 61
0 62
0 63
1 2
1 3
1 4
1 5
1 6
1 7
1 8
1 9
1 10
1 11
1 12
1 13
1 14
1 15
1 16
1 17
39
0 1
0 2
0 3
0 4
0 5
0 6
0 7
0 8
0 10
0 11
0 12
0 13
0 14
0 15
0 16
0 17
0 18
0 19
0 20
0 21
0 22
0 23
0 24
0 25
0 26
0 27
0 28
0 29
0 30
0 31
0 32
0 33
0 34
0 36
0 37
0 38
0 39
1 9
2 35
99
0 1
0 2
0 71
1 89
1 3
1 4
2 58
2 5
2 6
3 8
3 83
3 7
3 55
4 72
4 10
4 9
5 80
5 11
5 12
5 62
6 13
6 14
7 16
7 15
8 81
8 18
8 17
9 20
9 19
9 51
10 97
10 99
10 21
10 22
10 91
11 24
11 52
11 54
11 23
12 75
12 79
12 85
12 25
12 26
13 27
13 59
13 28
14 53
14 29
14 30
14 87
15 32
15 82
15 31
16 33
16 34
17 35
17 36
18 37
18 38
19 40
19 39
20 56
20 42
20 69
20 41
21 68
21 43
21 44
22 96
22 45
22 46
23 98
23 70
23 47
23 48
23 94
24 49
24 74
24 50
25 84
26 67
27 65
28 57
28 78
29 60
30 76
30 61
30 93
31 64
31 77
31 86
31 90
31 63
32 66
34 95
36 73
41 92
43 88
99
0 96
0 1
0 2
0 3
0 4
0 72
0 41
0 74
0 43
0 12
0 82
0 46
0 15
0 49
0 50
0 55
0 89
0 10
1 11
1 45
1 17
1 58
1 61
1 62
2 70
2 42
2 77
2 79
2 54
2 24
2 26
2 91
2 29
3 98
3 68
3 5
3 6
3 44
3 21
3 25
3 93
3 95
4 67
4 7
4 8
4 9
4 48
4 81
4 28
5 19
5 13
5 85
6 35
6 37
6 78
6 16
6 14
6 63
7 64
7 80
7 18
7 51
7 20
7 22
7 92
7 94
8 60
8 90
8 27
8 23
9 75
9 86
9 38
10 33
10 34
10 32
10 71
10 40
10 83
10 87
10 56
10 30
10 31
12 47
12 36
12 39
14 66
15 99
16 52
16 53
17 84
17 57
19 59
20 65
20 76
22 69
23 73
29 97
30 88
99
0 1
0 2
0 3
1 4
1 37
1 6
1 39
1 42
1 43
1 44
1 46
1 48
1 5
2 64
2 66
2 65
2 7
2 8
2 9
2 49
2 50
2 51
2 52
2 53
2 55
2 56
2 57
2 58
2 59
2 60
2 61
2 62
4 68
4 69
4 70
4 12
4 74
4 11
4 76
4 77
4 78
4 79
4 80
4 81
4 10
5 96
5 98
5 13
5 14
5 15
5 83
5 85
5 88
5 89
5 90
5 92
6 16
6 18
6 17
7 19
7 20
7 21
8 22
8 23
9 24
10 28
10 26
10 27
10 25
11 40
12 29
12 30
13 32
13 33
13 38
13 31
14 34
14 35
14 36
16 41
16 45
16 47
19 54
22 63
25 72
25 73
25 67
25 75
26 71
31 82
31 84
31 86
31 87
34 97
34 99
34 91
34 93
34 94
34 95
88
0 44
0 45
0 46
0 47
0 48
0 49
0 50
0 51
0 52
0 53
0 54
0 55
0 56
0 57
0 58
0 59
0 60
0 61
0 62
0 63
0 64
0 65
0 66
0 67
0 68
0 69
0 70
0 71
0 72
0 73
0 74
0 75
0 76
0 77
0 78
0 79
0 80
0 81
0 82
0 83
0 84
0 85
0 86
0 87
0 88
1 44
2 44
3 44
4 44
5 44
6 44
7 44
8 44
9 44
10 44
11 44
12 44
13 44
14 44
15 44
16 44
17 44
18 44
19 44
20 44
21 44
22 44
23 44
24 44
25 44
26 44
27 44
28 44
29 44
30 44
31 44
32 44
33 44
34 44
35 44
36 44
37 44
38 44
39 44
40 44
41 44
42 44
43 44
99
0 1
0 2
0 3
0 4
0 5
0 6
0 7
0 8
0 9
0 10
0 11
0 12
0 13
0 14
0 15
0 16
0 17
0 18
0 19
0 20
0 21
0 22
0 23
0 24
0 25
0 26
0 27
0 28
0 29
0 30
0 31
0 32
0 33
0 34
0 35
0 36
0 37
0 74
0 75
0 76
0 77
0 78
0 79
0 80
0 81
0 82
0 83
0 84
0 85
0 86
0 87
0 88
0 89
0 90
0 91
0 92
0 93
0 94
0 95
0 96
0 97
0 98
0 99
1 38
2 39
3 40
4 41
5 42
6 43
7 44
8 45
9 46
10 47
11 48
12 49
13 50
14 51
15 52
16 53
17 54
18 55
19 56
20 57
21 58
22 59
23 60
24 61
25 62
26 63
27 64
28 65
29 66
30 67
31 68
32 69
33 70
34 71
35 72
36 73
98
0 1
0 2
0 3
0 4
0 5
0 6
0 7
0 8
0 9
0 10
0 11
0 12
0 13
0 14
0 15
0 16
0 17
0 18
0 19
0 20
0 21
0 22
0 23
0 24
0 25
0 26
0 27
0 28
0 29
0 30
0 31
0 32
1 35
33 34
33 35
33 36
33 37
33 38
33 39
33 40
33 41
33 42
33 43
33 44
33 45
33 46
33 47
33 48
33 49
33 50
33 51
33 52
33 53
33 54
33 55
33 56
33 57
33 58
33 59
33 60
33 61
33 62
33 63
33 64
33 65
35 72
66 67
66 68
66 69
66 70
66 71
66 72
66 73
66 74
66 75
66 76
66 77
66 78
66 79
66 80
66 81
66 82
66 83
66 84
66 85
66 86
66 87
66 88
66 89
66 90
66 91
66 92
66 93
66 94
66 95
66 96
66 97
66 98
99
0 1
0 2
0 3
0 4
0 5
0 6
0 7
0 8
0 9
0 10
0 11
0 12
0 13
0 14
0 15
0 16
0 17
0 18
0 19
0 20
0 21
0 22
0 23
0 24
0 25
0 26
0 27
0 28
0 29
0 30
0 31
0 32
0 33
0 34
0 35
0 36
0 37
0 38
0 39
0 40
0 41
0 42
0 43
0 44
0 45
0 46
0 47
0 48
0 49
0 50
0 51
0 52
0 53
0 54
0 55
0 56
0 57
0 58
0 59
0 60
0 61
0 62
0 63
0 64
0 65
0 66
0 67
0 68
0 69
0 70
0 71
0 72
0 73
0 74
0 75
0 76
0 77
0 78
0 79
0 80
0 81
0 82
0 83
0 84
0 85
0 86
0 87
0 88
0 89
0 90
0 91
0 92
0 93
0 94
0 95
0 96
0 97
0 98
0 99
83
0 1
0 2
0 3
0 4
0 5
0 6
0 7
0 8
0 9
0 10
0 11
0 12
0 13
0 14
0 15
0 16
0 17
0 18
0 19
0 20
0 21
0 22
0 23
0 24
0 25
0 26
0 27
0 28
0 29
0 30
0 31
0 32
0 33
0 34
0 35
0 36
0 37
0 38
0 39
0 40
0 41
0 42
42 43
42 44
42 45
42 46
42 47
42 48
42 49
42 50
42 51
42 52
42 53
42 54
42 55
42 56
42 57
42 58
42 59
42 60
42 61
42 62
42 63
42 64
42 65
42 66
42 67
42 68
42 69
42 70
42 71
42 72
42 73
42 74
42 75
42 76
42 77
42 78
42 79
42 80
42 81
42 82
42 83
99
0 1
0 2
0 5
0 8
0 11
0 14
0 17
0 20
0 23
0 26
0 29
0 32
0 35
0 38
0 41
0 44
0 47
0 50
0 53
0 56
0 59
0 62
0 65
0 68
0 71
0 74
0 77
0 80
0 83
0 86
0 89
0 92
0 95
0 98
1 3
3 4
4 6
6 7
7 9
9 10
10 12
12 13
13 15
15 16
16 18
18 19
19 21
21 22
22 24
24 25
25 27
27 28
28 30
30 31
31 33
33 34
34 36
36 37
37 39
39 40
40 42
42 43
43 45
45 46
46 48
48 49
49 51
51 52
52 54
54 55
55 57
57 58
58 60
60 61
61 63
63 64
64 66
66 67
67 69
69 70
70 72
72 73
73 75
75 76
76 78
78 79
79 81
81 82
82 84
84 85
85 87
87 88
88 90
90 91
91 93
93 94
94 96
96 97
97 99
99
0 64
0 65
0 34
0 69
0 80
0 41
0 42
0 23
0 16
0 17
0 85
0 87
0 89
0 30
1 33
1 8
1 15
1 53
1 29
1 21
2 65
2 71
2 8
2 74
2 14
2 93
2 58
2 91
2 90
3 96
3 65
3 67
3 37
3 43
3 12
3 84
3 22
3 56
3 59
3 61
4 68
4 69
4 46
4 47
4 18
4 25
5 99
5 69
5 81
5 72
5 79
5 49
5 54
5 24
5 62
6 96
6 98
6 38
6 10
6 11
6 13
6 57
6 31
7 32
7 52
7 50
7 83
7 68
8 51
8 36
8 82
9 92
9 97
9 60
9 12
10 40
10 88
10 19
11 75
11 77
11 78
11 27
11 63
13 73
13 20
14 76
14 70
16 26
16 95
16 55
18 94
19 48
20 35
20 39
21 45
22 44
26 66
28 90
29 86
99
0 19
0 98
0 99
0 74
0 29
0 80
0 35
0 20
0 53
0 90
0 91
0 61
0 62
1 35
1 67
1 7
1 9
1 11
1 13
1 47
1 16
1 83
1 21
1 22
1 87
1 24
1 28
2 96
2 65
2 69
2 32
2 9
2 76
2 50
2 58
2 59
2 30
3 97
3 35
3 39
3 44
3 77
3 78
3 15
3 49
3 89
3 92
3 94
4 33
4 66
4 35
4 68
4 40
4 10
4 82
4 54
4 63
5 64
5 65
5 34
5 37
5 6
5 8
5 73
5 17
5 18
5 52
5 86
6 36
6 38
6 71
6 79
6 25
7 72
7 27
7 85
7 41
8 81
8 75
9 42
9 84
9 88
9 26
9 93
12 33
12 51
14 64
14 60
16 48
17 31
17 70
17 55
18 56
23 64
23 43
25 95
29 45
30 46
43 57
99
0 3
0 8
0 9
0 42
0 11
0 14
0 19
0 22
0 24
0 26
0 29
0 94
1 97
1 35
1 71
1 42
1 75
1 78
1 47
1 99
1 21
1 55
1 87
1 91
1 28
1 58
2 34
2 4
2 70
2 9
2 76
2 98
2 54
2 27
2 92
3 65
3 5
3 38
3 40
3 43
3 13
3 15
3 80
3 57
3 88
3 89
3 59
3 60
4 96
4 33
4 69
4 82
4 18
4 52
4 23
5 67
5 7
5 10
5 20
5 93
5 62
6 31
6 12
6 45
6 15
7 64
7 44
7 46
7 48
7 84
8 68
8 73
8 49
8 51
8 85
9 41
9 66
9 86
9 90
10 32
10 25
10 95
10 77
11 17
11 50
11 53
12 72
12 79
13 74
14 16
14 61
14 63
15 56
15 81
15 37
18 83
20 36
22 30
27 39
62
0 1
0 2
0 3
0 4
0 5
0 6
0 7
0 8
0 9
0 10
0 11
0 12
0 13
0 14
0 15
0 16
0 17
0 18
0 19
0 20
0 21
0 22
0 23
0 24
0 25
0 26
0 27
0 28
0 29
0 30
0 31
0 32
0 33
0 34
0 35
0 36
0 37
0 38
0 39
0 40
0 41
0 42
0 43
0 44
0 45
0 46
0 47
0 48
0 49
0 50
0 51
0 52
0 53
0 54
0 55
0 56
0 57
0 58
0 59
0 60
0 61
0 62
99
0 1
0 10
0 11
1 2
1 12
2 3
2 13
3 4
3 14
4 5
4 15
5 16
5 6
6 17
6 7
7 8
7 18
8 9
8 19
10 20
10 21
11 22
12 23
13 24
14 25
15 26
16 27
17 28
18 29
20 30
20 31
21 32
22 33
23 34
24 35
25 36
26 37
27 38
28 39
30 40
30 41
31 42
32 43
33 44
34 45
35 46
36 47
37 48
38 49
40 50
40 51
41 52
42 53
43 54
44 55
45 56
46 57
47 58
48 59
50 60
50 61
51 62
52 63
53 64
54 65
55 66
56 67
57 68
58 69
60 70
60 71
61 72
62 73
63 74
64 75
65 76
66 77
67 78
68 79
70 80
70 81
71 82
72 83
73 84
74 85
75 86
76 87
77 88
78 89
80 90
80 91
81 92
82 93
83 94
84 95
85 96
86 97
87 98
88 99
99
0 1
0 5
0 7
0 8
0 14
0 16
0 19
0 22
0 23
0 34
0 39
0 41
0 45
0 47
0 49
0 50
0 57
0 65
0 74
0 75
0 76
0 88
0 95
0 98
1 35
1 36
1 38
1 71
1 72
1 12
1 18
1 20
1 56
1 68
1 93
2 97
2 68
2 42
2 77
2 48
2 94
2 87
2 25
2 26
2 60
2 62
3 33
3 34
3 37
3 40
3 83
3 46
3 51
3 21
3 92
3 30
4 96
4 59
4 6
4 81
4 9
4 10
4 44
4 17
4 18
4 52
4 53
4 84
4 58
4 27
4 29
5 64
5 66
5 70
5 79
5 54
5 55
5 89
5 31
6 43
6 11
6 78
7 73
7 28
8 32
8 99
8 13
9 69
10 82
10 63
11 24
11 86
12 61
15 19
16 91
17 67
19 85
20 90
23 80
99
0 4
0 5
0 6
0 7
0 13
0 14
0 15
0 17
0 23
0 25
0 27
0 30
0 31
0 33
0 40
0 41
0 46
0 48
0 51
0 52
0 54
0 63
0 65
0 66
0 69
0 75
0 76
0 77
0 78
0 79
0 81
0 84
0 85
0 86
0 87
0 88
0 97
1 2
1 4
1 8
1 9
1 12
1 16
1 20
1 22
1 24
1 28
1 34
1 35
1 42
1 43
1 47
1 50
1 60
1 61
1 62
1 64
1 67
1 68
1 74
1 80
1 82
1 91
1 92
1 94
1 98
2 37
2 39
2 10
2 11
2 19
2 21
2 57
2 59
2 29
2 95
3 96
3 4
3 70
3 71
3 73
3 45
3 49
3 55
3 56
3 26
3 93
4 18
4 83
5 89
5 90
5 38
6 72
7 32
7 44
8 58
8 99
8 53
11 36
99
0 9
0 13
0 14
0 16
0 17
0 26
0 31
0 34
0 36
0 40
0 45
0 51
0 53
0 54
0 55
0 62
0 63
0 65
0 75
0 78
0 84
0 85
0 86
0 89
0 93
0 96
1 33
1 98
1 3
1 69
1 38
1 80
1 79
1 43
1 14
1 15
1 48
1 81
1 21
1 87
1 56
1 57
1 47
1 28
1 88
2 65
2 4
2 5
2 6
2 71
2 74
2 7
2 49
2 18
2 20
2 92
3 32
3 99
3 73
3 10
3 12
3 50
3 25
3 58
3 91
3 42
4 97
4 67
4 37
4 83
4 90
5 35
5 70
5 41
5 77
5 46
6 39
6 44
6 19
6 23
6 59
6 30
6 95
7 27
7 52
7 29
7 22
8 64
8 72
8 98
8 68
8 94
10 82
10 76
11 58
12 24
12 66
12 60
12 61
99
0 1
0 2
0 3
0 4
0 5
0 6
0 7
0 8
0 9
0 10
0 11
0 12
0 13
0 14
0 15
0 16
0 17
0 18
0 19
0 20
0 21
0 22
0 23
0 24
0 25
0 26
0 27
0 28
0 29
0 30
0 31
0 32
0 33
0 34
0 35
0 99
35 36
36 37
37 38
38 39
39 40
40 41
41 42
42 43
43 44
44 45
45 46
46 47
47 48
48 49
49 50
50 51
51 52
52 53
53 54
54 55
55 56
56 57
57 58
58 59
59 60
60 61
61 62
62 63
63 64
64 65
64 66
64 67
64 68
64 69
64 70
64 71
64 72
64 73
64 74
64 75
64 76
64 77
64 78
64 79
64 80
64 81
64 82
64 83
64 84
64 85
64 86
64 87
64 88
64 89
64 90
64 91
64 92
64 93
64 94
65 96
65 98
65 97
65 95
93
0 1
0 2
0 3
0 4
0 5
0 6
0 7
0 8
0 9
0 10
0 11
0 12
0 13
0 14
0 15
0 16
0 17
0 18
0 19
0 20
0 21
0 22
0 23
0 24
0 25
0 26
0 27
0 28
0 29
0 30
0 31
0 32
0 33
0 34
0 35
0 36
0 37
0 38
0 39
0 40
0 41
0 42
0 43
0 44
0 45
0 46
0 47
0 48
0 49
0 50
0 51
0 52
0 53
0 54
0 55
0 56
0 57
0 58
0 59
0 60
0 61
1 91
16 92
46 93
61 62
62 63
63 64
64 65
65 66
66 67
67 68
68 69
69 70
70 71
71 72
72 73
73 74
74 75
75 76
76 77
77 78
78 79
79 80
80 81
81 82
82 83
83 84
84 85
85 86
86 87
87 88
88 89
89 90
99
0 33
0 98
0 67
0 36
0 37
0 38
0 40
0 28
0 75
0 44
0 45
0 15
0 49
0 51
0 53
0 4
0 60
0 13
0 63
1 2
1 3
1 4
1 5
1 8
1 10
1 18
1 20
1 22
1 27
1 29
1 35
1 50
1 56
1 57
1 58
1 62
1 68
1 69
1 78
1 82
1 85
1 86
1 92
2 64
2 17
2 16
2 65
2 96
2 74
2 12
2 46
2 47
2 48
2 81
2 83
2 84
2 54
2 23
2 24
2 25
2 59
2 30
3 32
3 34
3 99
3 6
3 97
3 73
3 42
3 39
3 77
3 14
3 11
3 21
3 41
3 88
3 7
3 26
3 91
3 61
3 55
3 95
4 66
4 70
4 71
4 72
4 9
4 43
4 76
4 79
4 80
4 19
4 52
4 87
4 89
4 90
4 93
4 94
4 31
99
0 64
0 65
0 4
0 6
0 7
0 40
0 96
0 75
0 50
0 20
0 86
0 58
0 61
0 31
1 98
1 4
1 8
1 43
1 15
1 82
1 22
1 89
1 90
1 59
1 60
1 36
2 3
2 70
2 8
2 62
2 12
2 29
2 80
2 35
2 85
2 54
2 23
2 88
2 57
2 91
2 93
2 94
3 32
3 97
3 5
3 19
3 42
3 44
3 47
3 48
3 56
3 83
3 52
3 55
3 24
3 26
3 10
3 30
4 18
4 16
4 25
5 67
5 38
5 11
5 14
5 78
6 9
6 46
6 21
6 27
6 53
7 33
7 68
7 72
7 41
7 45
7 79
7 49
7 87
7 92
8 69
8 71
8 73
8 74
8 39
8 76
8 34
8 13
8 51
8 63
8 28
8 37
8 95
9 66
9 99
9 81
9 77
9 17
9 84
99
0 33
0 4
0 69
0 14
0 17
0 88
1 59
1 43
1 14
1 7
2 96
2 34
2 36
2 10
2 82
2 85
2 86
3 32
3 65
3 14
3 52
3 21
3 54
3 23
4 39
4 42
4 77
4 78
4 79
4 16
4 95
4 29
4 31
5 64
5 98
5 73
5 10
5 44
5 15
5 51
5 87
5 61
6 97
6 38
6 41
6 12
6 50
6 20
6 58
6 30
7 68
7 40
7 74
7 81
7 25
7 89
7 63
8 66
8 10
8 45
8 46
8 47
8 48
8 49
8 53
9 10
9 13
9 14
9 80
9 18
9 83
9 28
9 62
10 71
10 12
10 92
10 60
11 99
11 76
11 75
11 12
11 57
11 26
11 90
12 27
12 70
12 19
12 91
12 37
13 56
13 94
13 24
14 67
14 35
14 72
14 84
14 22
14 55
14 93
99
0 73
0 74
0 75
1 2
1 75
1 76
2 3
3 4
4 77
4 5
5 6
6 7
7 8
7 78
8 9
9 10
10 11
10 79
11 12
12 13
13 80
13 14
14 15
15 16
16 17
16 81
17 18
18 19
19 20
19 82
20 21
21 22
22 83
22 23
23 24
24 25
25 26
25 84
26 27
27 28
28 29
28 85
29 30
30 31
31 32
31 86
32 33
33 34
34 35
34 87
35 36
36 37
37 88
37 38
38 39
39 40
40 41
40 89
41 42
42 43
43 44
43 90
44 45
45 46
46 91
46 47
47 48
48 49
49 50
49 92
50 51
51 52
52 53
52 93
53 54
54 55
55 56
55 94
56 57
57 58
58 59
58 95
59 60
60 61
61 96
61 62
62 63
63 64
64 97
64 65
65 66
66 67
67 68
67 98
68 69
69 70
70 99
70 71
71 72
99
0 1
0 2
0 3
0 4
0 5
0 6
0 7
0 8
0 9
0 10
0 11
0 12
0 13
0 14
0 15
0 16
0 17
0 18
0 19
0 20
0 21
0 22
0 23
0 24
0 25
0 26
0 27
0 28
0 29
0 30
0 31
0 32
0 33
0 34
0 35
0 36
0 37
0 38
0 39
0 40
0 41
0 42
0 43
0 44
0 45
0 46
0 47
0 48
0 49
0 50
0 51
0 52
0 53
0 54
0 55
0 56
0 57
0 58
0 59
0 60
0 61
0 62
0 63
0 64
0 65
0 66
0 67
0 68
0 69
0 70
0 71
0 72
0 73
0 74
0 75
0 76
0 77
0 78
0 79
0 80
0 81
0 82
0 83
0 84
0 85
0 86
0 87
0 88
0 89
0 90
0 91
0 92
0 93
0 94
0 95
0 96
0 97
0 98
0 99
99
0 1
0 2
0 3
0 7
0 10
0 11
0 12
0 17
0 18
0 22
0 23
0 24
0 25
0 29
0 30
0 31
0 32
0 33
0 35
0 37
0 39
0 40
0 42
0 43
0 46
0 47
0 48
0 50
0 57
0 59
0 61
0 62
0 63
0 67
0 68
0 70
0 72
0 75
0 76
0 77
0 79
0 83
0 89
0 90
0 92
0 93
0 98
0 99
1 4
1 69
1 38
1 8
1 9
1 44
1 86
1 15
1 80
1 49
1 19
1 20
1 85
1 54
1 73
1 84
1 26
1 91
1 28
1 60
2 96
2 34
2 97
2 6
2 71
2 41
2 74
2 13
2 16
2 81
2 53
2 87
2 56
2 95
3 64
3 36
3 14
3 51
3 52
3 55
3 27
3 94
4 45
4 5
4 78
4 21
5 65
5 66
5 82
6 88
10 58
9
0 9
0 6
0 7
1 9
1 2
1 5
3 4
3 6
7 8
21
0 16
0 11
0 13
1 16
1 10
1 15
2 9
2 4
2 15
3 6
4 21
4 18
4 7
5 17
5 12
5 7
6 19
6 11
8 9
8 14
19 20
99
0 1
0 2
0 3
0 4
0 5
0 6
0 7
0 8
0 9
0 10
0 11
0 12
0 13
0 14
0 15
0 16
0 17
0 18
0 19
19 20
20 32
20 33
20 34
20 35
20 36
20 37
20 38
20 39
20 21
20 22
20 23
20 24
20 25
20 26
20 27
20 28
20 29
20 30
20 31
21 40
40 41
41 42
41 43
41 44
41 45
41 46
41 47
41 48
41 49
41 50
41 51
41 52
41 53
41 54
41 55
41 56
41 57
41 58
41 59
41 60
42 61
61 62
62 64
62 65
62 66
62 67
62 68
62 69
62 70
62 71
62 72
62 73
62 74
62 75
62 76
62 77
62 78
62 79
62 80
62 81
62 63
63 82
82 83
83 96
83 97
83 98
83 99
83 84
83 85
83 86
83 87
83 88
83 89
83 90
83 91
83 92
83 93
83 94
83 95
90
1 2
1 3
2 4
2 5
3 6
4 8
4 7
5 9
6 10
7 12
7 11
8 13
9 14
10 15
11 16
11 17
12 18
13 19
14 20
15 21
16 22
16 23
17 24
18 25
19 26
20 27
21 28
22 29
22 30
23 31
24 32
25 33
26 34
27 35
28 36
29 38
29 37
30 39
31 40
32 41
33 42
34 43
35 44
36 45
37 46
37 47
38 48
39 49
40 50
41 51
42 52
43 53
44 54
45 55
46 56
46 57
47 58
48 59
49 60
50 61
51 62
52 63
53 64
54 65
55 66
56 67
56 68
57 69
58 70
59 71
60 72
61 73
62 74
63 75
64 76
65 77
66 78
67 80
67 79
68 81
69 82
70 83
71 84
72 85
73 86
74 87
75 88
76 89
77 90
78 91
97
1 2
1 3
2 4
3 5
4 6
5 7
6 8
6 9
7 10
8 11
9 12
10 13
11 14
12 15
13 16
14 17
14 18
15 19
16 20
17 21
18 22
19 23
20 24
21 25
22 26
23 27
24 28
25 30
25 29
26 31
27 32
28 33
29 34
30 35
31 36
32 37
33 38
34 39
35 40
36 41
37 42
38 43
39 44
39 45
40 46
41 47
42 48
43 49
44 50
45 51
46 52
47 53
48 54
49 55
50 56
51 57
52 58
53 59
54 60
55 61
56 62
56 63
57 64
58 65
59 66
60 67
61 68
62 69
63 70
64 71
65 72
66 73
67 74
68 75
69 76
70 77
71 78
72 79
73 80
74 81
75 82
76 83
76 84
77 85
78 86
79 87
80 88
81 89
82 90
83 91
84 92
85 93
86 94
87 95
88 96
89 97
90 98
23
1 2
1 5
2 3
2 6
3 8
3 4
3 7
4 16
4 13
5 9
6 10
7 11
8 12
9 14
10 15
13 24
13 17
14 18
15 19
15 20
16 21
17 22
19 23
98
1 2
1 4
1 8
1 9
1 12
1 17
1 18
1 22
1 32
1 33
1 34
1 38
1 47
1 62
1 67
1 68
1 69
1 71
1 78
1 83
1 85
1 87
1 91
1 95
2 3
2 10
2 14
2 23
2 24
2 30
2 36
2 40
2 45
2 46
2 48
2 50
2 53
2 55
2 56
2 58
2 64
2 72
2 75
2 79
2 81
2 82
2 89
2 93
2 94
2 98
3 96
3 43
3 66
3 37
3 42
3 11
3 44
3 13
3 59
3 20
3 88
3 57
3 26
3 27
3 61
3 63
4 99
4 97
4 5
4 39
4 73
4 74
4 49
4 84
4 54
4 29
5 65
5 70
5 6
5 76
5 16
5 19
5 21
5 25
5 90
5 28
5 31
6 80
6 92
6 7
7 60
7 52
8 51
8 77
10 41
10 35
12 86
14 15
80
1 64
1 19
1 37
1 41
1 71
1 73
1 10
1 11
1 46
1 81
1 51
1 21
1 55
1 28
1 61
1 31
2 32
2 65
2 38
2 72
2 74
2 11
2 12
2 47
2 29
2 20
2 22
2 56
2 52
2 42
2 62
3 33
3 66
3 11
3 39
3 75
3 13
3 48
3 43
3 53
3 23
3 57
3 30
3 63
4 34
4 67
4 40
4 12
4 76
4 14
4 44
4 49
4 54
4 24
4 58
5 32
5 35
5 68
5 45
5 77
5 15
5 50
5 25
5 59
6 33
6 36
6 69
6 78
6 16
6 26
6 60
7 17
7 34
7 27
7 70
7 79
8 64
8 80
8 18
9 65
99
0 1
0 2
0 3
0 4
0 5
0 6
0 7
0 8
0 9
0 10
0 11
0 12
0 13
0 14
0 15
0 16
0 17
0 18
0 19
0 20
0 21
0 22
0 23
0 24
0 25
0 26
0 27
0 28
0 29
0 30
0 31
0 32
0 33
0 34
0 35
0 36
0 37
0 38
0 39
0 40
0 41
0 42
0 43
0 44
0 45
0 46
0 47
0 48
0 49
0 50
1 51
1 52
1 53
1 54
1 55
1 56
1 57
1 58
1 59
1 60
1 61
1 62
1 63
1 64
1 65
1 66
1 67
1 68
1 69
1 70
1 71
1 72
1 73
1 74
1 75
1 76
1 77
1 78
1 79
1 80
1 81
1 82
1 83
1 84
1 85
1 86
1 87
1 88
1 89
1 90
1 91
1 92
1 93
1 94
1 95
1 96
1 97
1 98
1 99
99
0 2
0 4
0 8
0 10
0 12
0 13
0 15
0 22
0 23
0 24
0 27
0 29
0 30
0 31
0 37
0 42
0 46
0 48
0 50
0 52
0 54
0 56
0 59
0 60
0 61
0 64
0 67
0 70
0 73
0 74
0 75
0 76
0 78
0 79
0 82
0 83
0 84
0 93
0 96
0 97
1 2
1 3
1 5
1 9
1 11
1 16
1 18
1 20
1 26
1 28
1 38
1 39
1 40
1 44
1 47
1 55
1 62
1 68
1 69
1 71
1 72
1 77
1 85
1 88
1 90
1 92
2 98
2 65
2 43
2 14
2 80
2 49
2 21
2 86
2 57
2 25
2 91
3 66
3 35
3 36
3 41
3 45
3 81
3 53
3 87
3 89
3 95
3 94
3 63
4 32
4 34
4 99
4 33
4 51
5 19
6 58
6 11
7 9
7 17
80
0 1
0 2
0 3
0 5
0 6
0 7
0 8
0 11
0 17
0 20
0 23
0 26
0 27
0 28
0 29
0 30
0 31
0 33
0 34
0 35
0 38
0 39
0 40
0 41
0 44
0 45
0 46
0 48
0 51
0 53
0 55
0 57
0 59
0 62
0 63
0 65
0 68
0 70
0 71
0 75
0 76
0 77
0 78
1 64
1 4
1 72
1 9
1 74
1 43
1 12
1 13
1 79
1 49
1 18
1 19
1 22
1 73
1 56
1 25
1 58
1 60
1 36
2 32
2 66
2 67
2 37
2 14
2 50
2 52
2 21
2 54
2 24
2 61
2 69
3 80
3 47
3 15
4 16
4 10
4 42
64
0 1
1 2
2 3
2 4
3 5
3 6
4 7
5 8
5 9
6 10
7 12
7 11
8 14
8 13
9 15
10 16
10 17
11 18
11 19
12 20
13 21
13 22
14 23
15 24
15 25
16 27
16 26
18 28
18 29
18 30
19 31
20 32
20 33
21 34
21 35
22 36
23 38
23 37
24 40
24 39
25 41
26 42
26 43
27 44
28 45
28 46
28 47
30 48
30 49
31 51
31 50
32 52
32 53
33 54
34 56
34 55
35 57
36 58
36 59
37 60
37 61
38 62
39 64
39 63
99
0 1
0 70
0 40
0 10
0 11
0 80
0 50
0 20
0 90
0 91
0 60
0 30
1 2
1 3
1 4
1 5
1 6
1 7
1 8
1 9
1 99
11 12
11 13
11 14
11 15
11 16
11 17
11 18
11 19
19 21
21 22
21 23
21 24
21 25
21 26
21 27
21 28
21 29
29 31
30 41
31 32
31 33
31 34
31 35
31 36
31 37
31 38
31 39
41 42
41 43
41 44
41 45
41 46
41 47
41 48
41 49
49 51
51 52
51 53
51 54
51 55
51 56
51 57
51 58
51 59
59 61
60 71
61 64
61 65
61 66
61 67
61 68
61 69
61 62
61 63
71 72
71 73
71 74
71 75
71 76
71 77
71 78
71 79
79 81
81 82
81 83
81 84
81 85
81 86
81 87
81 88
81 89
91 96
91 98
91 97
91 92
91 93
91 94
91 95
39
1 2
1 3
1 4
1 5
1 6
1 7
1 8
1 9
1 10
1 11
1 12
1 13
1 14
1 15
1 16
1 17
1 18
1 19
1 20
1 21
1 22
1 23
1 24
1 25
1 26
1 27
1 28
1 29
1 30
1 31
1 32
1 33
1 34
1 35
1 36
1 37
1 38
1 39
2 40
99
0 1
0 2
0 3
0 4
0 5
0 6
0 7
0 8
0 9
0 10
0 11
0 12
0 13
0 14
0 15
0 16
0 17
0 18
0 19
0 20
0 21
0 22
0 23
0 24
0 25
0 26
0 27
0 28
0 29
0 30
0 31
0 32
0 33
0 34
0 35
0 36
0 37
0 38
0 39
0 40
0 41
0 42
0 43
0 44
0 45
0 46
0 47
0 48
0 49
0 50
0 51
0 52
0 53
0 54
0 55
0 56
0 57
0 58
0 59
0 60
0 61
0 62
0 63
0 64
0 65
0 66
0 67
0 68
0 69
0 70
0 71
0 72
0 73
0 74
0 75
0 76
0 77
0 78
0 79
0 80
0 81
0 82
0 83
0 84
0 85
0 86
0 87
0 88
0 89
0 90
0 91
0 92
0 93
0 94
0 95
0 96
0 97
0 98
0 99
99
0 1
0 4
0 7
0 13
0 14
0 18
0 19
0 23
0 26
0 33
0 34
0 37
0 38
0 40
0 43
0 44
0 45
0 47
0 51
0 54
0 55
0 56
0 58
0 61
0 64
0 67
0 69
0 71
0 72
0 76
0 78
0 79
0 82
0 84
0 87
0 90
0 94
0 95
0 97
1 3
1 6
1 9
1 10
1 17
1 21
1 22
1 24
1 25
1 27
1 28
1 30
1 31
1 36
1 48
1 49
1 52
1 53
1 59
1 62
1 66
1 74
1 75
1 77
1 83
1 85
1 88
1 89
1 92
1 93
1 96
1 98
2 35
2 41
2 15
2 16
2 81
2 3
2 99
2 60
3 32
3 5
3 65
3 8
3 73
3 46
3 80
3 20
3 86
4 57
4 68
4 29
4 63
5 91
5 42
6 11
6 39
7 12
7 70
11 50
99
0 32
0 76
0 44
0 18
0 78
0 82
0 21
0 28
1 67
1 42
1 75
1 15
1 27
1 62
2 9
2 59
2 57
2 30
2 97
3 99
3 68
3 5
3 47
3 22
3 57
3 62
3 36
4 66
4 5
4 7
4 72
4 11
4 91
4 93
5 96
5 65
5 43
5 76
5 95
6 89
6 43
6 12
7 14
7 81
7 19
7 52
7 25
8 72
8 73
8 50
8 83
8 17
9 35
9 71
9 39
9 46
9 61
10 26
10 58
10 19
10 60
10 37
11 16
11 88
11 94
12 85
13 48
13 98
13 36
13 45
13 31
14 40
14 41
14 20
16 29
16 54
17 74
17 90
17 23
18 33
18 79
19 80
20 34
20 77
21 56
21 51
22 64
23 24
23 84
23 70
23 92
25 63
26 38
28 86
28 55
29 49
36 69
39 87
53 64
99
0 67
0 37
0 60
0 80
0 50
0 53
0 92
1 41
1 11
1 76
1 6
2 19
2 5
2 83
2 20
2 22
2 25
2 63
3 99
3 36
3 38
3 17
3 20
3 56
3 95
4 69
4 12
4 47
4 25
4 79
4 92
4 62
5 65
5 76
5 82
5 24
5 90
6 58
6 94
6 33
7 33
7 14
8 35
8 36
8 9
8 74
8 48
8 88
8 28
8 42
9 73
9 98
9 21
9 57
10 49
10 19
10 45
10 13
11 66
11 44
11 18
11 54
12 51
12 61
12 31
13 75
13 68
13 55
14 43
14 27
14 78
15 91
15 35
15 86
15 46
16 66
17 96
17 71
18 70
19 84
20 72
20 77
20 87
20 93
21 26
22 32
22 85
22 23
23 89
23 34
23 59
23 52
24 40
27 81
29 49
29 39
30 96
32 64
75 97
99
0 96
0 36
0 44
0 78
0 17
0 83
0 28
0 31
1 33
1 2
1 71
1 45
1 47
1 30
1 58
1 92
1 62
1 63
2 96
2 3
2 32
2 6
2 39
2 49
2 4
2 29
3 99
3 68
3 13
3 14
3 81
3 55
3 90
3 93
4 74
4 75
4 76
4 15
4 53
4 27
5 97
5 71
5 41
5 46
5 19
5 84
5 86
5 24
5 89
5 95
6 40
6 82
7 64
7 32
7 72
7 73
7 8
7 23
7 61
8 43
8 70
9 51
9 67
9 53
10 73
10 79
11 50
11 76
11 87
12 33
12 26
12 37
13 91
13 42
13 18
14 59
16 88
16 20
16 26
16 60
16 77
17 21
18 35
18 38
18 85
21 56
22 26
24 57
25 48
25 33
27 65
29 34
30 69
31 94
34 98
37 54
39 52
50 66
64 80
96
1 2
1 5
1 8
1 11
1 14
1 17
1 20
1 23
1 26
1 29
1 32
1 35
1 38
1 41
1 44
1 47
1 50
1 53
1 56
1 59
1 62
1 65
1 68
1 71
1 74
1 77
1 80
1 83
1 86
1 89
1 92
1 95
2 3
2 4
5 6
5 7
8 10
8 9
11 12
11 13
14 16
14 15
17 18
17 19
20 21
20 22
23 24
23 25
26 27
26 28
29 30
29 31
32 34
32 33
35 36
35 37
38 40
38 39
41 42
41 43
44 45
44 46
47 48
47 49
50 51
50 52
53 54
53 55
56 58
56 57
59 60
59 61
62 64
62 63
65 66
65 67
68 69
68 70
71 72
71 73
74 75
74 76
77 78
77 79
80 82
80 81
83 84
83 85
86 88
86 87
89 90
89 91
92 93
92 94
95 96
95 97
99
0 1
0 2
0 3
0 4
0 5
0 6
0 7
0 8
0 9
0 10
0 11
0 12
0 13
0 14
0 15
0 16
0 17
0 18
0 19
0 20
0 21
0 22
0 23
0 24
0 25
0 26
0 27
0 28
0 29
0 30
0 31
0 32
0 33
0 34
0 35
0 36
0 37
0 38
0 39
0 40
0 41
0 42
0 43
0 44
0 45
0 46
0 47
0 48
0 49
0 50
0 51
0 52
0 53
0 54
0 55
0 56
0 57
0 58
0 59
0 60
0 61
0 62
0 63
0 64
0 65
0 66
0 67
0 68
0 69
0 70
0 71
0 72
0 73
0 74
0 75
0 76
0 77
0 78
0 79
0 80
0 81
0 82
0 83
0 84
0 85
0 86
0 87
0 88
0 89
0 90
0 91
0 92
0 93
0 94
0 95
0 96
0 97
0 98
0 99
62
0 1
0 2
0 3
0 4
0 5
0 6
0 7
0 8
0 9
0 10
0 11
0 12
0 13
0 14
0 15
0 16
0 17
0 18
0 19
0 20
0 21
0 22
0 23
0 24
0 25
0 26
0 27
0 28
0 29
0 30
0 31
0 32
0 33
0 34
0 35
0 36
0 37
0 38
0 39
0 40
0 41
0 42
0 43
0 44
0 45
0 46
0 47
0 48
0 49
0 50
0 51
0 52
0 53
0 54
0 55
0 56
0 57
0 58
0 59
0 60
0 61
0 62
93
1 16
1 18
1 99
2 42
2 51
2 29
3 81
3 43
3 44
4 64
4 69
4 47
5 82
5 27
5 45
6 9
6 13
6 46
7 40
7 17
7 93
8 19
8 60
8 87
9 65
9 91
10 76
10 46
10 79
11 59
11 26
11 67
12 40
12 61
12 54
13 88
13 20
14 56
14 92
14 62
15 80
15 98
15 95
16 75
17 36
18 21
19 80
20 34
21 49
21 71
22 76
22 93
22 47
23 24
23 38
23 55
24 30
25 48
25 69
25 63
26 83
26 66
27 74
29 70
30 33
30 45
31 51
31 53
32 73
32 85
32 55
33 68
34 37
34 77
35 81
35 74
35 39
36 53
37 95
38 57
41 72
41 73
41 59
42 89
47 52
50 92
50 61
50 94
57 97
60 99
60 78
76 97
78 84
99
0 35
0 36
0 40
0 73
0 30
0 63
1 34
1 15
1 20
1 57
1 89
1 27
2 39
2 14
2 17
2 19
2 52
2 61
3 51
3 71
3 8
3 44
3 83
3 62
4 8
4 25
4 59
4 45
5 8
6 26
6 78
6 14
6 31
7 51
8 55
8 21
9 39
10 64
10 69
10 70
10 18
10 90
10 93
11 33
11 97
11 12
11 81
11 58
11 91
12 98
12 67
12 72
12 80
12 24
13 57
13 70
14 99
14 92
14 50
15 56
15 28
15 45
16 36
16 22
16 46
16 29
17 96
17 82
17 54
18 43
18 85
18 23
22 38
22 77
22 49
22 86
22 94
26 74
26 60
26 95
27 75
27 65
30 32
30 66
30 41
30 79
30 87
37 97
37 74
42 80
42 48
42 53
42 88
44 48
47 97
48 76
48 68
54 77
58 84
92
1 47
2 51
3 51
4 69
5 69
6 67
6 11
6 68
7 60
7 68
8 58
8 60
9 64
9 59
9 61
10 11
12 78
13 78
14 78
15 78
16 69
17 47
18 47
19 47
20 51
21 51
22 51
23 80
23 84
23 85
23 86
23 87
23 88
23 89
23 90
24 64
24 35
24 68
24 69
24 78
24 47
24 81
24 51
24 91
24 28
25 28
25 29
26 91
27 42
27 28
28 39
28 40
28 43
28 45
30 78
31 78
32 78
33 34
33 35
33 73
33 74
33 75
33 76
33 77
33 82
33 83
36 91
37 91
38 91
41 91
44 78
46 47
47 48
47 52
47 53
49 51
50 51
51 54
55 69
56 69
57 64
61 66
62 64
63 64
63 65
69 70
69 71
69 72
79 91
80 81
91 92
91 93
99
0 1
0 2
0 3
0 4
0 5
0 6
0 7
0 8
0 9
0 10
0 11
0 12
0 13
0 14
0 15
0 16
0 17
0 18
0 19
0 20
0 21
0 22
0 23
0 24
0 25
0 26
0 27
0 28
0 29
0 30
0 31
0 32
0 33
0 34
0 35
0 36
0 37
0 38
0 39
0 40
0 41
0 42
0 43
0 44
0 45
0 46
0 47
0 48
0 49
0 51
0 64
0 72
0 80
0 84
0 86
0 87
1 96
1 66
1 97
1 71
1 73
1 81
1 53
1 60
2 65
2 68
2 69
2 70
2 76
2 50
2 54
2 88
2 89
2 59
3 77
3 83
3 52
3 55
3 90
4 57
4 92
5 91
5 62
5 95
6 56
6 82
6 61
7 98
7 99
7 93
7 63
8 74
8 94
9 58
10 67
11 75
11 78
12 85
14 79
98
0 1
0 2
0 3
0 4
0 14
1 8
3 6
3 7
4 5
9 10
9 11
9 12
9 13
9 23
10 17
12 16
12 15
13 14
18 32
18 19
18 20
18 21
18 22
19 26
21 24
21 25
22 23
27 41
27 28
27 29
27 30
27 31
28 35
30 33
30 34
31 32
36 40
36 50
36 37
36 38
36 39
37 44
39 42
39 43
40 41
45 48
45 49
45 59
45 46
45 47
46 53
48 51
48 52
49 50
54 56
54 57
54 58
54 68
54 55
55 62
57 60
57 61
58 59
63 64
63 65
63 66
63 67
63 77
64 71
66 69
66 70
67 68
72 73
72 74
72 75
72 76
72 86
73 80
75 78
75 79
76 77
81 82
81 83
81 84
81 85
81 95
82 89
84 88
84 87
85 86
90 91
90 92
90 93
90 94
91 98
93 96
93 97
94 95
99
0 1
0 2
0 3
0 5
0 7
0 11
0 12
0 18
0 20
0 21
0 23
0 29
0 31
0 32
0 33
0 34
0 40
0 43
0 44
0 45
0 46
0 49
0 50
0 54
0 55
0 56
0 57
0 61
0 68
0 69
0 70
0 71
0 78
0 80
0 84
0 88
0 90
0 93
0 96
0 97
1 8
1 9
1 16
1 17
1 19
1 22
1 24
1 28
1 36
1 37
1 39
1 41
1 42
1 47
1 59
1 65
1 66
1 67
1 73
1 76
1 79
1 83
1 86
1 87
1 94
2 98
2 99
2 4
2 6
2 38
2 72
2 81
2 82
2 52
2 85
2 89
2 25
2 58
2 92
2 30
2 63
3 64
3 35
3 15
3 91
3 51
3 27
3 95
4 10
4 75
4 13
4 60
4 62
5 48
5 74
5 53
5 14
8 26
14 77
39
0 32
0 1
0 2
0 3
0 4
0 5
0 6
0 7
0 39
0 13
0 15
0 16
0 18
0 21
0 23
0 25
0 33
0 27
0 30
0 36
1 37
1 10
1 14
1 17
1 19
1 20
1 26
1 28
1 29
2 35
2 38
2 8
2 11
2 24
3 34
3 12
4 9
4 22
5 31
99
0 98
0 2
1 3
1 2
1 99
1 5
3 4
4 6
5 7
6 8
7 9
8 10
9 11
10 12
11 13
12 14
13 15
14 16
15 17
16 18
17 19
18 20
19 21
20 22
21 23
22 24
23 25
24 26
25 27
26 28
27 29
28 30
29 31
30 32
31 33
32 34
33 35
34 36
35 37
36 38
37 39
38 40
39 41
40 42
41 43
42 44
43 45
44 46
45 47
46 48
47 49
48 50
49 51
50 52
51 53
52 54
53 55
54 56
55 57
56 58
57 59
58 60
59 61
60 62
61 63
62 64
63 65
64 66
65 67
66 68
67 69
68 70
69 71
70 72
71 73
72 74
73 75
74 76
75 77
76 78
77 79
78 80
79 81
80 82
81 83
82 84
83 85
84 86
85 87
86 88
87 89
88 90
89 91
90 92
91 93
92 94
93 95
94 96
95 97
99
0 1
0 2
0 3
0 4
0 5
0 6
0 7
0 8
0 9
0 10
0 11
0 12
0 13
0 14
0 15
0 16
0 17
0 18
0 19
0 20
0 21
0 22
0 23
0 24
0 25
0 26
0 27
0 28
0 29
0 30
0 31
0 32
0 33
0 34
0 35
0 36
0 37
0 38
0 39
0 40
0 41
0 42
0 43
0 44
0 45
0 46
0 47
0 48
0 49
0 50
0 51
0 52
0 58
0 59
0 67
0 69
0 70
0 72
0 77
0 78
0 82
0 84
0 85
0 90
0 93
0 94
0 96
0 99
1 65
1 98
1 79
1 80
1 55
1 56
1 89
1 60
1 61
1 62
1 63
2 64
2 86
2 73
2 74
2 83
2 53
2 54
2 91
2 92
3 97
3 68
3 75
3 76
3 87
4 66
5 57
5 88
5 95
6 81
8 71
99
0 1
0 34
0 35
1 2
1 36
1 37
2 3
2 38
2 39
3 40
3 41
3 4
4 43
4 42
4 5
5 44
5 45
5 6
6 7
6 46
6 47
7 48
7 49
7 8
8 9
8 50
8 51
9 10
9 52
9 53
10 11
10 54
10 55
11 56
11 57
11 12
12 59
12 58
12 13
13 60
13 61
13 14
14 63
14 62
14 15
15 16
15 65
15 64
16 17
16 66
16 67
17 18
17 68
17 69
18 19
18 70
18 71
19 72
19 73
19 20
20 75
20 74
20 21
21 76
21 77
21 22
22 23
22 78
22 79
23 24
23 81
23 80
24 25
24 82
24 83
25 26
25 84
25 85
26 27
26 86
26 87
27 88
27 89
27 28
28 91
28 90
28 29
29 92
29 93
29 30
30 31
30 94
30 95
31 32
31 97
31 96
32 33
32 98
32 99
99
0 1
0 2
0 3
0 4
0 5
0 6
0 7
0 8
0 9
0 10
0 11
0 12
0 13
0 14
0 15
0 16
0 17
0 18
0 19
0 20
0 21
0 22
0 23
0 24
0 25
0 26
0 27
0 28
0 29
0 30
0 31
0 32
0 33
0 34
0 35
0 36
0 37
0 38
0 39
0 40
0 41
0 42
0 43
0 44
0 45
0 46
0 47
0 48
0 49
0 51
0 55
0 60
0 63
0 66
0 68
0 69
0 72
0 74
0 81
0 85
0 86
0 88
0 93
0 99
1 64
1 67
1 65
1 75
1 76
1 82
1 79
1 50
1 52
1 53
1 89
1 87
1 84
1 59
1 61
1 62
2 96
2 70
2 78
2 83
2 57
3 97
3 71
3 73
3 77
3 58
3 90
3 94
3 95
4 91
4 92
5 98
5 54
7 56
9 80
80
0 64
0 1
0 2
0 4
0 22
0 70
0 73
0 42
0 46
0 79
0 48
0 24
0 52
0 54
0 56
0 25
0 60
0 74
1 5
1 8
1 9
1 11
1 12
1 13
1 15
1 16
1 17
1 19
1 26
1 27
1 28
1 30
1 32
1 33
1 35
1 36
1 38
1 39
1 44
1 45
1 47
1 49
1 51
1 53
1 55
1 59
1 62
1 63
1 65
1 67
1 71
1 72
1 76
1 78
1 80
2 34
2 3
2 68
2 37
2 6
2 7
2 40
2 41
2 43
2 77
2 18
2 20
2 23
2 58
2 75
2 61
2 69
2 31
4 66
4 21
4 14
9 10
9 29
9 57
12 50
98
0 11
0 4
1 27
1 43
2 27
2 93
3 4
3 79
4 7
4 8
4 10
4 14
4 16
4 17
4 19
4 21
4 22
4 24
4 30
4 31
4 34
4 35
4 36
4 38
4 39
4 41
4 42
4 43
4 46
4 49
4 51
4 54
4 55
4 57
4 60
4 61
4 63
4 64
4 66
4 67
4 68
4 69
4 70
4 71
4 72
4 76
4 82
4 84
4 87
4 90
4 94
4 97
4 98
4 99
5 98
6 27
7 59
8 92
9 42
10 18
12 41
13 24
14 95
15 27
16 83
17 53
19 25
20 27
21 26
22 73
23 27
27 28
27 29
27 32
27 33
27 37
27 44
27 45
27 47
27 48
27 50
27 52
27 56
27 58
27 62
27 65
27 74
27 75
27 77
27 78
27 80
27 81
27 85
27 86
27 88
27 89
27 91
27 96
98
0 3
0 44
2 42
2 92
3 92
4 50
4 44
5 44
5 46
6 74
6 44
7 49
7 92
8 67
8 44
9 92
9 95
10 81
10 92
11 92
11 20
12 35
12 44
13 44
13 21
14 92
14 36
15 44
16 97
16 44
17 44
17 69
18 90
18 92
19 44
19 30
22 44
22 85
23 26
23 92
24 66
24 92
25 92
25 37
27 56
27 92
28 32
28 44
29 44
29 71
31 91
31 44
33 44
33 54
34 88
34 44
38 51
38 44
39 92
39 61
40 92
40 55
41 92
41 77
43 52
43 92
44 45
44 58
44 59
44 62
44 64
44 72
44 76
44 78
44 84
44 86
44 87
44 89
44 93
44 94
44 96
44 98
45 60
47 92
48 72
53 92
57 64
58 82
59 80
62 63
65 92
68 89
70 92
73 92
75 92
79 98
83 84
92 99
38
1 3
1 4
1 39
1 11
1 13
1 17
1 19
1 20
1 22
2 32
2 35
2 4
2 5
2 10
2 21
2 36
2 28
3 8
3 31
4 6
6 7
7 9
8 27
8 38
9 12
12 14
12 23
14 15
15 16
16 18
23 24
23 29
24 25
25 26
29 33
29 30
33 34
33 37
67
1 2
1 68
1 10
1 43
1 12
1 51
2 3
2 9
3 64
3 4
3 8
3 52
3 53
3 54
3 56
3 57
3 58
3 60
3 61
3 62
4 5
4 7
5 6
6 11
11 13
11 15
13 14
14 18
15 16
16 17
18 19
19 20
19 22
20 21
21 26
22 29
23 24
23 26
24 25
25 27
25 55
27 28
27 33
28 31
29 30
30 36
31 32
32 35
33 34
34 59
34 39
35 38
36 37
38 41
40 41
40 46
41 42
41 45
42 44
43 50
44 49
45 48
46 47
50 67
50 66
60 63
63 65
99
0 1
0 10
1 2
1 11
2 3
2 12
3 4
3 13
4 5
4 14
5 6
5 15
6 16
6 7
7 8
7 17
8 9
8 18
9 19
10 20
11 21
12 22
13 23
14 24
15 25
16 26
17 27
18 28
19 29
20 30
21 31
22 32
23 33
24 34
25 35
26 36
27 37
28 38
29 39
30 40
31 41
32 42
33 43
34 44
35 45
36 46
37 47
38 48
39 49
40 50
41 51
42 52
43 53
44 54
45 55
46 56
47 57
48 58
49 59
50 60
51 61
52 62
53 63
54 64
55 65
56 66
57 67
58 68
59 69
60 70
61 71
62 72
63 73
64 74
65 75
66 76
67 77
68 78
69 79
70 80
71 81
72 82
73 83
74 84
75 85
76 86
77 87
78 88
79 89
80 90
81 91
82 92
83 93
84 94
85 95
86 96
87 97
88 98
89 99
99
0 1
0 2
0 3
0 4
0 5
0 6
0 7
0 8
0 9
1 10
1 11
1 12
1 13
1 14
1 15
1 16
1 17
1 18
1 19
2 20
2 21
2 22
2 23
2 24
2 25
2 26
2 27
2 28
2 29
3 32
3 34
3 35
3 36
3 37
3 38
3 33
3 39
3 30
3 31
4 40
4 41
4 42
4 43
4 44
4 45
4 46
4 47
4 48
4 49
5 50
5 51
5 52
5 53
5 54
5 55
5 56
5 57
5 58
5 59
6 64
6 66
6 67
6 68
6 69
6 65
6 60
6 61
6 62
6 63
7 70
7 71
7 72
7 73
7 74
7 75
7 76
7 77
7 78
7 79
8 80
8 81
8 82
8 83
8 84
8 85
8 86
8 87
8 88
8 89
9 97
9 98
9 99
9 96
9 90
9 91
9 92
9 93
9 94
9 95
99
0 1
0 2
0 3
0 4
0 5
0 6
0 7
0 8
0 9
1 10
1 11
1 12
1 13
1 14
1 15
1 16
1 17
1 18
1 19
2 20
2 21
2 22
2 23
2 24
2 25
2 26
2 27
2 28
2 29
3 32
3 34
3 35
3 36
3 37
3 38
3 33
3 39
3 30
3 31
4 40
4 41
4 42
4 43
4 44
4 45
4 46
4 47
4 48
4 49
5 50
5 51
5 52
5 53
5 54
5 55
5 56
5 57
5 58
5 59
6 65
6 66
6 67
6 68
6 69
6 64
6 60
6 61
6 62
6 63
7 70
7 71
7 72
7 73
7 74
7 75
7 76
7 77
7 78
7 79
8 80
8 81
8 82
8 83
8 84
8 85
8 86
8 87
8 88
8 89
9 97
9 98
9 99
9 96
9 90
9 91
9 92
9 93
9 94
9 95
99
0 1
1 2
2 3
3 4
4 5
5 6
6 7
7 8
8 9
9 10
10 11
11 12
12 13
13 14
14 15
15 16
16 17
17 18
18 19
19 20
20 21
21 22
22 23
23 24
24 25
25 26
26 27
27 28
28 29
29 30
30 31
31 32
32 33
33 34
34 35
35 36
36 37
37 38
38 39
39 40
40 41
41 42
42 43
43 44
44 45
45 46
46 47
47 48
48 49
49 50
50 51
51 52
52 53
53 54
54 55
55 56
56 57
57 58
58 59
59 60
60 61
61 62
62 63
63 64
64 65
65 66
66 67
67 68
68 69
69 70
70 71
71 72
72 73
73 74
74 75
75 76
76 77
77 78
78 79
79 80
80 81
81 82
82 83
83 84
84 85
85 86
86 87
87 88
88 89
89 90
90 91
91 92
92 93
93 94
94 95
95 96
96 97
97 98
98 99
91
0 1
0 50
1 2
1 52
2 3
3 4
3 54
4 56
4 5
5 6
6 7
7 8
7 57
8 9
8 58
9 10
10 11
11 59
11 12
12 13
13 60
13 14
14 15
15 16
15 62
16 17
17 18
18 19
19 20
20 64
20 21
21 66
21 22
22 67
22 23
23 24
23 69
24 25
24 70
25 26
26 27
27 72
27 28
28 74
28 29
29 30
30 76
30 31
31 32
31 78
32 33
33 34
34 35
35 80
35 36
36 81
36 37
37 38
38 83
38 39
39 40
40 41
40 84
41 42
42 43
42 85
43 44
43 87
44 88
44 45
45 90
45 46
46 91
46 47
47 48
48 49
49 65
49 68
49 71
49 73
49 75
49 77
49 79
49 82
49 51
49 53
49 86
49 55
49 89
49 61
49 63
98
1 4
1 3
1 36
2 9
2 3
2 5
2 6
4 8
6 7
8 62
10 44
10 52
10 54
10 14
11 17
11 15
12 17
12 13
13 56
14 20
15 19
16 20
16 21
16 22
18 88
18 22
19 21
23 24
23 30
24 31
25 32
25 34
25 30
26 40
26 33
27 33
27 28
28 35
28 34
28 29
30 44
30 37
31 38
32 39
33 41
35 42
38 45
39 46
40 47
41 48
41 49
42 43
43 51
46 53
48 55
50 51
51 57
55 64
58 68
58 69
58 78
59 69
59 70
60 61
60 70
60 71
61 82
61 62
62 73
63 65
63 74
63 94
64 74
65 66
65 76
65 85
66 67
66 77
69 79
71 72
71 81
73 83
74 84
75 76
76 86
77 87
78 99
78 98
79 89
80 81
81 91
82 93
83 92
83 84
84 95
86 96
88 97
90 91
98
0 49
0 51
0 52
0 54
0 56
0 58
0 59
0 60
0 61
0 62
0 63
0 65
0 66
0 67
0 68
0 69
0 70
0 71
0 72
0 74
0 75
0 76
0 77
0 78
0 79
0 80
0 81
0 82
0 83
0 85
0 86
0 87
0 88
0 90
0 92
0 94
0 96
0 97
0 98
1 64
1 73
1 49
1 50
1 84
1 55
1 89
1 93
2 51
2 53
2 95
3 49
3 91
3 57
4 49
5 49
6 50
7 52
8 49
9 49
10 49
11 50
12 49
13 49
14 50
15 50
16 49
17 50
18 49
19 50
20 49
21 49
22 49
23 49
24 49
25 49
26 50
27 49
28 49
29 49
30 51
31 49
32 49
33 49
34 49
35 50
36 49
37 49
38 51
39 49
40 49
41 49
42 49
43 50
44 49
45 49
46 49
47 49
48 49
95
0 26
0 27
0 28
0 30
0 31
0 34
0 37
0 39
0 40
0 42
0 43
0 44
0 45
0 46
0 48
0 49
0 50
0 52
0 54
0 56
0 57
0 59
0 61
0 65
0 66
0 67
0 68
0 69
0 70
0 71
0 73
0 74
0 76
0 77
0 78
0 79
0 80
0 82
0 83
0 84
0 86
0 87
0 89
0 92
0 93
0 95
1 64
1 33
1 35
1 38
1 72
1 75
1 81
1 90
1 53
1 85
1 24
1 88
1 26
1 91
1 58
1 62
1 63
2 24
2 25
2 60
3 25
3 55
3 36
3 29
3 47
4 32
4 25
4 51
5 24
5 41
6 26
7 24
8 24
9 28
9 94
10 24
11 24
12 25
13 24
14 24
15 29
16 24
17 24
18 24
19 25
20 24
21 24
22 24
23 25
94
0 24
0 29
0 30
0 31
0 32
0 33
0 34
0 37
0 38
0 45
0 46
0 48
0 50
0 51
0 52
0 56
0 57
0 58
0 59
0 61
0 62
0 65
0 66
0 69
0 71
0 72
0 74
0 75
0 76
0 78
0 79
0 83
0 85
0 87
0 89
0 92
0 94
1 33
1 67
1 35
1 36
1 39
1 40
1 41
1 42
1 43
1 77
1 73
1 81
1 82
1 19
1 20
1 21
1 22
1 23
1 25
1 90
1 63
2 64
2 68
2 70
2 44
2 47
2 19
2 84
2 53
2 86
2 55
2 88
2 60
2 93
3 19
3 28
4 27
4 49
4 19
4 80
5 91
5 20
6 26
6 19
7 21
7 54
8 19
9 19
10 20
11 20
12 19
13 20
14 20
15 19
16 19
17 19
18 21
99
0 1
0 2
0 3
0 4
0 5
0 6
0 7
0 8
0 9
0 10
0 11
0 12
0 13
0 14
0 15
0 16
0 17
0 18
0 19
0 20
0 21
0 22
0 23
0 24
0 25
0 26
0 27
0 28
0 29
0 30
0 31
0 32
0 33
0 34
0 35
0 36
0 37
0 38
0 39
0 40
0 41
0 42
0 43
0 44
0 45
0 46
0 47
0 48
0 49
0 50
0 51
0 52
0 53
0 54
0 55
0 56
0 57
0 58
0 59
0 60
0 61
0 62
0 63
0 64
0 65
0 66
0 67
0 68
0 69
0 70
0 71
0 72
0 73
0 74
0 75
0 76
0 77
0 78
0 79
0 80
0 81
0 82
0 83
0 84
0 85
0 86
0 87
0 88
0 89
0 90
0 91
0 92
0 93
0 94
0 95
0 96
0 97
0 98
0 99
99
0 1
0 2
0 3
0 4
0 5
0 6
0 7
0 8
0 9
0 10
0 11
0 12
0 13
0 14
0 15
0 16
0 17
0 18
0 19
0 20
0 21
0 22
0 23
0 24
0 25
0 26
0 27
0 28
0 29
0 30
0 31
0 32
0 33
0 34
0 35
0 36
0 37
0 38
0 39
0 40
0 41
0 42
0 43
0 44
0 45
0 46
0 47
0 48
0 49
0 50
0 51
0 52
0 53
0 54
0 55
0 56
0 57
0 58
0 59
0 60
0 61
0 62
0 63
0 64
0 65
0 66
0 67
0 68
0 69
0 70
0 71
0 72
0 73
0 74
0 75
0 76
0 77
0 78
0 79
0 80
0 81
0 82
0 83
0 84
0 85
0 86
0 87
0 88
0 89
0 90
0 91
0 92
0 93
0 94
0 95
0 96
0 97
0 98
0 99
99
0 1
0 2
0 3
0 4
0 5
0 6
0 7
0 8
0 9
0 10
0 11
0 12
0 13
0 14
0 15
0 16
0 17
0 18
0 19
0 20
0 21
0 22
0 23
0 24
0 25
0 26
0 27
0 28
0 29
0 30
0 31
0 32
0 33
0 34
0 35
0 36
0 37
0 38
0 39
0 40
0 41
0 42
0 43
0 44
0 45
0 46
0 47
0 48
0 49
0 50
0 51
0 52
0 53
0 54
0 55
0 56
0 57
0 58
0 59
0 60
0 61
0 62
0 63
0 64
0 65
0 66
0 67
0 68
0 69
0 70
0 71
0 72
0 73
0 74
0 75
0 76
0 77
0 78
0 79
0 80
0 81
0 82
0 83
0 84
0 85
0 86
0 87
0 88
0 89
0 90
0 91
0 92
0 93
0 94
0 95
0 96
0 97
0 98
0 99
35
10 12
10 11
10 20
10 13
13 21
20 22
20 30
20 23
23 31
30 40
30 32
30 33
33 41
40 42
40 43
40 50
43 51
50 52
50 60
50 53
53 61
60 62
60 70
60 63
63 71
70 72
70 73
70 80
73 81
80 82
80 83
80 90
83 91
90 92
90 93
5
0 1
1 2
1 3
1 4
3 5
99
0 33
0 66
0 67
0 34
0 1
1 2
2 3
3 4
4 5
5 6
6 7
7 8
8 9
9 10
10 11
11 12
12 13
13 14
14 15
15 16
16 17
17 18
18 19
19 20
20 21
21 22
22 23
23 24
24 25
25 26
26 27
27 28
28 29
29 30
30 31
31 32
34 35
35 36
36 37
37 38
38 39
39 40
40 41
41 42
42 43
43 44
44 45
45 46
46 47
47 48
48 49
49 50
50 51
51 52
52 53
53 54
54 55
55 56
56 57
57 58
58 59
59 60
60 61
61 62
62 63
63 64
64 65
67 68
68 69
69 70
70 71
71 72
72 73
73 74
74 75
75 76
76 77
77 78
78 79
79 80
80 81
81 82
82 83
83 84
84 85
85 86
86 87
87 88
88 89
89 90
90 91
91 92
92 93
93 94
94 95
95 96
96 97
97 98
98 99
99
0 1
0 2
0 3
0 4
0 5
0 6
0 7
0 8
0 9
0 10
0 11
0 12
0 13
0 14
0 15
0 16
0 17
0 18
0 19
0 99
19 79
19 59
19 20
19 39
20 32
20 33
20 34
20 35
20 36
20 37
20 38
20 21
20 22
20 23
20 24
20 25
20 26
20 27
20 28
20 29
20 30
20 31
39 40
40 41
40 42
40 43
40 44
40 45
40 46
40 47
40 48
40 49
40 50
40 51
40 52
40 53
40 54
40 55
40 56
40 57
40 58
59 60
60 64
60 65
60 66
60 67
60 68
60 69
60 70
60 71
60 72
60 73
60 74
60 75
60 76
60 77
60 78
60 61
60 62
60 63
79 80
80 96
80 97
80 98
80 81
80 82
80 83
80 84
80 85
80 86
80 87
80 88
80 89
80 90
80 91
80 92
80 93
80 94
80 95
43
1 2
1 3
1 4
1 5
1 6
1 7
1 8
1 9
1 10
1 11
1 12
1 13
1 14
1 15
1 16
1 17
1 18
1 19
1 20
1 21
1 22
1 23
1 24
1 25
1 26
1 27
1 28
1 29
1 30
1 31
1 32
1 33
1 34
1 35
1 36
1 37
1 38
1 39
1 40
1 41
1 42
1 43
1 44
98
1 3
2 3
3 4
3 5
4 6
5 7
6 8
7 9
8 10
9 11
10 12
11 13
12 14
13 15
14 16
15 17
16 18
17 19
18 20
19 21
20 22
21 23
22 24
23 25
24 26
25 27
26 28
27 29
28 30
29 31
30 32
31 33
32 34
33 35
34 36
35 37
36 38
37 39
38 40
39 41
40 42
41 43
42 44
43 45
44 46
45 47
46 48
47 49
48 50
49 51
50 52
51 53
52 54
53 55
54 56
55 57
56 58
57 59
58 60
59 61
60 62
61 63
62 64
63 65
64 66
65 67
66 68
67 69
68 70
69 71
70 72
71 73
72 74
73 75
74 76
75 77
76 78
77 79
78 80
79 81
80 82
81 83
82 84
83 85
84 86
85 87
86 88
87 89
88 90
89 91
90 92
91 93
92 94
93 95
94 96
96 97
97 98
97 99
99
0 1
0 4
0 5
0 15
0 80
0 20
1 2
1 6
1 16
1 81
1 21
2 3
2 7
2 17
2 82
2 22
3 8
3 83
3 18
3 23
4 9
4 19
4 84
4 24
5 25
5 10
5 85
6 26
6 11
6 86
7 27
7 12
7 87
8 88
8 28
8 13
9 89
9 29
9 14
10 90
10 30
11 91
11 31
12 32
12 92
13 33
13 93
14 34
14 94
15 35
15 95
16 96
16 36
17 97
17 37
18 98
18 38
19 99
19 39
20 40
21 41
22 42
23 43
24 44
25 45
26 46
27 47
28 48
29 49
30 50
31 51
32 52
33 53
34 54
35 55
36 56
37 57
38 58
39 59
40 60
41 61
42 62
43 63
44 64
45 65
46 66
47 67
48 68
49 69
50 70
51 71
52 72
53 73
54 74
55 75
56 76
57 77
58 78
59 79
62
0 1
0 2
0 3
0 4
0 5
0 6
0 7
0 8
0 9
0 10
0 11
0 12
0 13
0 14
0 15
0 16
0 17
0 18
0 19
0 20
0 21
0 22
0 23
0 24
0 25
0 26
0 27
0 28
0 29
0 30
0 31
0 32
0 33
0 34
0 35
0 36
0 37
0 38
0 39
0 40
0 41
0 42
0 43
0 44
0 45
0 46
0 47
0 48
0 49
0 50
0 51
0 52
0 53
0 54
0 55
0 56
0 57
0 58
0 59
0 60
0 61
0 62
99
0 1
0 2
0 3
1 4
2 5
3 6
4 7
5 8
6 9
7 10
8 11
9 12
10 13
11 14
12 15
13 16
14 17
15 18
16 19
17 20
18 21
19 22
20 23
21 24
22 25
23 26
24 27
25 28
26 29
27 30
28 31
29 32
30 33
31 34
32 35
33 36
34 37
35 38
36 39
37 40
38 41
39 42
40 43
41 44
42 45
43 46
44 47
45 48
46 49
47 50
48 51
49 52
50 53
51 54
52 55
53 56
54 57
55 58
56 59
57 60
58 61
59 62
60 63
61 64
62 65
63 66
64 67
65 68
66 69
67 70
68 71
69 72
70 73
71 74
72 75
73 76
74 77
75 78
76 79
77 80
78 81
79 82
80 83
81 84
82 85
83 86
84 87
85 88
86 89
87 90
88 91
89 92
90 93
91 94
92 95
93 96
94 97
95 98
96 99
