3
99
0 17
1 49
2 17
3 17
4 17
5 90
6 90
7 27
8 17
9 49
10 17
11 90
12 27
13 17
14 49
15 27
16 27
17 22
17 28
17 30
17 36
17 37
17 40
17 46
17 52
17 57
17 60
17 62
17 67
17 70
17 82
17 83
17 88
17 99
18 27
19 27
20 49
21 27
23 90
24 49
25 49
26 49
27 28
27 31
27 33
27 39
27 43
27 48
27 54
27 56
27 58
27 59
27 61
27 65
27 66
27 68
27 69
27 76
27 79
27 97
28 49
28 90
29 90
32 90
34 49
35 90
38 49
41 49
42 49
44 90
45 49
47 90
49 50
49 51
49 55
49 63
49 73
49 74
49 84
49 89
49 91
49 93
49 95
49 96
53 90
64 90
71 90
72 90
75 90
77 90
78 90
80 90
81 90
85 90
86 90
87 90
90 92
90 94
90 98
99
0 37
1 37
2 37
3 37
4 86
5 80
6 37
7 8
7 9
7 12
7 17
7 19
7 20
7 22
7 23
7 28
7 29
7 34
7 36
7 43
7 45
7 46
7 48
7 50
7 53
7 59
7 62
7 71
7 73
7 74
7 76
7 85
10 37
11 80
13 86
14 86
15 86
16 80
18 86
21 37
24 37
25 86
26 37
27 80
30 80
31 80
32 37
33 80
35 80
37 40
37 41
37 42
37 46
37 54
37 56
37 58
37 60
37 67
37 69
37 84
37 90
37 91
37 97
37 99
38 86
39 80
44 86
46 80
46 86
47 80
49 80
51 80
52 80
55 86
57 80
61 86
63 86
64 86
65 86
66 86
68 86
70 86
72 86
75 80
77 80
78 80
79 86
80 83
80 88
80 89
80 92
80 95
80 98
81 86
82 86
86 87
86 93
86 94
86 96
100
0 96
0 1
0 68
0 5
0 65
0 71
0 42
0 45
0 79
0 17
0 82
0 62
0 92
0 94
1 35
1 36
1 72
1 77
1 15
1 22
1 4
2 32
2 97
2 5
2 39
2 13
2 19
2 53
2 89
2 26
2 29
2 30
2 69
3 41
3 11
3 18
3 46
3 47
3 49
3 50
3 83
3 55
3 61
3 31
4 90
4 12
4 52
5 33
5 99
5 43
5 14
5 51
5 86
5 31
6 88
6 58
6 59
6 70
6 31
7 56
8 18
9 95
9 78
9 80
9 27
9 60
9 63
10 64
11 34
11 87
11 56
11 91
11 95
16 38
18 66
18 93
20 25
21 64
21 81
21 67
21 38
21 95
23 62
24 64
25 40
25 75
25 37
25 85
28 56
31 98
31 44
37 48
37 38
38 73
38 84
54 56
56 76
57 85
62 100
74 85
